#
# There is insufficient memory for the Java Runtime Environment to continue.
# Native memory allocation (malloc) failed to allocate 423376 bytes. Error detail: Chunk::new
# Possible reasons:
#   The system is out of physical RAM or swap space
#   This process is running with CompressedOops enabled, and the Java Heap may be blocking the growth of the native heap
# Possible solutions:
#   Reduce memory load on the system
#   Increase physical memory or swap space
#   Check if swap backing store is full
#   Decrease Java heap size (-Xmx/-Xms)
#   Decrease number of Java threads
#   Decrease Java thread stack sizes (-Xss)
#   Set larger code cache with -XX:ReservedCodeCacheSize=
#   JVM is running with Unscaled Compressed Oops mode in which the Java heap is
#     placed in the first 4GB address space. The Java Heap base address is the
#     maximum limit for the native heap growth. Please use -XX:HeapBaseMinAddress
#     to set the Java Heap base and to place the Java Heap above 4GB virtual address.
# This output file may be truncated or incomplete.
#
#  Out of Memory Error (arena.cpp:168), pid=13740, tid=4772
#
# JRE version: OpenJDK Runtime Environment Temurin-21.0.10+7 (21.0.10+7) (build 21.0.10+7-LTS)
# Java VM: OpenJDK 64-Bit Server VM Temurin-21.0.10+7 (21.0.10+7-LTS, mixed mode, sharing, tiered, compressed oops, compressed class ptrs, g1 gc, windows-amd64)
# No core dump will be written. Minidumps are not enabled by default on client versions of Windows
#

---------------  S U M M A R Y ------------

Command Line: --add-modules=ALL-SYSTEM --add-opens=java.base/java.util=ALL-UNNAMED --add-opens=java.base/java.lang=ALL-UNNAMED --add-opens=java.base/sun.nio.fs=ALL-UNNAMED -Declipse.application=org.eclipse.jdt.ls.core.id1 -Dosgi.bundles.defaultStartLevel=4 -Declipse.product=org.eclipse.jdt.ls.core.product -Djava.import.generatesMetadataFilesAtProjectRoot=false -DDetectVMInstallationsJob.disabled=true -Dfile.encoding=utf8 -Xlog:disable -javaagent:c:\Users\91878\.vscode\extensions\redhat.java-1.53.0-win32-x64\lombok\lombok-1.18.39-4050.jar c:\Users\91878\.vscode\extensions\redhat.java-1.53.0-win32-x64\server\plugins\org.eclipse.equinox.launcher_1.7.100.v20251111-0406.jar -configuration c:\Users\91878\AppData\Roaming\Code\User\globalStorage\redhat.java\1.53.0\config_ss_win -data c:\Users\91878\AppData\Roaming\Code\User\workspaceStorage\7773cde8fc2acf502badf6c2c1cb5445\redhat.java\ss_ws --pipe=\\.\pipe\lsp-0b94cf277410cf736c17e6b279b76110-sock

Host: Intel(R) Core(TM) i5-10210U CPU @ 1.60GHz, 8 cores, 7G,  Windows 11 , 64 bit Build 26100 (10.0.26100.7920)
Time: Sun Apr 12 01:47:22 2026 India Standard Time elapsed time: 9.650411 seconds (0d 0h 0m 9s)

---------------  T H R E A D  ---------------

Current thread (0x000002196442d920):  JavaThread "C2 CompilerThread2" daemon [_thread_in_native, id=4772, stack(0x0000003265a00000,0x0000003265b00000) (1024K)]


Current CompileTask:
C2:9651 1264       4       java.io.DataInputStream::readUTF (501 bytes)

Stack: [0x0000003265a00000,0x0000003265b00000]
Native frames: (J=compiled Java code, j=interpreted, Vv=VM code, C=native code)
V  [jvm.dll+0x6d7a39]
V  [jvm.dll+0x8b4b26]
V  [jvm.dll+0x8b70de]
V  [jvm.dll+0x8b77c3]
V  [jvm.dll+0x284346]
V  [jvm.dll+0xc66ed]
V  [jvm.dll+0xc6c31]
V  [jvm.dll+0x3bec01]
V  [jvm.dll+0x1e3f69]
V  [jvm.dll+0x24c6b3]
V  [jvm.dll+0x24bb40]
V  [jvm.dll+0x1cb34e]
V  [jvm.dll+0x25b85d]
V  [jvm.dll+0x259dea]
V  [jvm.dll+0x3f857e]
V  [jvm.dll+0x85f59d]
V  [jvm.dll+0x6d626d]
C  [ucrtbase.dll+0x37b0]
C  [KERNEL32.DLL+0x2e8d7]
C  [ntdll.dll+0x8c48c]


---------------  P R O C E S S  ---------------

Threads class SMR info:
_java_thread_list=0x00000219644556f0, length=13, elements={
0x000002194c9f9b50, 0x00000219640ad7d0, 0x00000219640af8f0, 0x00000219640b91f0,
0x00000219640ba460, 0x00000219640baec0, 0x00000219640bb920, 0x00000219640bd7e0,
0x00000219640c1a60, 0x00000219643966e0, 0x00000219643e8780, 0x0000021964421130,
0x000002196442d920
}

Java Threads: ( => current thread )
  0x000002194c9f9b50 JavaThread "main"                              [_thread_in_native, id=2928, stack(0x0000003264700000,0x0000003264800000) (1024K)]
  0x00000219640ad7d0 JavaThread "Reference Handler"          daemon [_thread_blocked, id=19120, stack(0x0000003264f00000,0x0000003265000000) (1024K)]
  0x00000219640af8f0 JavaThread "Finalizer"                  daemon [_thread_blocked, id=18284, stack(0x0000003265000000,0x0000003265100000) (1024K)]
  0x00000219640b91f0 JavaThread "Signal Dispatcher"          daemon [_thread_blocked, id=21948, stack(0x0000003265100000,0x0000003265200000) (1024K)]
  0x00000219640ba460 JavaThread "Attach Listener"            daemon [_thread_blocked, id=7816, stack(0x0000003265200000,0x0000003265300000) (1024K)]
  0x00000219640baec0 JavaThread "Service Thread"             daemon [_thread_blocked, id=3172, stack(0x0000003265300000,0x0000003265400000) (1024K)]
  0x00000219640bb920 JavaThread "Monitor Deflation Thread"   daemon [_thread_blocked, id=4616, stack(0x0000003265400000,0x0000003265500000) (1024K)]
  0x00000219640bd7e0 JavaThread "C2 CompilerThread0"         daemon [_thread_in_native, id=3684, stack(0x0000003265500000,0x0000003265600000) (1024K)]
  0x00000219640c1a60 JavaThread "C1 CompilerThread0"         daemon [_thread_blocked, id=18072, stack(0x0000003265600000,0x0000003265700000) (1024K)]
  0x00000219643966e0 JavaThread "Common-Cleaner"             daemon [_thread_blocked, id=12880, stack(0x0000003265700000,0x0000003265800000) (1024K)]
  0x00000219643e8780 JavaThread "C2 CompilerThread1"         daemon [_thread_blocked, id=6640, stack(0x0000003265800000,0x0000003265900000) (1024K)]
  0x0000021964421130 JavaThread "Notification Thread"        daemon [_thread_blocked, id=13868, stack(0x0000003265900000,0x0000003265a00000) (1024K)]
=>0x000002196442d920 JavaThread "C2 CompilerThread2"         daemon [_thread_in_native, id=4772, stack(0x0000003265a00000,0x0000003265b00000) (1024K)]
Total: 13

Other Threads:
  0x000002196408d080 VMThread "VM Thread"                           [id=9244, stack(0x0000003264e00000,0x0000003264f00000) (1024K)]
  0x000002196407bb30 WatcherThread "VM Periodic Task Thread"        [id=9332, stack(0x0000003264d00000,0x0000003264e00000) (1024K)]
  0x000002194ca59180 WorkerThread "GC Thread#0"                     [id=15904, stack(0x0000003264800000,0x0000003264900000) (1024K)]
  0x0000021964ba19f0 WorkerThread "GC Thread#1"                     [id=15944, stack(0x0000003265b00000,0x0000003265c00000) (1024K)]
  0x0000021964ba1da0 WorkerThread "GC Thread#2"                     [id=6572, stack(0x0000003265c00000,0x0000003265d00000) (1024K)]
  0x0000021964c13530 WorkerThread "GC Thread#3"                     [id=13884, stack(0x0000003265d00000,0x0000003265e00000) (1024K)]
  0x0000021964666150 WorkerThread "GC Thread#4"                     [id=19908, stack(0x0000003265e00000,0x0000003265f00000) (1024K)]
  0x0000021964666500 WorkerThread "GC Thread#5"                     [id=6676, stack(0x0000003265f00000,0x0000003266000000) (1024K)]
  0x0000021964b4dc10 WorkerThread "GC Thread#6"                     [id=18088, stack(0x0000003266000000,0x0000003266100000) (1024K)]
  0x000002194ca69b40 ConcurrentGCThread "G1 Main Marker"            [id=20220, stack(0x0000003264900000,0x0000003264a00000) (1024K)]
  0x000002194ca6ad70 WorkerThread "G1 Conc#0"                       [id=8292, stack(0x0000003264a00000,0x0000003264b00000) (1024K)]
  0x0000021963f47d50 ConcurrentGCThread "G1 Refine#0"               [id=15720, stack(0x0000003264b00000,0x0000003264c00000) (1024K)]
  0x0000021963f486e0 ConcurrentGCThread "G1 Service"                [id=5348, stack(0x0000003264c00000,0x0000003264d00000) (1024K)]
Total: 13

Threads with active compile tasks:
C2 CompilerThread0  10708 1310 %     4       lombok.launch.PackageShader::apply @ 154 (252 bytes)
C1 CompilerThread0  10708 1320       3       java.net.URI::quote (214 bytes)
C2 CompilerThread2  10708 1264       4       java.io.DataInputStream::readUTF (501 bytes)
Total: 3

VM state: not at safepoint (normal execution)

VM Mutex/Monitor currently owned by a thread: None

Heap address: 0x0000000082a00000, size: 2006 MB, Compressed Oops mode: 32-bit

CDS archive(s) mapped at: [0x0000021900000000-0x0000021900ba0000-0x0000021900ba0000), size 12189696, SharedBaseAddress: 0x0000021900000000, ArchiveRelocationMode: 1.
Compressed class space mapped at: 0x0000021901000000-0x0000021941000000, reserved size: 1073741824
Narrow klass base: 0x0000021900000000, Narrow klass shift: 0, Narrow klass range: 0x100000000

GC Precious Log:
 CardTable entry size: 512
 Card Set container configuration: InlinePtr #cards 5 size 8 Array Of Cards #cards 12 size 40 Howl #buckets 4 coarsen threshold 1843 Howl Bitmap #cards 512 size 80 coarsen threshold 460 Card regions per heap region 1 cards per card region 2048
 CPUs: 8 total, 8 available
 Memory: 8020M
 Large Page Support: Disabled
 NUMA Support: Disabled
 Compressed Oops: Enabled (32-bit)
 Heap Region Size: 1M
 Heap Min Capacity: 8M
 Heap Initial Capacity: 126M
 Heap Max Capacity: 2006M
 Pre-touch: Disabled
 Parallel Workers: 8
 Concurrent Workers: 2
 Concurrent Refinement Workers: 8
 Periodic GC: Disabled

Heap:
 garbage-first heap   total 129024K, used 13042K [0x0000000082a00000, 0x0000000100000000)
  region size 1024K, 14 young (14336K), 3 survivors (3072K)
 Metaspace       used 6118K, committed 6400K, reserved 1114112K
  class space    used 627K, committed 768K, reserved 1048576K

Heap Regions: E=young(eden), S=young(survivor), O=old, HS=humongous(starts), HC=humongous(continues), CS=collection set, F=free, TAMS=top-at-mark-start, PB=parsable bottom
|   0|0x0000000082a00000, 0x0000000082abca00, 0x0000000082b00000| 73%| O|  |TAMS 0x0000000082a00000| PB 0x0000000082a00000| Untracked 
|   1|0x0000000082b00000, 0x0000000082b00000, 0x0000000082c00000|  0%| F|  |TAMS 0x0000000082b00000| PB 0x0000000082b00000| Untracked 
|   2|0x0000000082c00000, 0x0000000082c00000, 0x0000000082d00000|  0%| F|  |TAMS 0x0000000082c00000| PB 0x0000000082c00000| Untracked 
|   3|0x0000000082d00000, 0x0000000082d00000, 0x0000000082e00000|  0%| F|  |TAMS 0x0000000082d00000| PB 0x0000000082d00000| Untracked 
|   4|0x0000000082e00000, 0x0000000082e00000, 0x0000000082f00000|  0%| F|  |TAMS 0x0000000082e00000| PB 0x0000000082e00000| Untracked 
|   5|0x0000000082f00000, 0x0000000082f00000, 0x0000000083000000|  0%| F|  |TAMS 0x0000000082f00000| PB 0x0000000082f00000| Untracked 
|   6|0x0000000083000000, 0x0000000083000000, 0x0000000083100000|  0%| F|  |TAMS 0x0000000083000000| PB 0x0000000083000000| Untracked 
|   7|0x0000000083100000, 0x0000000083100000, 0x0000000083200000|  0%| F|  |TAMS 0x0000000083100000| PB 0x0000000083100000| Untracked 
|   8|0x0000000083200000, 0x0000000083200000, 0x0000000083300000|  0%| F|  |TAMS 0x0000000083200000| PB 0x0000000083200000| Untracked 
|   9|0x0000000083300000, 0x0000000083300000, 0x0000000083400000|  0%| F|  |TAMS 0x0000000083300000| PB 0x0000000083300000| Untracked 
|  10|0x0000000083400000, 0x0000000083400000, 0x0000000083500000|  0%| F|  |TAMS 0x0000000083400000| PB 0x0000000083400000| Untracked 
|  11|0x0000000083500000, 0x0000000083500000, 0x0000000083600000|  0%| F|  |TAMS 0x0000000083500000| PB 0x0000000083500000| Untracked 
|  12|0x0000000083600000, 0x0000000083600000, 0x0000000083700000|  0%| F|  |TAMS 0x0000000083600000| PB 0x0000000083600000| Untracked 
|  13|0x0000000083700000, 0x0000000083700000, 0x0000000083800000|  0%| F|  |TAMS 0x0000000083700000| PB 0x0000000083700000| Untracked 
|  14|0x0000000083800000, 0x0000000083800000, 0x0000000083900000|  0%| F|  |TAMS 0x0000000083800000| PB 0x0000000083800000| Untracked 
|  15|0x0000000083900000, 0x0000000083900000, 0x0000000083a00000|  0%| F|  |TAMS 0x0000000083900000| PB 0x0000000083900000| Untracked 
|  16|0x0000000083a00000, 0x0000000083a00000, 0x0000000083b00000|  0%| F|  |TAMS 0x0000000083a00000| PB 0x0000000083a00000| Untracked 
|  17|0x0000000083b00000, 0x0000000083b00000, 0x0000000083c00000|  0%| F|  |TAMS 0x0000000083b00000| PB 0x0000000083b00000| Untracked 
|  18|0x0000000083c00000, 0x0000000083c00000, 0x0000000083d00000|  0%| F|  |TAMS 0x0000000083c00000| PB 0x0000000083c00000| Untracked 
|  19|0x0000000083d00000, 0x0000000083d00000, 0x0000000083e00000|  0%| F|  |TAMS 0x0000000083d00000| PB 0x0000000083d00000| Untracked 
|  20|0x0000000083e00000, 0x0000000083e00000, 0x0000000083f00000|  0%| F|  |TAMS 0x0000000083e00000| PB 0x0000000083e00000| Untracked 
|  21|0x0000000083f00000, 0x0000000083f00000, 0x0000000084000000|  0%| F|  |TAMS 0x0000000083f00000| PB 0x0000000083f00000| Untracked 
|  22|0x0000000084000000, 0x0000000084000000, 0x0000000084100000|  0%| F|  |TAMS 0x0000000084000000| PB 0x0000000084000000| Untracked 
|  23|0x0000000084100000, 0x0000000084100000, 0x0000000084200000|  0%| F|  |TAMS 0x0000000084100000| PB 0x0000000084100000| Untracked 
|  24|0x0000000084200000, 0x0000000084200000, 0x0000000084300000|  0%| F|  |TAMS 0x0000000084200000| PB 0x0000000084200000| Untracked 
|  25|0x0000000084300000, 0x0000000084300000, 0x0000000084400000|  0%| F|  |TAMS 0x0000000084300000| PB 0x0000000084300000| Untracked 
|  26|0x0000000084400000, 0x0000000084400000, 0x0000000084500000|  0%| F|  |TAMS 0x0000000084400000| PB 0x0000000084400000| Untracked 
|  27|0x0000000084500000, 0x0000000084500000, 0x0000000084600000|  0%| F|  |TAMS 0x0000000084500000| PB 0x0000000084500000| Untracked 
|  28|0x0000000084600000, 0x0000000084600000, 0x0000000084700000|  0%| F|  |TAMS 0x0000000084600000| PB 0x0000000084600000| Untracked 
|  29|0x0000000084700000, 0x0000000084700000, 0x0000000084800000|  0%| F|  |TAMS 0x0000000084700000| PB 0x0000000084700000| Untracked 
|  30|0x0000000084800000, 0x0000000084800000, 0x0000000084900000|  0%| F|  |TAMS 0x0000000084800000| PB 0x0000000084800000| Untracked 
|  31|0x0000000084900000, 0x0000000084900000, 0x0000000084a00000|  0%| F|  |TAMS 0x0000000084900000| PB 0x0000000084900000| Untracked 
|  32|0x0000000084a00000, 0x0000000084a00000, 0x0000000084b00000|  0%| F|  |TAMS 0x0000000084a00000| PB 0x0000000084a00000| Untracked 
|  33|0x0000000084b00000, 0x0000000084b00000, 0x0000000084c00000|  0%| F|  |TAMS 0x0000000084b00000| PB 0x0000000084b00000| Untracked 
|  34|0x0000000084c00000, 0x0000000084c00000, 0x0000000084d00000|  0%| F|  |TAMS 0x0000000084c00000| PB 0x0000000084c00000| Untracked 
|  35|0x0000000084d00000, 0x0000000084d00000, 0x0000000084e00000|  0%| F|  |TAMS 0x0000000084d00000| PB 0x0000000084d00000| Untracked 
|  36|0x0000000084e00000, 0x0000000084e00000, 0x0000000084f00000|  0%| F|  |TAMS 0x0000000084e00000| PB 0x0000000084e00000| Untracked 
|  37|0x0000000084f00000, 0x0000000084f00000, 0x0000000085000000|  0%| F|  |TAMS 0x0000000084f00000| PB 0x0000000084f00000| Untracked 
|  38|0x0000000085000000, 0x0000000085000000, 0x0000000085100000|  0%| F|  |TAMS 0x0000000085000000| PB 0x0000000085000000| Untracked 
|  39|0x0000000085100000, 0x0000000085100000, 0x0000000085200000|  0%| F|  |TAMS 0x0000000085100000| PB 0x0000000085100000| Untracked 
|  40|0x0000000085200000, 0x0000000085200000, 0x0000000085300000|  0%| F|  |TAMS 0x0000000085200000| PB 0x0000000085200000| Untracked 
|  41|0x0000000085300000, 0x0000000085300000, 0x0000000085400000|  0%| F|  |TAMS 0x0000000085300000| PB 0x0000000085300000| Untracked 
|  42|0x0000000085400000, 0x0000000085400000, 0x0000000085500000|  0%| F|  |TAMS 0x0000000085400000| PB 0x0000000085400000| Untracked 
|  43|0x0000000085500000, 0x0000000085500000, 0x0000000085600000|  0%| F|  |TAMS 0x0000000085500000| PB 0x0000000085500000| Untracked 
|  44|0x0000000085600000, 0x0000000085600000, 0x0000000085700000|  0%| F|  |TAMS 0x0000000085600000| PB 0x0000000085600000| Untracked 
|  45|0x0000000085700000, 0x0000000085700000, 0x0000000085800000|  0%| F|  |TAMS 0x0000000085700000| PB 0x0000000085700000| Untracked 
|  46|0x0000000085800000, 0x0000000085800000, 0x0000000085900000|  0%| F|  |TAMS 0x0000000085800000| PB 0x0000000085800000| Untracked 
|  47|0x0000000085900000, 0x0000000085900000, 0x0000000085a00000|  0%| F|  |TAMS 0x0000000085900000| PB 0x0000000085900000| Untracked 
|  48|0x0000000085a00000, 0x0000000085a00000, 0x0000000085b00000|  0%| F|  |TAMS 0x0000000085a00000| PB 0x0000000085a00000| Untracked 
|  49|0x0000000085b00000, 0x0000000085b00000, 0x0000000085c00000|  0%| F|  |TAMS 0x0000000085b00000| PB 0x0000000085b00000| Untracked 
|  50|0x0000000085c00000, 0x0000000085c00000, 0x0000000085d00000|  0%| F|  |TAMS 0x0000000085c00000| PB 0x0000000085c00000| Untracked 
|  51|0x0000000085d00000, 0x0000000085d00000, 0x0000000085e00000|  0%| F|  |TAMS 0x0000000085d00000| PB 0x0000000085d00000| Untracked 
|  52|0x0000000085e00000, 0x0000000085e00000, 0x0000000085f00000|  0%| F|  |TAMS 0x0000000085e00000| PB 0x0000000085e00000| Untracked 
|  53|0x0000000085f00000, 0x0000000085f00000, 0x0000000086000000|  0%| F|  |TAMS 0x0000000085f00000| PB 0x0000000085f00000| Untracked 
|  54|0x0000000086000000, 0x0000000086000000, 0x0000000086100000|  0%| F|  |TAMS 0x0000000086000000| PB 0x0000000086000000| Untracked 
|  55|0x0000000086100000, 0x0000000086100000, 0x0000000086200000|  0%| F|  |TAMS 0x0000000086100000| PB 0x0000000086100000| Untracked 
|  56|0x0000000086200000, 0x0000000086200000, 0x0000000086300000|  0%| F|  |TAMS 0x0000000086200000| PB 0x0000000086200000| Untracked 
|  57|0x0000000086300000, 0x0000000086300000, 0x0000000086400000|  0%| F|  |TAMS 0x0000000086300000| PB 0x0000000086300000| Untracked 
|  58|0x0000000086400000, 0x0000000086400000, 0x0000000086500000|  0%| F|  |TAMS 0x0000000086400000| PB 0x0000000086400000| Untracked 
|  59|0x0000000086500000, 0x0000000086500000, 0x0000000086600000|  0%| F|  |TAMS 0x0000000086500000| PB 0x0000000086500000| Untracked 
|  60|0x0000000086600000, 0x0000000086600000, 0x0000000086700000|  0%| F|  |TAMS 0x0000000086600000| PB 0x0000000086600000| Untracked 
|  61|0x0000000086700000, 0x0000000086700000, 0x0000000086800000|  0%| F|  |TAMS 0x0000000086700000| PB 0x0000000086700000| Untracked 
|  62|0x0000000086800000, 0x0000000086800000, 0x0000000086900000|  0%| F|  |TAMS 0x0000000086800000| PB 0x0000000086800000| Untracked 
|  63|0x0000000086900000, 0x0000000086900000, 0x0000000086a00000|  0%| F|  |TAMS 0x0000000086900000| PB 0x0000000086900000| Untracked 
|  64|0x0000000086a00000, 0x0000000086a00000, 0x0000000086b00000|  0%| F|  |TAMS 0x0000000086a00000| PB 0x0000000086a00000| Untracked 
|  65|0x0000000086b00000, 0x0000000086b00000, 0x0000000086c00000|  0%| F|  |TAMS 0x0000000086b00000| PB 0x0000000086b00000| Untracked 
|  66|0x0000000086c00000, 0x0000000086c00000, 0x0000000086d00000|  0%| F|  |TAMS 0x0000000086c00000| PB 0x0000000086c00000| Untracked 
|  67|0x0000000086d00000, 0x0000000086d00000, 0x0000000086e00000|  0%| F|  |TAMS 0x0000000086d00000| PB 0x0000000086d00000| Untracked 
|  68|0x0000000086e00000, 0x0000000086e00000, 0x0000000086f00000|  0%| F|  |TAMS 0x0000000086e00000| PB 0x0000000086e00000| Untracked 
|  69|0x0000000086f00000, 0x0000000086f00000, 0x0000000087000000|  0%| F|  |TAMS 0x0000000086f00000| PB 0x0000000086f00000| Untracked 
|  70|0x0000000087000000, 0x0000000087000000, 0x0000000087100000|  0%| F|  |TAMS 0x0000000087000000| PB 0x0000000087000000| Untracked 
|  71|0x0000000087100000, 0x0000000087100000, 0x0000000087200000|  0%| F|  |TAMS 0x0000000087100000| PB 0x0000000087100000| Untracked 
|  72|0x0000000087200000, 0x0000000087200000, 0x0000000087300000|  0%| F|  |TAMS 0x0000000087200000| PB 0x0000000087200000| Untracked 
|  73|0x0000000087300000, 0x0000000087300000, 0x0000000087400000|  0%| F|  |TAMS 0x0000000087300000| PB 0x0000000087300000| Untracked 
|  74|0x0000000087400000, 0x0000000087400000, 0x0000000087500000|  0%| F|  |TAMS 0x0000000087400000| PB 0x0000000087400000| Untracked 
|  75|0x0000000087500000, 0x0000000087500000, 0x0000000087600000|  0%| F|  |TAMS 0x0000000087500000| PB 0x0000000087500000| Untracked 
|  76|0x0000000087600000, 0x0000000087600000, 0x0000000087700000|  0%| F|  |TAMS 0x0000000087600000| PB 0x0000000087600000| Untracked 
|  77|0x0000000087700000, 0x0000000087700000, 0x0000000087800000|  0%| F|  |TAMS 0x0000000087700000| PB 0x0000000087700000| Untracked 
|  78|0x0000000087800000, 0x0000000087800000, 0x0000000087900000|  0%| F|  |TAMS 0x0000000087800000| PB 0x0000000087800000| Untracked 
|  79|0x0000000087900000, 0x0000000087900000, 0x0000000087a00000|  0%| F|  |TAMS 0x0000000087900000| PB 0x0000000087900000| Untracked 
|  80|0x0000000087a00000, 0x0000000087a00000, 0x0000000087b00000|  0%| F|  |TAMS 0x0000000087a00000| PB 0x0000000087a00000| Untracked 
|  81|0x0000000087b00000, 0x0000000087b00000, 0x0000000087c00000|  0%| F|  |TAMS 0x0000000087b00000| PB 0x0000000087b00000| Untracked 
|  82|0x0000000087c00000, 0x0000000087c00000, 0x0000000087d00000|  0%| F|  |TAMS 0x0000000087c00000| PB 0x0000000087c00000| Untracked 
|  83|0x0000000087d00000, 0x0000000087d00000, 0x0000000087e00000|  0%| F|  |TAMS 0x0000000087d00000| PB 0x0000000087d00000| Untracked 
|  84|0x0000000087e00000, 0x0000000087e00000, 0x0000000087f00000|  0%| F|  |TAMS 0x0000000087e00000| PB 0x0000000087e00000| Untracked 
|  85|0x0000000087f00000, 0x0000000087f00000, 0x0000000088000000|  0%| F|  |TAMS 0x0000000087f00000| PB 0x0000000087f00000| Untracked 
|  86|0x0000000088000000, 0x0000000088000000, 0x0000000088100000|  0%| F|  |TAMS 0x0000000088000000| PB 0x0000000088000000| Untracked 
|  87|0x0000000088100000, 0x0000000088100000, 0x0000000088200000|  0%| F|  |TAMS 0x0000000088100000| PB 0x0000000088100000| Untracked 
|  88|0x0000000088200000, 0x0000000088200000, 0x0000000088300000|  0%| F|  |TAMS 0x0000000088200000| PB 0x0000000088200000| Untracked 
|  89|0x0000000088300000, 0x0000000088300000, 0x0000000088400000|  0%| F|  |TAMS 0x0000000088300000| PB 0x0000000088300000| Untracked 
|  90|0x0000000088400000, 0x0000000088400000, 0x0000000088500000|  0%| F|  |TAMS 0x0000000088400000| PB 0x0000000088400000| Untracked 
|  91|0x0000000088500000, 0x0000000088500000, 0x0000000088600000|  0%| F|  |TAMS 0x0000000088500000| PB 0x0000000088500000| Untracked 
|  92|0x0000000088600000, 0x0000000088600000, 0x0000000088700000|  0%| F|  |TAMS 0x0000000088600000| PB 0x0000000088600000| Untracked 
|  93|0x0000000088700000, 0x0000000088700000, 0x0000000088800000|  0%| F|  |TAMS 0x0000000088700000| PB 0x0000000088700000| Untracked 
|  94|0x0000000088800000, 0x0000000088800000, 0x0000000088900000|  0%| F|  |TAMS 0x0000000088800000| PB 0x0000000088800000| Untracked 
|  95|0x0000000088900000, 0x0000000088900000, 0x0000000088a00000|  0%| F|  |TAMS 0x0000000088900000| PB 0x0000000088900000| Untracked 
|  96|0x0000000088a00000, 0x0000000088a00000, 0x0000000088b00000|  0%| F|  |TAMS 0x0000000088a00000| PB 0x0000000088a00000| Untracked 
|  97|0x0000000088b00000, 0x0000000088b00000, 0x0000000088c00000|  0%| F|  |TAMS 0x0000000088b00000| PB 0x0000000088b00000| Untracked 
|  98|0x0000000088c00000, 0x0000000088c00000, 0x0000000088d00000|  0%| F|  |TAMS 0x0000000088c00000| PB 0x0000000088c00000| Untracked 
|  99|0x0000000088d00000, 0x0000000088d00000, 0x0000000088e00000|  0%| F|  |TAMS 0x0000000088d00000| PB 0x0000000088d00000| Untracked 
| 100|0x0000000088e00000, 0x0000000088f00000, 0x0000000088f00000|100%| S|CS|TAMS 0x0000000088e00000| PB 0x0000000088e00000| Complete 
| 101|0x0000000088f00000, 0x0000000089000000, 0x0000000089000000|100%| S|CS|TAMS 0x0000000088f00000| PB 0x0000000088f00000| Complete 
| 102|0x0000000089000000, 0x0000000089100000, 0x0000000089100000|100%| S|CS|TAMS 0x0000000089000000| PB 0x0000000089000000| Complete 
| 103|0x0000000089100000, 0x0000000089100000, 0x0000000089200000|  0%| F|  |TAMS 0x0000000089100000| PB 0x0000000089100000| Untracked 
| 104|0x0000000089200000, 0x0000000089200000, 0x0000000089300000|  0%| F|  |TAMS 0x0000000089200000| PB 0x0000000089200000| Untracked 
| 105|0x0000000089300000, 0x0000000089300000, 0x0000000089400000|  0%| F|  |TAMS 0x0000000089300000| PB 0x0000000089300000| Untracked 
| 106|0x0000000089400000, 0x0000000089400000, 0x0000000089500000|  0%| F|  |TAMS 0x0000000089400000| PB 0x0000000089400000| Untracked 
| 107|0x0000000089500000, 0x0000000089500000, 0x0000000089600000|  0%| F|  |TAMS 0x0000000089500000| PB 0x0000000089500000| Untracked 
| 108|0x0000000089600000, 0x0000000089600000, 0x0000000089700000|  0%| F|  |TAMS 0x0000000089600000| PB 0x0000000089600000| Untracked 
| 109|0x0000000089700000, 0x0000000089700000, 0x0000000089800000|  0%| F|  |TAMS 0x0000000089700000| PB 0x0000000089700000| Untracked 
| 110|0x0000000089800000, 0x0000000089800000, 0x0000000089900000|  0%| F|  |TAMS 0x0000000089800000| PB 0x0000000089800000| Untracked 
| 111|0x0000000089900000, 0x0000000089900000, 0x0000000089a00000|  0%| F|  |TAMS 0x0000000089900000| PB 0x0000000089900000| Untracked 
| 112|0x0000000089a00000, 0x0000000089a00000, 0x0000000089b00000|  0%| F|  |TAMS 0x0000000089a00000| PB 0x0000000089a00000| Untracked 
| 113|0x0000000089b00000, 0x0000000089b00000, 0x0000000089c00000|  0%| F|  |TAMS 0x0000000089b00000| PB 0x0000000089b00000| Untracked 
| 114|0x0000000089c00000, 0x0000000089c00000, 0x0000000089d00000|  0%| F|  |TAMS 0x0000000089c00000| PB 0x0000000089c00000| Untracked 
| 115|0x0000000089d00000, 0x0000000089de6120, 0x0000000089e00000| 89%| E|  |TAMS 0x0000000089d00000| PB 0x0000000089d00000| Complete 
| 116|0x0000000089e00000, 0x0000000089f00000, 0x0000000089f00000|100%| E|  |TAMS 0x0000000089e00000| PB 0x0000000089e00000| Complete 
| 117|0x0000000089f00000, 0x000000008a000000, 0x000000008a000000|100%| E|CS|TAMS 0x0000000089f00000| PB 0x0000000089f00000| Complete 
| 118|0x000000008a000000, 0x000000008a100000, 0x000000008a100000|100%| E|CS|TAMS 0x000000008a000000| PB 0x000000008a000000| Complete 
| 119|0x000000008a100000, 0x000000008a200000, 0x000000008a200000|100%| E|CS|TAMS 0x000000008a100000| PB 0x000000008a100000| Complete 
| 120|0x000000008a200000, 0x000000008a300000, 0x000000008a300000|100%| E|CS|TAMS 0x000000008a200000| PB 0x000000008a200000| Complete 
| 121|0x000000008a300000, 0x000000008a400000, 0x000000008a400000|100%| E|CS|TAMS 0x000000008a300000| PB 0x000000008a300000| Complete 
| 122|0x000000008a400000, 0x000000008a500000, 0x000000008a500000|100%| E|CS|TAMS 0x000000008a400000| PB 0x000000008a400000| Complete 
| 123|0x000000008a500000, 0x000000008a600000, 0x000000008a600000|100%| E|CS|TAMS 0x000000008a500000| PB 0x000000008a500000| Complete 
| 124|0x000000008a600000, 0x000000008a700000, 0x000000008a700000|100%| E|CS|TAMS 0x000000008a600000| PB 0x000000008a600000| Complete 
| 125|0x000000008a700000, 0x000000008a800000, 0x000000008a800000|100%| E|CS|TAMS 0x000000008a700000| PB 0x000000008a700000| Complete 

Card table byte_map: [0x000002195f330000,0x000002195f720000] _byte_map_base: 0x000002195ef1b000

Marking Bits: (CMBitMap*) 0x000002194ca597a0
 Bits: [0x000002195f720000, 0x0000021961678000)

Polling page: 0x000002194a6c0000

Metaspace:

Usage:
  Non-class:      5.38 MB used.
      Class:    630.70 KB used.
       Both:      6.00 MB used.

Virtual space:
  Non-class space:       64.00 MB reserved,       5.50 MB (  9%) committed,  1 nodes.
      Class space:        1.00 GB reserved,     768.00 KB ( <1%) committed,  1 nodes.
             Both:        1.06 GB reserved,       6.25 MB ( <1%) committed. 

Chunk freelists:
   Non-Class:  9.94 MB
       Class:  15.06 MB
        Both:  25.00 MB

MaxMetaspaceSize: unlimited
CompressedClassSpaceSize: 1.00 GB
Initial GC threshold: 21.00 MB
Current GC threshold: 21.00 MB
CDS: on
 - commit_granule_bytes: 65536.
 - commit_granule_words: 8192.
 - virtual_space_node_default_size: 8388608.
 - enlarge_chunks_in_place: 1.
 - use_allocation_guard: 0.


Internal statistics:

num_allocs_failed_limit: 0.
num_arena_births: 190.
num_arena_deaths: 0.
num_vsnodes_births: 2.
num_vsnodes_deaths: 0.
num_space_committed: 100.
num_space_uncommitted: 0.
num_chunks_returned_to_freelist: 0.
num_chunks_taken_from_freelist: 318.
num_chunk_merges: 0.
num_chunk_splits: 204.
num_chunks_enlarged: 130.
num_inconsistent_stats: 0.

CodeHeap 'non-profiled nmethods': size=120000Kb used=563Kb max_used=563Kb free=119436Kb
 bounds [0x00000219576d0000, 0x0000021957940000, 0x000002195ec00000]
CodeHeap 'profiled nmethods': size=120000Kb used=2233Kb max_used=2233Kb free=117766Kb
 bounds [0x000002194fc00000, 0x000002194fe70000, 0x0000021957130000]
CodeHeap 'non-nmethods': size=5760Kb used=1307Kb max_used=1342Kb free=4452Kb
 bounds [0x0000021957130000, 0x00000219573a0000, 0x00000219576d0000]
CodeCache: size=245760Kb, used=4103Kb, max_used=4138Kb, free=241654Kb
 total_blobs=1798, nmethods=1325, adapters=378, full_count=0
Compilation: enabled, stopped_count=0, restarted_count=0

Compilation events (20 events):
Event: 7.612 Thread 0x00000219640c1a60 nmethod 1306 0x000002194fe23790 code [0x000002194fe23940, 0x000002194fe23b78]
Event: 7.614 Thread 0x00000219640c1a60 1307       3       sun.net.util.IPAddressUtil::checkHostString (64 bytes)
Event: 7.614 Thread 0x00000219640c1a60 nmethod 1307 0x000002194fe23c90 code [0x000002194fe23e60, 0x000002194fe24068]
Event: 7.617 Thread 0x00000219640bd7e0 nmethod 1290 0x0000021957756c10 code [0x0000021957756e00, 0x00000219577572d0]
Event: 7.617 Thread 0x00000219640bd7e0 1288       4       java.io.DataInputStream::readUnsignedByte (22 bytes)
Event: 7.617 Thread 0x00000219640c1a60 1308       3       java.lang.ClassLoader::defineClass (43 bytes)
Event: 7.618 Thread 0x00000219640c1a60 nmethod 1308 0x000002194fe24110 code [0x000002194fe24320, 0x000002194fe24830]
Event: 7.618 Thread 0x00000219640c1a60 1309       3       java.lang.ClassLoader::preDefineClass (118 bytes)
Event: 7.619 Thread 0x00000219640c1a60 nmethod 1309 0x000002194fe24a90 code [0x000002194fe24e00, 0x000002194fe25fa0]
Event: 7.620 Thread 0x00000219640c1a60 1311   !   3       java.lang.ClassLoader::addClass (27 bytes)
Event: 7.621 Thread 0x00000219640c1a60 nmethod 1311 0x000002194fe26690 code [0x000002194fe26880, 0x000002194fe26e40]
Event: 7.621 Thread 0x00000219640c1a60 1312       3       java.lang.ClassLoader::getNamedPackage (73 bytes)
Event: 7.621 Thread 0x00000219640c1a60 nmethod 1312 0x000002194fe27190 code [0x000002194fe27380, 0x000002194fe278e0]
Event: 7.621 Thread 0x00000219640c1a60 1313       3       java.io.FileSystem::hasBooleanAttributes (17 bytes)
Event: 7.622 Thread 0x00000219640c1a60 nmethod 1313 0x000002194fe27a90 code [0x000002194fe27c40, 0x000002194fe27df0]
Event: 7.622 Thread 0x00000219640c1a60 1314   !   3       java.io.WinNTFileSystem::getBooleanAttributes (27 bytes)
Event: 7.622 Thread 0x00000219640c1a60 nmethod 1314 0x000002194fe27e90 code [0x000002194fe28060, 0x000002194fe28278]
Event: 7.623 Thread 0x00000219640bd7e0 nmethod 1288 0x0000021957757790 code [0x0000021957757980, 0x0000021957757eb0]
Event: 7.623 Thread 0x00000219643e8780 nmethod 1281 0x0000021957758390 code [0x0000021957758600, 0x0000021957759220]
Event: 7.625 Thread 0x00000219640bd7e0 1310 %     4       lombok.launch.PackageShader::apply @ 154 (252 bytes)

GC Heap History (2 events):
Event: 7.228 GC heap before
{Heap before GC invocations=0 (full 0):
 garbage-first heap   total 129024K, used 22528K [0x0000000082a00000, 0x0000000100000000)
  region size 1024K, 23 young (23552K), 0 survivors (0K)
 Metaspace       used 4107K, committed 4352K, reserved 1114112K
  class space    used 454K, committed 576K, reserved 1048576K
}
Event: 7.243 GC heap after
{Heap after GC invocations=1 (full 0):
 garbage-first heap   total 129024K, used 3826K [0x0000000082a00000, 0x0000000100000000)
  region size 1024K, 3 young (3072K), 3 survivors (3072K)
 Metaspace       used 4107K, committed 4352K, reserved 1114112K
  class space    used 454K, committed 576K, reserved 1048576K
}

Dll operation events (8 events):
Event: 0.025 Loaded shared library c:\Users\91878\.vscode\extensions\redhat.java-1.53.0-win32-x64\jre\21.0.10-win32-x86_64\bin\java.dll
Event: 1.186 Loaded shared library c:\Users\91878\.vscode\extensions\redhat.java-1.53.0-win32-x64\jre\21.0.10-win32-x86_64\bin\zip.dll
Event: 1.235 Loaded shared library C:\Users\91878\.vscode\extensions\redhat.java-1.53.0-win32-x64\jre\21.0.10-win32-x86_64\bin\instrument.dll
Event: 1.242 Loaded shared library C:\Users\91878\.vscode\extensions\redhat.java-1.53.0-win32-x64\jre\21.0.10-win32-x86_64\bin\net.dll
Event: 1.245 Loaded shared library C:\Users\91878\.vscode\extensions\redhat.java-1.53.0-win32-x64\jre\21.0.10-win32-x86_64\bin\nio.dll
Event: 1.248 Loaded shared library C:\Users\91878\.vscode\extensions\redhat.java-1.53.0-win32-x64\jre\21.0.10-win32-x86_64\bin\zip.dll
Event: 1.271 Loaded shared library C:\Users\91878\.vscode\extensions\redhat.java-1.53.0-win32-x64\jre\21.0.10-win32-x86_64\bin\jimage.dll
Event: 2.468 Loaded shared library c:\Users\91878\.vscode\extensions\redhat.java-1.53.0-win32-x64\jre\21.0.10-win32-x86_64\bin\verify.dll

Deoptimization events (20 events):
Event: 7.431 Thread 0x000002194c9f9b50 DEOPT PACKING pc=0x0000021957735bd4 sp=0x00000032647fe820
Event: 7.431 Thread 0x000002194c9f9b50 DEOPT UNPACKING pc=0x0000021957184422 sp=0x00000032647fe728 mode 2
Event: 7.431 Thread 0x000002194c9f9b50 Uncommon trap: trap_request=0xffffff45 fr.pc=0x0000021957732f54 relative=0x00000000000000b4
Event: 7.431 Thread 0x000002194c9f9b50 Uncommon trap: reason=unstable_if action=reinterpret pc=0x0000021957732f54 method=java.util.HashMap.hash(Ljava/lang/Object;)I @ 1 c2
Event: 7.431 Thread 0x000002194c9f9b50 DEOPT PACKING pc=0x0000021957732f54 sp=0x00000032647fe8d0
Event: 7.431 Thread 0x000002194c9f9b50 DEOPT UNPACKING pc=0x0000021957184422 sp=0x00000032647fe868 mode 2
Event: 7.431 Thread 0x000002194c9f9b50 Uncommon trap: trap_request=0xffffffde fr.pc=0x000002195771473c relative=0x000000000000069c
Event: 7.431 Thread 0x000002194c9f9b50 Uncommon trap: reason=class_check action=maybe_recompile pc=0x000002195771473c method=java.util.Collections$UnmodifiableCollection$1.<init>(Ljava/util/Collections$UnmodifiableCollection;)V @ 17 c2
Event: 7.431 Thread 0x000002194c9f9b50 DEOPT PACKING pc=0x000002195771473c sp=0x00000032647fe8e0
Event: 7.431 Thread 0x000002194c9f9b50 DEOPT UNPACKING pc=0x0000021957184422 sp=0x00000032647fe848 mode 2
Event: 7.531 Thread 0x000002194c9f9b50 Uncommon trap: trap_request=0xffffff45 fr.pc=0x000002195771f6fc relative=0x000000000000019c
Event: 7.531 Thread 0x000002194c9f9b50 Uncommon trap: reason=unstable_if action=reinterpret pc=0x000002195771f6fc method=java.lang.invoke.VarHandle.checkAccessModeThenIsDirect(Ljava/lang/invoke/VarHandle$AccessDescriptor;)Z @ 4 c2
Event: 7.531 Thread 0x000002194c9f9b50 DEOPT PACKING pc=0x000002195771f6fc sp=0x00000032647fe8b0
Event: 7.531 Thread 0x000002194c9f9b50 DEOPT UNPACKING pc=0x0000021957184422 sp=0x00000032647fe808 mode 2
Event: 7.605 Thread 0x000002194c9f9b50 Uncommon trap: trap_request=0xffffff45 fr.pc=0x0000021957730658 relative=0x00000000000014b8
Event: 7.605 Thread 0x000002194c9f9b50 Uncommon trap: reason=unstable_if action=reinterpret pc=0x0000021957730658 method=lombok.patcher.PatchScript.classMatches(Ljava/lang/String;Ljava/util/Collection;)Z @ 25 c2
Event: 7.605 Thread 0x000002194c9f9b50 DEOPT PACKING pc=0x0000021957730658 sp=0x00000032647f8bb0
Event: 7.605 Thread 0x000002194c9f9b50 DEOPT UNPACKING pc=0x0000021957184422 sp=0x00000032647f8b38 mode 2
Event: 7.607 Thread 0x000002194c9f9b50 DEOPT PACKING pc=0x000002194fca1c8d sp=0x00000032647f8020
Event: 7.607 Thread 0x000002194c9f9b50 DEOPT UNPACKING pc=0x0000021957184bc2 sp=0x00000032647f74d0 mode 0

Classes loaded (20 events):
Event: 7.563 Loading class java/util/concurrent/SynchronousQueue$Transferer
Event: 7.564 Loading class java/util/concurrent/LinkedTransferQueue
Event: 7.564 Loading class java/util/concurrent/TransferQueue
Event: 7.564 Loading class java/util/concurrent/TransferQueue done
Event: 7.564 Loading class java/util/concurrent/LinkedTransferQueue done
Event: 7.564 Loading class java/util/concurrent/SynchronousQueue$Transferer done
Event: 7.564 Loading class java/util/concurrent/LinkedTransferQueue$DualNode
Event: 7.564 Loading class java/util/concurrent/LinkedTransferQueue$DualNode done
Event: 7.565 Loading class java/util/concurrent/RejectedExecutionHandler
Event: 7.565 Loading class java/util/concurrent/RejectedExecutionHandler done
Event: 7.565 Loading class java/util/concurrent/LinkedBlockingQueue
Event: 7.565 Loading class java/util/concurrent/LinkedBlockingQueue done
Event: 7.565 Loading class java/util/concurrent/LinkedBlockingQueue$Node
Event: 7.565 Loading class java/util/concurrent/LinkedBlockingQueue$Node done
Event: 7.574 Loading class java/util/concurrent/Semaphore$NonfairSync
Event: 7.574 Loading class java/util/concurrent/Semaphore$Sync
Event: 7.575 Loading class java/util/concurrent/Semaphore$Sync done
Event: 7.575 Loading class java/util/concurrent/Semaphore$NonfairSync done
Event: 7.613 Loading class java/lang/TypeNotPresentException
Event: 7.613 Loading class java/lang/TypeNotPresentException done

Classes unloaded (0 events):
No events

Classes redefined (0 events):
No events

Internal exceptions (20 events):
Event: 3.727 Thread 0x000002194c9f9b50 Exception <a 'java/io/FileNotFoundException'{0x00000000899c26c8}> (0x00000000899c26c8) 
thrown [s\src\hotspot\share\prims\jni.cpp, line 520]
Event: 3.727 Thread 0x000002194c9f9b50 Exception <a 'java/io/FileNotFoundException'{0x00000000899c3340}> (0x00000000899c3340) 
thrown [s\src\hotspot\share\prims\jni.cpp, line 520]
Event: 3.727 Thread 0x000002194c9f9b50 Exception <a 'java/io/FileNotFoundException'{0x00000000899c3e80}> (0x00000000899c3e80) 
thrown [s\src\hotspot\share\prims\jni.cpp, line 520]
Event: 3.730 Thread 0x000002194c9f9b50 Implicit null exception at 0x00000219576ff124 to 0x00000219576ff7bc
Event: 3.732 Thread 0x000002194c9f9b50 Exception <a 'java/io/FileNotFoundException'{0x00000000899fe010}> (0x00000000899fe010) 
thrown [s\src\hotspot\share\prims\jni.cpp, line 520]
Event: 3.743 Thread 0x000002194c9f9b50 Exception <a 'java/lang/NoSuchMethodError'{0x000000008983ac88}: 'java.lang.Object java.lang.invoke.DirectMethodHandle$Holder.invokeInterface(java.lang.Object, java.lang.Object)'> (0x000000008983ac88) 
thrown [s\src\hotspot\share\interpreter\linkResolver.cpp, line 773]
Event: 3.747 Thread 0x000002194c9f9b50 Exception <a 'java/lang/NoSuchMethodError'{0x000000008984e6f8}: 'java.lang.Object java.lang.invoke.Invokers$Holder.invokeExact_MT(java.lang.Object, java.lang.Object, java.lang.Object, java.lang.Object, java.lang.Object, java.lang.Object)'> (0x000000008984e6f8) 
thrown [s\src\hotspot\share\interpreter\linkResolver.cpp, line 773]
Event: 3.753 Thread 0x000002194c9f9b50 Exception <a 'java/lang/NoSuchMethodError'{0x00000000898657d0}: 'int java.lang.invoke.DirectMethodHandle$Holder.invokeStatic(java.lang.Object, java.lang.Object, java.lang.Object, java.lang.Object, java.lang.Object)'> (0x00000000898657d0) 
thrown [s\src\hotspot\share\interpreter\linkResolver.cpp, line 773]
Event: 3.771 Thread 0x000002194c9f9b50 Exception <a 'java/lang/NoSuchMethodError'{0x00000000898f91a0}: 'java.lang.Object java.lang.invoke.DirectMethodHandle$Holder.invokeInterface(java.lang.Object, java.lang.Object, int)'> (0x00000000898f91a0) 
thrown [s\src\hotspot\share\interpreter\linkResolver.cpp, line 773]
Event: 7.154 Thread 0x000002194c9f9b50 Exception <a 'java/lang/NoSuchMethodError'{0x00000000893612a0}: 'java.lang.ClassLoader java.lang.ClassLoader.getPlatformClassLoader(java.lang.Class)'> (0x00000000893612a0) 
thrown [s\src\hotspot\share\interpreter\linkResolver.cpp, line 773]
Event: 7.334 Thread 0x000002194c9f9b50 Exception <a 'java/lang/ClassNotFoundException'{0x000000008a6b1030}: sun/net/www/protocol/c/Handler> (0x000000008a6b1030) 
thrown [s\src\hotspot\share\classfile\systemDictionary.cpp, line 312]
Event: 7.335 Thread 0x000002194c9f9b50 Exception <a 'java/lang/ClassNotFoundException'{0x000000008a6b23d8}: sun/net/www/protocol/c/Handler> (0x000000008a6b23d8) 
thrown [s\src\hotspot\share\classfile\systemDictionary.cpp, line 312]
Event: 7.335 Thread 0x000002194c9f9b50 Exception <a 'java/lang/ClassNotFoundException'{0x000000008a6b35c0}: sun/net/www/protocol/c/Handler> (0x000000008a6b35c0) 
thrown [s\src\hotspot\share\classfile\systemDictionary.cpp, line 312]
Event: 7.355 Thread 0x000002194c9f9b50 Exception <a 'java/io/FileNotFoundException'{0x000000008a6dba60}> (0x000000008a6dba60) 
thrown [s\src\hotspot\share\prims\jni.cpp, line 520]
Event: 7.428 Thread 0x000002194c9f9b50 Implicit null exception at 0x000002195772d3e6 to 0x000002195772d492
Event: 7.428 Thread 0x000002194c9f9b50 Implicit null exception at 0x000002195773b79a to 0x000002195773b9bc
Event: 7.429 Thread 0x000002194c9f9b50 Exception <a 'java/lang/NoSuchMethodError'{0x000000008a40cb18}: 'void java.lang.invoke.DirectMethodHandle$Holder.invokeStatic(java.lang.Object, java.lang.Object, java.lang.Object, java.lang.Object)'> (0x000000008a40cb18) 
thrown [s\src\hotspot\share\interpreter\linkResolver.cpp, line 773]
Event: 7.431 Thread 0x000002194c9f9b50 Implicit null exception at 0x000002195773599a to 0x0000021957735bbc
Event: 7.431 Thread 0x000002194c9f9b50 Implicit null exception at 0x0000021957732ec0 to 0x0000021957732f45
Event: 7.545 Thread 0x000002194c9f9b50 Exception <a 'java/lang/NoSuchMethodError'{0x000000008a28ef28}: 'void java.lang.invoke.DirectMethodHandle$Holder.invokeSpecial(java.lang.Object, java.lang.Object, java.lang.Object)'> (0x000000008a28ef28) 
thrown [s\src\hotspot\share\interpreter\linkResolver.cpp, line 773]

ZGC Phase Switch (0 events):
No events

VM Operations (20 events):
Event: 1.285 Executing non-safepoint VM operation: HandshakeAllThreads (Deoptimize) done
Event: 2.298 Executing safepoint VM operation: Cleanup
Event: 2.299 Executing safepoint VM operation: Cleanup done
Event: 3.302 Executing safepoint VM operation: Cleanup
Event: 3.302 Executing safepoint VM operation: Cleanup done
Event: 3.693 Executing non-safepoint VM operation: HandshakeAllThreads (Deoptimize)
Event: 3.693 Executing non-safepoint VM operation: HandshakeAllThreads (Deoptimize) done
Event: 3.707 Executing non-safepoint VM operation: HandshakeAllThreads (Deoptimize)
Event: 3.707 Executing non-safepoint VM operation: HandshakeAllThreads (Deoptimize) done
Event: 4.712 Executing safepoint VM operation: Cleanup
Event: 4.789 Executing safepoint VM operation: Cleanup done
Event: 5.799 Executing safepoint VM operation: Cleanup
Event: 5.941 Executing safepoint VM operation: Cleanup done
Event: 6.943 Executing safepoint VM operation: Cleanup
Event: 6.943 Executing safepoint VM operation: Cleanup done
Event: 7.228 Executing safepoint VM operation: G1CollectForAllocation (G1 Evacuation Pause)
Event: 7.243 Executing safepoint VM operation: G1CollectForAllocation (G1 Evacuation Pause) done
Event: 7.287 Executing non-safepoint VM operation: HandshakeAllThreads (Deoptimize)
Event: 7.287 Executing non-safepoint VM operation: HandshakeAllThreads (Deoptimize) done
Event: 8.288 Executing safepoint VM operation: Cleanup

Memory protections (0 events):
No events

Nmethod flushes (0 events):
No events

Events (13 events):
Event: 1.068 Thread 0x000002194c9f9b50 Thread added: 0x000002194c9f9b50
Event: 1.124 Thread 0x000002194c9f9b50 Thread added: 0x00000219640ad7d0
Event: 1.124 Thread 0x000002194c9f9b50 Thread added: 0x00000219640af8f0
Event: 1.125 Thread 0x000002194c9f9b50 Thread added: 0x00000219640b91f0
Event: 1.125 Thread 0x000002194c9f9b50 Thread added: 0x00000219640ba460
Event: 1.126 Thread 0x000002194c9f9b50 Thread added: 0x00000219640baec0
Event: 1.126 Thread 0x000002194c9f9b50 Thread added: 0x00000219640bb920
Event: 1.126 Thread 0x000002194c9f9b50 Thread added: 0x00000219640bd7e0
Event: 1.126 Thread 0x000002194c9f9b50 Thread added: 0x00000219640c1a60
Event: 1.237 Thread 0x000002194c9f9b50 Thread added: 0x00000219643966e0
Event: 2.464 Thread 0x00000219640c1a60 Thread added: 0x00000219643e8780
Event: 2.540 Thread 0x000002194c9f9b50 Thread added: 0x0000021964421130
Event: 2.654 Thread 0x00000219640c1a60 Thread added: 0x000002196442d920


Dynamic libraries:
0x00007ff79ecd0000 - 0x00007ff79ecde000 	c:\Users\91878\.vscode\extensions\redhat.java-1.53.0-win32-x64\jre\21.0.10-win32-x86_64\bin\java.exe
0x00007fffb39c0000 - 0x00007fffb3c27000 	C:\WINDOWS\SYSTEM32\ntdll.dll
0x00007fffb21e0000 - 0x00007fffb22a9000 	C:\WINDOWS\System32\KERNEL32.DLL
0x00007fffb0350000 - 0x00007fffb0741000 	C:\WINDOWS\System32\KERNELBASE.dll
0x00007fffb0750000 - 0x00007fffb089b000 	C:\WINDOWS\System32\ucrtbase.dll
0x00007fff9bd60000 - 0x00007fff9bd78000 	c:\Users\91878\.vscode\extensions\redhat.java-1.53.0-win32-x64\jre\21.0.10-win32-x86_64\bin\jli.dll
0x00007fff9bd40000 - 0x00007fff9bd5e000 	c:\Users\91878\.vscode\extensions\redhat.java-1.53.0-win32-x64\jre\21.0.10-win32-x86_64\bin\VCRUNTIME140.dll
0x00007fffb1a80000 - 0x00007fffb1c45000 	C:\WINDOWS\System32\USER32.dll
0x00007fffb1730000 - 0x00007fffb1757000 	C:\WINDOWS\System32\win32u.dll
0x00007fff94d90000 - 0x00007fff95023000 	C:\WINDOWS\WinSxS\amd64_microsoft.windows.common-controls_6595b64144ccf1df_6.0.26100.8037_none_3e092faae333b53b\COMCTL32.dll
0x00007fffb3500000 - 0x00007fffb352b000 	C:\WINDOWS\System32\GDI32.dll
0x00007fffb1830000 - 0x00007fffb18d9000 	C:\WINDOWS\System32\msvcrt.dll
0x00007fffb08a0000 - 0x00007fffb09cb000 	C:\WINDOWS\System32\gdi32full.dll
0x00007fffb02a0000 - 0x00007fffb0343000 	C:\WINDOWS\System32\msvcp_win.dll
0x00007fffb1d50000 - 0x00007fffb1d81000 	C:\WINDOWS\System32\IMM32.DLL
0x00007fffaad50000 - 0x00007fffaad5c000 	c:\Users\91878\.vscode\extensions\redhat.java-1.53.0-win32-x64\jre\21.0.10-win32-x86_64\bin\vcruntime140_1.dll
0x00007fff67e40000 - 0x00007fff67ecd000 	c:\Users\91878\.vscode\extensions\redhat.java-1.53.0-win32-x64\jre\21.0.10-win32-x86_64\bin\msvcp140.dll
0x00007fff28740000 - 0x00007fff294e1000 	c:\Users\91878\.vscode\extensions\redhat.java-1.53.0-win32-x64\jre\21.0.10-win32-x86_64\bin\server\jvm.dll
0x00007fffb3530000 - 0x00007fffb35eb000 	C:\WINDOWS\System32\ADVAPI32.dll
0x00007fffb1d90000 - 0x00007fffb1e37000 	C:\WINDOWS\System32\sechost.dll
0x00007fffb2770000 - 0x00007fffb2888000 	C:\WINDOWS\System32\RPCRT4.dll
0x00007fffb2350000 - 0x00007fffb23c4000 	C:\WINDOWS\System32\WS2_32.dll
0x00007fffb0100000 - 0x00007fffb015e000 	C:\WINDOWS\SYSTEM32\POWRPROF.dll
0x00007fff9e320000 - 0x00007fff9e355000 	C:\WINDOWS\SYSTEM32\WINMM.dll
0x00007fffaa8e0000 - 0x00007fffaa8eb000 	C:\WINDOWS\SYSTEM32\VERSION.dll
0x00007fffb00e0000 - 0x00007fffb00f4000 	C:\WINDOWS\SYSTEM32\UMPDC.dll
0x00007fffaf030000 - 0x00007fffaf04b000 	C:\WINDOWS\SYSTEM32\kernel.appcore.dll
0x00007fff9f360000 - 0x00007fff9f36a000 	c:\Users\91878\.vscode\extensions\redhat.java-1.53.0-win32-x64\jre\21.0.10-win32-x86_64\bin\jimage.dll
0x00007fffa1590000 - 0x00007fffa17d2000 	C:\WINDOWS\SYSTEM32\DBGHELP.DLL
0x00007fffb35f0000 - 0x00007fffb3972000 	C:\WINDOWS\System32\combase.dll
0x00007fffb1f60000 - 0x00007fffb2037000 	C:\WINDOWS\System32\OLEAUT32.dll
0x00007fff80790000 - 0x00007fff807cb000 	C:\WINDOWS\SYSTEM32\dbgcore.DLL
0x00007fffb09d0000 - 0x00007fffb0a75000 	C:\WINDOWS\System32\bcryptPrimitives.dll
0x00007fff9a680000 - 0x00007fff9a68f000 	c:\Users\91878\.vscode\extensions\redhat.java-1.53.0-win32-x64\jre\21.0.10-win32-x86_64\bin\instrument.dll
0x00007fff95080000 - 0x00007fff950a0000 	c:\Users\91878\.vscode\extensions\redhat.java-1.53.0-win32-x64\jre\21.0.10-win32-x86_64\bin\java.dll
0x00007fffb2890000 - 0x00007fffb2fef000 	C:\WINDOWS\System32\SHELL32.dll
0x00007fffb0bd0000 - 0x00007fffb0d3a000 	C:\WINDOWS\System32\wintypes.dll
0x00007fffb0d40000 - 0x00007fffb15a4000 	C:\WINDOWS\System32\windows.storage.dll
0x00007fffb1e60000 - 0x00007fffb1f57000 	C:\WINDOWS\System32\SHCORE.dll
0x00007fffb22b0000 - 0x00007fffb2317000 	C:\WINDOWS\System32\shlwapi.dll
0x00007fffb01c0000 - 0x00007fffb01e9000 	C:\WINDOWS\SYSTEM32\profapi.dll
0x00007fff915c0000 - 0x00007fff915d8000 	c:\Users\91878\.vscode\extensions\redhat.java-1.53.0-win32-x64\jre\21.0.10-win32-x86_64\bin\zip.dll
0x00007fff9a1b0000 - 0x00007fff9a1c0000 	C:\Users\91878\.vscode\extensions\redhat.java-1.53.0-win32-x64\jre\21.0.10-win32-x86_64\bin\net.dll
0x00007fffa9b50000 - 0x00007fffa9c77000 	C:\WINDOWS\SYSTEM32\WINHTTP.dll
0x00007fffaf5a0000 - 0x00007fffaf60b000 	C:\WINDOWS\system32\mswsock.dll
0x00007fff810d0000 - 0x00007fff810e6000 	C:\Users\91878\.vscode\extensions\redhat.java-1.53.0-win32-x64\jre\21.0.10-win32-x86_64\bin\nio.dll
0x00007fff991c0000 - 0x00007fff991d0000 	c:\Users\91878\.vscode\extensions\redhat.java-1.53.0-win32-x64\jre\21.0.10-win32-x86_64\bin\verify.dll

JVMTI agents:
c:\Users\91878\.vscode\extensions\redhat.java-1.53.0-win32-x64\lombok\lombok-1.18.39-4050.jar path:c:\Users\91878\.vscode\extensions\redhat.java-1.53.0-win32-x64\jre\21.0.10-win32-x86_64\bin\instrument.dll, loaded, initialized, instrumentlib options:none

dbghelp: loaded successfully - version: 4.0.5 - missing functions: none
symbol engine: initialized successfully - sym options: 0x614 - pdb path: .;c:\Users\91878\.vscode\extensions\redhat.java-1.53.0-win32-x64\jre\21.0.10-win32-x86_64\bin;C:\WINDOWS\SYSTEM32;C:\WINDOWS\WinSxS\amd64_microsoft.windows.common-controls_6595b64144ccf1df_6.0.26100.8037_none_3e092faae333b53b;c:\Users\91878\.vscode\extensions\redhat.java-1.53.0-win32-x64\jre\21.0.10-win32-x86_64\bin\server

VM Arguments:
jvm_args: --add-modules=ALL-SYSTEM --add-opens=java.base/java.util=ALL-UNNAMED --add-opens=java.base/java.lang=ALL-UNNAMED --add-opens=java.base/sun.nio.fs=ALL-UNNAMED -Declipse.application=org.eclipse.jdt.ls.core.id1 -Dosgi.bundles.defaultStartLevel=4 -Declipse.product=org.eclipse.jdt.ls.core.product -Djava.import.generatesMetadataFilesAtProjectRoot=false -DDetectVMInstallationsJob.disabled=true -Dfile.encoding=utf8 -Xlog:disable -javaagent:c:\Users\91878\.vscode\extensions\redhat.java-1.53.0-win32-x64\lombok\lombok-1.18.39-4050.jar 
java_command: c:\Users\91878\.vscode\extensions\redhat.java-1.53.0-win32-x64\server\plugins\org.eclipse.equinox.launcher_1.7.100.v20251111-0406.jar -configuration c:\Users\91878\AppData\Roaming\Code\User\globalStorage\redhat.java\1.53.0\config_ss_win -data c:\Users\91878\AppData\Roaming\Code\User\workspaceStorage\7773cde8fc2acf502badf6c2c1cb5445\redhat.java\ss_ws --pipe=\\.\pipe\lsp-0b94cf277410cf736c17e6b279b76110-sock
java_class_path (initial): c:\Users\91878\.vscode\extensions\redhat.java-1.53.0-win32-x64\server\plugins\org.eclipse.equinox.launcher_1.7.100.v20251111-0406.jar
Launcher Type: SUN_STANDARD

[Global flags]
     intx CICompilerCount                          = 4                                         {product} {ergonomic}
     uint ConcGCThreads                            = 2                                         {product} {ergonomic}
     uint G1ConcRefinementThreads                  = 8                                         {product} {ergonomic}
   size_t G1HeapRegionSize                         = 1048576                                   {product} {ergonomic}
    uintx GCDrainStackTargetSize                   = 64                                        {product} {ergonomic}
   size_t InitialHeapSize                          = 132120576                                 {product} {ergonomic}
   size_t MarkStackSize                            = 4194304                                   {product} {ergonomic}
   size_t MaxHeapSize                              = 2103443456                                {product} {ergonomic}
   size_t MaxNewSize                               = 1261436928                                {product} {ergonomic}
   size_t MinHeapDeltaBytes                        = 1048576                                   {product} {ergonomic}
   size_t MinHeapSize                              = 8388608                                   {product} {ergonomic}
    uintx NonNMethodCodeHeapSize                   = 5839372                                {pd product} {ergonomic}
    uintx NonProfiledCodeHeapSize                  = 122909434                              {pd product} {ergonomic}
    uintx ProfiledCodeHeapSize                     = 122909434                              {pd product} {ergonomic}
    uintx ReservedCodeCacheSize                    = 251658240                              {pd product} {ergonomic}
     bool SegmentedCodeCache                       = true                                      {product} {ergonomic}
   size_t SoftMaxHeapSize                          = 2103443456                             {manageable} {ergonomic}
     bool UseCompressedOops                        = true                           {product lp64_product} {ergonomic}
     bool UseG1GC                                  = true                                      {product} {ergonomic}
     bool UseLargePagesIndividualAllocation        = false                                  {pd product} {ergonomic}

Logging:
Log output configuration:
 #0: stdout all=off uptime,level,tags foldmultilines=false
 #1: stderr all=off uptime,level,tags foldmultilines=false

Release file:
JAVA_VERSION="21.0.10" 
MODULES="java.base java.compiler java.datatransfer java.xml java.prefs java.desktop java.instrument java.logging java.management java.security.sasl java.naming java.rmi java.management.rmi java.net.http java.scripting java.security.jgss java.transaction.xa java.sql java.sql.rowset java.xml.crypto java.se java.smartcardio jdk.accessibility jdk.internal.jvmstat jdk.attach jdk.charsets jdk.internal.opt jdk.zipfs jdk.compiler jdk.crypto.ec jdk.crypto.cryptoki jdk.crypto.mscapi jdk.dynalink jdk.internal.ed jdk.editpad jdk.hotspot.agent jdk.httpserver jdk.internal.le jdk.internal.vm.ci jdk.internal.vm.compiler jdk.internal.vm.compiler.management jdk.jartool jdk.javadoc jdk.jcmd jdk.management jdk.management.agent jdk.jconsole jdk.jdeps jdk.jdwp.agent jdk.jdi jdk.jfr jdk.jshell jdk.jsobject jdk.jstatd jdk.localedata jdk.management.jfr jdk.naming.dns jdk.naming.rmi jdk.net jdk.nio.mapmode jdk.random jdk.sctp jdk.security.auth jdk.security.jgss jdk.unsupported jdk.unsupported.desktop jdk.xml.dom" 

Environment Variables:
JAVA_HOME=C:\Program Files\Java\jdk-25
PATH=C:\Users\91878\AppData\Local\Programs\Microsoft VS Code;C:\Program Files\Common Files\Oracle\Java\javapath;C:\MinGW\bin;C:\Windows;C:\Windows\System32\Wbem;C:\Windows\System32\WindowsPowerShell\v1.0\;C:\Windows\System32\OpenSSH\;C:\Program Files (x86)\NVIDIA Corporation\PhysX\Common;C:\Program Files\NVIDIA Corporation\NVIDIA NvDLISR;C:\WINDOWS\system32;C:\WINDOWS;C:\WINDOWS\System32\Wbem;C:\WINDOWS\System32\WindowsPowerShell\v1.0\;C:\WINDOWS\System32\OpenSSH\;C:\Program Files (x86)\Microsoft SQL Server\Client SDK\ODBC\110\Tools\Binn\;C:\Program Files\Microsoft SQL Server\Client SDK\ODBC\110\Tools\Binn\;C:\Program Files\MySQL\MySQL Server 5.5\bin;C:\Program Files\dotnet\;C:\Program Files (x86)\Windows Kits\10\Windows Performance Toolkit\;C:\Program Files\nodejs\;C:\Program Files\gnuplot\bin;C:\Program Files\Git\cmd;C:\Users\91878\AppData\Local\Microsoft\WindowsApps;C:\Users\91878\AppData\Local\Programs\Microsoft VS Code\bin;C:\Users\91878\AppData\Roaming\npm;C:\Program Files\MongoDB\Server\8.2\bin;C:\Program Files\JetBrains\IntelliJ IDEA 2025.3.1.1\bin;C:\Users\91878\AppData\Local\Programs\cursor\resources\app\bin
USERNAME=91878
OS=Windows_NT
PROCESSOR_IDENTIFIER=Intel64 Family 6 Model 142 Stepping 12, GenuineIntel
TMP=C:\Users\91878\AppData\Local\Temp
TEMP=C:\Users\91878\AppData\Local\Temp




Periodic native trim disabled

---------------  S Y S T E M  ---------------

OS:
 Windows 11 , 64 bit Build 26100 (10.0.26100.7920)
OS uptime: 1 days 9:50 hours

CPU: total 8 (initial active 8) (4 cores per cpu, 2 threads per core) family 6 model 142 stepping 12 microcode 0xde, cx8, cmov, fxsr, ht, mmx, 3dnowpref, sse, sse2, sse3, ssse3, sse4.1, sse4.2, popcnt, lzcnt, tsc, tscinvbit, avx, avx2, aes, erms, clmul, bmi1, bmi2, adx, fma, vzeroupper, clflush, clflushopt, rdtscp, f16c
Processor Information for the first 8 processors :
  Max Mhz: 2112, Current Mhz: 1609, Mhz Limit: 1605

Memory: 4k page, system-wide physical 8020M (1322M free)
TotalPageFile size 9918M (AvailPageFile size 4M)
current process WorkingSet (physical memory assigned to process): 86M, peak: 87M
current process commit charge ("private bytes"): 223M, peak: 224M

vm_info: OpenJDK 64-Bit Server VM (21.0.10+7-LTS) for windows-amd64 JRE (21.0.10+7-LTS), built on 2026-01-20T00:00:00Z by "admin" with MS VC++ 17.12 (VS2022)

END.
