#
# There is insufficient memory for the Java Runtime Environment to continue.
# Native memory allocation (malloc) failed to allocate 250336 bytes. Error detail: Chunk::new
# Possible reasons:
#   The system is out of physical RAM or swap space
#   This process is running with CompressedOops enabled, and the Java Heap may be blocking the growth of the native heap
# Possible solutions:
#   Reduce memory load on the system
#   Increase physical memory or swap space
#   Check if swap backing store is full
#   Decrease Java heap size (-Xmx/-Xms)
#   Decrease number of Java threads
#   Decrease Java thread stack sizes (-Xss)
#   Set larger code cache with -XX:ReservedCodeCacheSize=
#   JVM is running with Unscaled Compressed Oops mode in which the Java heap is
#     placed in the first 4GB address space. The Java Heap base address is the
#     maximum limit for the native heap growth. Please use -XX:HeapBaseMinAddress
#     to set the Java Heap base and to place the Java Heap above 4GB virtual address.
# This output file may be truncated or incomplete.
#
#  Out of Memory Error (arena.cpp:168), pid=10068, tid=6708
#
# JRE version: OpenJDK Runtime Environment Temurin-21.0.10+7 (21.0.10+7) (build 21.0.10+7-LTS)
# Java VM: OpenJDK 64-Bit Server VM Temurin-21.0.10+7 (21.0.10+7-LTS, mixed mode, sharing, tiered, compressed oops, compressed class ptrs, g1 gc, windows-amd64)
# No core dump will be written. Minidumps are not enabled by default on client versions of Windows
#

---------------  S U M M A R Y ------------

Command Line: --add-modules=ALL-SYSTEM --add-opens=java.base/java.util=ALL-UNNAMED --add-opens=java.base/java.lang=ALL-UNNAMED --add-opens=java.base/sun.nio.fs=ALL-UNNAMED -Declipse.application=org.eclipse.jdt.ls.core.id1 -Dosgi.bundles.defaultStartLevel=4 -Declipse.product=org.eclipse.jdt.ls.core.product -Djava.import.generatesMetadataFilesAtProjectRoot=false -DDetectVMInstallationsJob.disabled=true -Dfile.encoding=utf8 -Xlog:disable -javaagent:c:\Users\91878\.vscode\extensions\redhat.java-1.53.0-win32-x64\lombok\lombok-1.18.39-4050.jar -XX:+HeapDumpOnOutOfMemoryError -XX:HeapDumpPath=c:\Users\91878\AppData\Roaming\Code\User\workspaceStorage\7773cde8fc2acf502badf6c2c1cb5445\redhat.java -Daether.dependencyCollector.impl=bf c:\Users\91878\.vscode\extensions\redhat.java-1.53.0-win32-x64\server\plugins\org.eclipse.equinox.launcher_1.7.100.v20251111-0406.jar -configuration c:\Users\91878\AppData\Roaming\Code\User\globalStorage\redhat.java\1.53.0\config_win -data c:\Users\91878\AppData\Roaming\Code\User\workspaceStorage\7773cde8fc2acf502badf6c2c1cb5445\redhat.java\jdt_ws --pipe=\\.\pipe\lsp-d5be0d3e820627effc6b27b0f25a8cfa-sock

Host: Intel(R) Core(TM) i5-10210U CPU @ 1.60GHz, 8 cores, 7G,  Windows 11 , 64 bit Build 26100 (10.0.26100.7920)
Time: Sun Apr 12 00:41:28 2026 India Standard Time elapsed time: 9.728047 seconds (0d 0h 0m 9s)

---------------  T H R E A D  ---------------

Current thread (0x000002057af93b90):  JavaThread "C2 CompilerThread0" daemon [_thread_in_native, id=6708, stack(0x000000cdecf00000,0x000000cded000000) (1024K)]


Current CompileTask:
C2:9728 1557   !   4       lombok.patcher.ScriptManager$OurClassFileTransformer::transform (473 bytes)

Stack: [0x000000cdecf00000,0x000000cded000000]
Native frames: (J=compiled Java code, j=interpreted, Vv=VM code, C=native code)
V  [jvm.dll+0x6d7a39]
V  [jvm.dll+0x8b4b26]
V  [jvm.dll+0x8b70de]
V  [jvm.dll+0x8b77c3]
V  [jvm.dll+0x284346]
V  [jvm.dll+0xc66ed]
V  [jvm.dll+0xc6c31]
V  [jvm.dll+0x2fb29e]
V  [jvm.dll+0x5fe884]
V  [jvm.dll+0x255b17]
V  [jvm.dll+0x24dc0b]
V  [jvm.dll+0x24ba42]
V  [jvm.dll+0x1cb34e]
V  [jvm.dll+0x25b85d]
V  [jvm.dll+0x259dea]
V  [jvm.dll+0x3f857e]
V  [jvm.dll+0x85f59d]
V  [jvm.dll+0x6d626d]
C  [ucrtbase.dll+0x37b0]
C  [KERNEL32.DLL+0x2e8d7]
C  [ntdll.dll+0x8c48c]


---------------  P R O C E S S  ---------------

Threads class SMR info:
_java_thread_list=0x000002055001c4d0, length=13, elements={
0x00000205728ba360, 0x000002057af87000, 0x000002057af8a310, 0x000002057af90ee0,
0x000002057af91940, 0x000002057af923a0, 0x000002057af92e00, 0x000002057af93b90,
0x000002057af96de0, 0x000002057f217c20, 0x000002057f329050, 0x000002057f74e140,
0x000002057f8984c0
}

Java Threads: ( => current thread )
  0x00000205728ba360 JavaThread "main"                              [_thread_in_vm, id=16756, stack(0x000000cdec100000,0x000000cdec200000) (1024K)]
  0x000002057af87000 JavaThread "Reference Handler"          daemon [_thread_blocked, id=11956, stack(0x000000cdec900000,0x000000cdeca00000) (1024K)]
  0x000002057af8a310 JavaThread "Finalizer"                  daemon [_thread_blocked, id=22008, stack(0x000000cdeca00000,0x000000cdecb00000) (1024K)]
  0x000002057af90ee0 JavaThread "Signal Dispatcher"          daemon [_thread_blocked, id=10928, stack(0x000000cdecb00000,0x000000cdecc00000) (1024K)]
  0x000002057af91940 JavaThread "Attach Listener"            daemon [_thread_blocked, id=12552, stack(0x000000cdecc00000,0x000000cdecd00000) (1024K)]
  0x000002057af923a0 JavaThread "Service Thread"             daemon [_thread_blocked, id=12540, stack(0x000000cdecd00000,0x000000cdece00000) (1024K)]
  0x000002057af92e00 JavaThread "Monitor Deflation Thread"   daemon [_thread_blocked, id=6004, stack(0x000000cdece00000,0x000000cdecf00000) (1024K)]
=>0x000002057af93b90 JavaThread "C2 CompilerThread0"         daemon [_thread_in_native, id=6708, stack(0x000000cdecf00000,0x000000cded000000) (1024K)]
  0x000002057af96de0 JavaThread "C1 CompilerThread0"         daemon [_thread_blocked, id=20152, stack(0x000000cded000000,0x000000cded100000) (1024K)]
  0x000002057f217c20 JavaThread "Common-Cleaner"             daemon [_thread_blocked, id=18132, stack(0x000000cded100000,0x000000cded200000) (1024K)]
  0x000002057f329050 JavaThread "Notification Thread"        daemon [_thread_blocked, id=17048, stack(0x000000cded300000,0x000000cded400000) (1024K)]
  0x000002057f74e140 JavaThread "C2 CompilerThread1"         daemon [_thread_in_native, id=7228, stack(0x000000cded200000,0x000000cded300000) (1024K)]
  0x000002057f8984c0 JavaThread "Active Thread: Equinox Container: 33a56137-ad3e-4695-88e6-09a72197d993"        [_thread_blocked, id=13648, stack(0x000000cded400000,0x000000cded500000) (1024K)]
Total: 13

Other Threads:
  0x000002057af658a0 VMThread "VM Thread"                           [id=15288, stack(0x000000cdec800000,0x000000cdec900000) (1024K)]
  0x000002057af54b70 WatcherThread "VM Periodic Task Thread"        [id=17544, stack(0x000000cdec700000,0x000000cdec800000) (1024K)]
  0x0000020572919160 WorkerThread "GC Thread#0"                     [id=20460, stack(0x000000cdec200000,0x000000cdec300000) (1024K)]
  0x000002057fa52bf0 WorkerThread "GC Thread#1"                     [id=14324, stack(0x000000cded500000,0x000000cded600000) (1024K)]
  0x000002055018a860 WorkerThread "GC Thread#2"                     [id=19080, stack(0x000000cded600000,0x000000cded700000) (1024K)]
  0x000002057f3c46c0 WorkerThread "GC Thread#3"                     [id=8384, stack(0x000000cded700000,0x000000cded800000) (1024K)]
  0x000002057fa07bc0 WorkerThread "GC Thread#4"                     [id=2384, stack(0x000000cded800000,0x000000cded900000) (1024K)]
  0x000002057fa07f70 WorkerThread "GC Thread#5"                     [id=15904, stack(0x000000cded900000,0x000000cdeda00000) (1024K)]
  0x000002057f39bf60 WorkerThread "GC Thread#6"                     [id=9656, stack(0x000000cdeda00000,0x000000cdedb00000) (1024K)]
  0x0000020572929b20 ConcurrentGCThread "G1 Main Marker"            [id=5632, stack(0x000000cdec300000,0x000000cdec400000) (1024K)]
  0x000002057292a540 WorkerThread "G1 Conc#0"                       [id=22376, stack(0x000000cdec400000,0x000000cdec500000) (1024K)]
  0x000002057ae28fa0 ConcurrentGCThread "G1 Refine#0"               [id=15896, stack(0x000000cdec500000,0x000000cdec600000) (1024K)]
  0x000002057ae298d0 ConcurrentGCThread "G1 Service"                [id=15272, stack(0x000000cdec600000,0x000000cdec700000) (1024K)]
Total: 13

Threads with active compile tasks:
C2 CompilerThread0  9758 1557   !   4       lombok.patcher.ScriptManager$OurClassFileTransformer::transform (473 bytes)
C2 CompilerThread1  9758 1573       4       lombok.patcher.scripts.AddFieldScript::patch (55 bytes)
Total: 2

VM state: not at safepoint (normal execution)

VM Mutex/Monitor currently owned by a thread: None

Heap address: 0x0000000082a00000, size: 2006 MB, Compressed Oops mode: 32-bit

CDS archive(s) mapped at: [0x000002050f000000-0x000002050fba0000-0x000002050fba0000), size 12189696, SharedBaseAddress: 0x000002050f000000, ArchiveRelocationMode: 1.
Compressed class space mapped at: 0x0000020510000000-0x0000020550000000, reserved size: 1073741824
Narrow klass base: 0x000002050f000000, Narrow klass shift: 0, Narrow klass range: 0x100000000

GC Precious Log:
 CardTable entry size: 512
 Card Set container configuration: InlinePtr #cards 5 size 8 Array Of Cards #cards 12 size 40 Howl #buckets 4 coarsen threshold 1843 Howl Bitmap #cards 512 size 80 coarsen threshold 460 Card regions per heap region 1 cards per card region 2048
 CPUs: 8 total, 8 available
 Memory: 8020M
 Large Page Support: Disabled
 NUMA Support: Disabled
 Compressed Oops: Enabled (32-bit)
 Heap Region Size: 1M
 Heap Min Capacity: 8M
 Heap Initial Capacity: 126M
 Heap Max Capacity: 2006M
 Pre-touch: Disabled
 Parallel Workers: 8
 Concurrent Workers: 2
 Concurrent Refinement Workers: 8
 Periodic GC: Disabled

Heap:
 garbage-first heap   total 129024K, used 21182K [0x0000000082a00000, 0x0000000100000000)
  region size 1024K, 22 young (22528K), 3 survivors (3072K)
 Metaspace       used 7059K, committed 7296K, reserved 1114112K
  class space    used 720K, committed 832K, reserved 1048576K

Heap Regions: E=young(eden), S=young(survivor), O=old, HS=humongous(starts), HC=humongous(continues), CS=collection set, F=free, TAMS=top-at-mark-start, PB=parsable bottom
|   0|0x0000000082a00000, 0x0000000082aaf948, 0x0000000082b00000| 68%| O|  |TAMS 0x0000000082a00000| PB 0x0000000082a00000| Untracked 
|   1|0x0000000082b00000, 0x0000000082b00000, 0x0000000082c00000|  0%| F|  |TAMS 0x0000000082b00000| PB 0x0000000082b00000| Untracked 
|   2|0x0000000082c00000, 0x0000000082c00000, 0x0000000082d00000|  0%| F|  |TAMS 0x0000000082c00000| PB 0x0000000082c00000| Untracked 
|   3|0x0000000082d00000, 0x0000000082d00000, 0x0000000082e00000|  0%| F|  |TAMS 0x0000000082d00000| PB 0x0000000082d00000| Untracked 
|   4|0x0000000082e00000, 0x0000000082e00000, 0x0000000082f00000|  0%| F|  |TAMS 0x0000000082e00000| PB 0x0000000082e00000| Untracked 
|   5|0x0000000082f00000, 0x0000000082f00000, 0x0000000083000000|  0%| F|  |TAMS 0x0000000082f00000| PB 0x0000000082f00000| Untracked 
|   6|0x0000000083000000, 0x0000000083000000, 0x0000000083100000|  0%| F|  |TAMS 0x0000000083000000| PB 0x0000000083000000| Untracked 
|   7|0x0000000083100000, 0x0000000083100000, 0x0000000083200000|  0%| F|  |TAMS 0x0000000083100000| PB 0x0000000083100000| Untracked 
|   8|0x0000000083200000, 0x0000000083200000, 0x0000000083300000|  0%| F|  |TAMS 0x0000000083200000| PB 0x0000000083200000| Untracked 
|   9|0x0000000083300000, 0x0000000083300000, 0x0000000083400000|  0%| F|  |TAMS 0x0000000083300000| PB 0x0000000083300000| Untracked 
|  10|0x0000000083400000, 0x0000000083400000, 0x0000000083500000|  0%| F|  |TAMS 0x0000000083400000| PB 0x0000000083400000| Untracked 
|  11|0x0000000083500000, 0x0000000083500000, 0x0000000083600000|  0%| F|  |TAMS 0x0000000083500000| PB 0x0000000083500000| Untracked 
|  12|0x0000000083600000, 0x0000000083600000, 0x0000000083700000|  0%| F|  |TAMS 0x0000000083600000| PB 0x0000000083600000| Untracked 
|  13|0x0000000083700000, 0x0000000083700000, 0x0000000083800000|  0%| F|  |TAMS 0x0000000083700000| PB 0x0000000083700000| Untracked 
|  14|0x0000000083800000, 0x0000000083800000, 0x0000000083900000|  0%| F|  |TAMS 0x0000000083800000| PB 0x0000000083800000| Untracked 
|  15|0x0000000083900000, 0x0000000083900000, 0x0000000083a00000|  0%| F|  |TAMS 0x0000000083900000| PB 0x0000000083900000| Untracked 
|  16|0x0000000083a00000, 0x0000000083a00000, 0x0000000083b00000|  0%| F|  |TAMS 0x0000000083a00000| PB 0x0000000083a00000| Untracked 
|  17|0x0000000083b00000, 0x0000000083b00000, 0x0000000083c00000|  0%| F|  |TAMS 0x0000000083b00000| PB 0x0000000083b00000| Untracked 
|  18|0x0000000083c00000, 0x0000000083c00000, 0x0000000083d00000|  0%| F|  |TAMS 0x0000000083c00000| PB 0x0000000083c00000| Untracked 
|  19|0x0000000083d00000, 0x0000000083d00000, 0x0000000083e00000|  0%| F|  |TAMS 0x0000000083d00000| PB 0x0000000083d00000| Untracked 
|  20|0x0000000083e00000, 0x0000000083e00000, 0x0000000083f00000|  0%| F|  |TAMS 0x0000000083e00000| PB 0x0000000083e00000| Untracked 
|  21|0x0000000083f00000, 0x0000000083f00000, 0x0000000084000000|  0%| F|  |TAMS 0x0000000083f00000| PB 0x0000000083f00000| Untracked 
|  22|0x0000000084000000, 0x0000000084000000, 0x0000000084100000|  0%| F|  |TAMS 0x0000000084000000| PB 0x0000000084000000| Untracked 
|  23|0x0000000084100000, 0x0000000084100000, 0x0000000084200000|  0%| F|  |TAMS 0x0000000084100000| PB 0x0000000084100000| Untracked 
|  24|0x0000000084200000, 0x0000000084200000, 0x0000000084300000|  0%| F|  |TAMS 0x0000000084200000| PB 0x0000000084200000| Untracked 
|  25|0x0000000084300000, 0x0000000084300000, 0x0000000084400000|  0%| F|  |TAMS 0x0000000084300000| PB 0x0000000084300000| Untracked 
|  26|0x0000000084400000, 0x0000000084400000, 0x0000000084500000|  0%| F|  |TAMS 0x0000000084400000| PB 0x0000000084400000| Untracked 
|  27|0x0000000084500000, 0x0000000084500000, 0x0000000084600000|  0%| F|  |TAMS 0x0000000084500000| PB 0x0000000084500000| Untracked 
|  28|0x0000000084600000, 0x0000000084600000, 0x0000000084700000|  0%| F|  |TAMS 0x0000000084600000| PB 0x0000000084600000| Untracked 
|  29|0x0000000084700000, 0x0000000084700000, 0x0000000084800000|  0%| F|  |TAMS 0x0000000084700000| PB 0x0000000084700000| Untracked 
|  30|0x0000000084800000, 0x0000000084800000, 0x0000000084900000|  0%| F|  |TAMS 0x0000000084800000| PB 0x0000000084800000| Untracked 
|  31|0x0000000084900000, 0x0000000084900000, 0x0000000084a00000|  0%| F|  |TAMS 0x0000000084900000| PB 0x0000000084900000| Untracked 
|  32|0x0000000084a00000, 0x0000000084a00000, 0x0000000084b00000|  0%| F|  |TAMS 0x0000000084a00000| PB 0x0000000084a00000| Untracked 
|  33|0x0000000084b00000, 0x0000000084b00000, 0x0000000084c00000|  0%| F|  |TAMS 0x0000000084b00000| PB 0x0000000084b00000| Untracked 
|  34|0x0000000084c00000, 0x0000000084c00000, 0x0000000084d00000|  0%| F|  |TAMS 0x0000000084c00000| PB 0x0000000084c00000| Untracked 
|  35|0x0000000084d00000, 0x0000000084d00000, 0x0000000084e00000|  0%| F|  |TAMS 0x0000000084d00000| PB 0x0000000084d00000| Untracked 
|  36|0x0000000084e00000, 0x0000000084e00000, 0x0000000084f00000|  0%| F|  |TAMS 0x0000000084e00000| PB 0x0000000084e00000| Untracked 
|  37|0x0000000084f00000, 0x0000000084f00000, 0x0000000085000000|  0%| F|  |TAMS 0x0000000084f00000| PB 0x0000000084f00000| Untracked 
|  38|0x0000000085000000, 0x0000000085000000, 0x0000000085100000|  0%| F|  |TAMS 0x0000000085000000| PB 0x0000000085000000| Untracked 
|  39|0x0000000085100000, 0x0000000085100000, 0x0000000085200000|  0%| F|  |TAMS 0x0000000085100000| PB 0x0000000085100000| Untracked 
|  40|0x0000000085200000, 0x0000000085200000, 0x0000000085300000|  0%| F|  |TAMS 0x0000000085200000| PB 0x0000000085200000| Untracked 
|  41|0x0000000085300000, 0x0000000085300000, 0x0000000085400000|  0%| F|  |TAMS 0x0000000085300000| PB 0x0000000085300000| Untracked 
|  42|0x0000000085400000, 0x0000000085400000, 0x0000000085500000|  0%| F|  |TAMS 0x0000000085400000| PB 0x0000000085400000| Untracked 
|  43|0x0000000085500000, 0x0000000085500000, 0x0000000085600000|  0%| F|  |TAMS 0x0000000085500000| PB 0x0000000085500000| Untracked 
|  44|0x0000000085600000, 0x0000000085600000, 0x0000000085700000|  0%| F|  |TAMS 0x0000000085600000| PB 0x0000000085600000| Untracked 
|  45|0x0000000085700000, 0x0000000085700000, 0x0000000085800000|  0%| F|  |TAMS 0x0000000085700000| PB 0x0000000085700000| Untracked 
|  46|0x0000000085800000, 0x0000000085800000, 0x0000000085900000|  0%| F|  |TAMS 0x0000000085800000| PB 0x0000000085800000| Untracked 
|  47|0x0000000085900000, 0x0000000085900000, 0x0000000085a00000|  0%| F|  |TAMS 0x0000000085900000| PB 0x0000000085900000| Untracked 
|  48|0x0000000085a00000, 0x0000000085a00000, 0x0000000085b00000|  0%| F|  |TAMS 0x0000000085a00000| PB 0x0000000085a00000| Untracked 
|  49|0x0000000085b00000, 0x0000000085b00000, 0x0000000085c00000|  0%| F|  |TAMS 0x0000000085b00000| PB 0x0000000085b00000| Untracked 
|  50|0x0000000085c00000, 0x0000000085c00000, 0x0000000085d00000|  0%| F|  |TAMS 0x0000000085c00000| PB 0x0000000085c00000| Untracked 
|  51|0x0000000085d00000, 0x0000000085d00000, 0x0000000085e00000|  0%| F|  |TAMS 0x0000000085d00000| PB 0x0000000085d00000| Untracked 
|  52|0x0000000085e00000, 0x0000000085e00000, 0x0000000085f00000|  0%| F|  |TAMS 0x0000000085e00000| PB 0x0000000085e00000| Untracked 
|  53|0x0000000085f00000, 0x0000000085f00000, 0x0000000086000000|  0%| F|  |TAMS 0x0000000085f00000| PB 0x0000000085f00000| Untracked 
|  54|0x0000000086000000, 0x0000000086000000, 0x0000000086100000|  0%| F|  |TAMS 0x0000000086000000| PB 0x0000000086000000| Untracked 
|  55|0x0000000086100000, 0x0000000086100000, 0x0000000086200000|  0%| F|  |TAMS 0x0000000086100000| PB 0x0000000086100000| Untracked 
|  56|0x0000000086200000, 0x0000000086200000, 0x0000000086300000|  0%| F|  |TAMS 0x0000000086200000| PB 0x0000000086200000| Untracked 
|  57|0x0000000086300000, 0x0000000086300000, 0x0000000086400000|  0%| F|  |TAMS 0x0000000086300000| PB 0x0000000086300000| Untracked 
|  58|0x0000000086400000, 0x0000000086400000, 0x0000000086500000|  0%| F|  |TAMS 0x0000000086400000| PB 0x0000000086400000| Untracked 
|  59|0x0000000086500000, 0x0000000086500000, 0x0000000086600000|  0%| F|  |TAMS 0x0000000086500000| PB 0x0000000086500000| Untracked 
|  60|0x0000000086600000, 0x0000000086600000, 0x0000000086700000|  0%| F|  |TAMS 0x0000000086600000| PB 0x0000000086600000| Untracked 
|  61|0x0000000086700000, 0x0000000086700000, 0x0000000086800000|  0%| F|  |TAMS 0x0000000086700000| PB 0x0000000086700000| Untracked 
|  62|0x0000000086800000, 0x0000000086800000, 0x0000000086900000|  0%| F|  |TAMS 0x0000000086800000| PB 0x0000000086800000| Untracked 
|  63|0x0000000086900000, 0x0000000086900000, 0x0000000086a00000|  0%| F|  |TAMS 0x0000000086900000| PB 0x0000000086900000| Untracked 
|  64|0x0000000086a00000, 0x0000000086a00000, 0x0000000086b00000|  0%| F|  |TAMS 0x0000000086a00000| PB 0x0000000086a00000| Untracked 
|  65|0x0000000086b00000, 0x0000000086b00000, 0x0000000086c00000|  0%| F|  |TAMS 0x0000000086b00000| PB 0x0000000086b00000| Untracked 
|  66|0x0000000086c00000, 0x0000000086c00000, 0x0000000086d00000|  0%| F|  |TAMS 0x0000000086c00000| PB 0x0000000086c00000| Untracked 
|  67|0x0000000086d00000, 0x0000000086d00000, 0x0000000086e00000|  0%| F|  |TAMS 0x0000000086d00000| PB 0x0000000086d00000| Untracked 
|  68|0x0000000086e00000, 0x0000000086e00000, 0x0000000086f00000|  0%| F|  |TAMS 0x0000000086e00000| PB 0x0000000086e00000| Untracked 
|  69|0x0000000086f00000, 0x0000000086f00000, 0x0000000087000000|  0%| F|  |TAMS 0x0000000086f00000| PB 0x0000000086f00000| Untracked 
|  70|0x0000000087000000, 0x0000000087000000, 0x0000000087100000|  0%| F|  |TAMS 0x0000000087000000| PB 0x0000000087000000| Untracked 
|  71|0x0000000087100000, 0x0000000087100000, 0x0000000087200000|  0%| F|  |TAMS 0x0000000087100000| PB 0x0000000087100000| Untracked 
|  72|0x0000000087200000, 0x0000000087200000, 0x0000000087300000|  0%| F|  |TAMS 0x0000000087200000| PB 0x0000000087200000| Untracked 
|  73|0x0000000087300000, 0x0000000087300000, 0x0000000087400000|  0%| F|  |TAMS 0x0000000087300000| PB 0x0000000087300000| Untracked 
|  74|0x0000000087400000, 0x0000000087400000, 0x0000000087500000|  0%| F|  |TAMS 0x0000000087400000| PB 0x0000000087400000| Untracked 
|  75|0x0000000087500000, 0x0000000087500000, 0x0000000087600000|  0%| F|  |TAMS 0x0000000087500000| PB 0x0000000087500000| Untracked 
|  76|0x0000000087600000, 0x0000000087600000, 0x0000000087700000|  0%| F|  |TAMS 0x0000000087600000| PB 0x0000000087600000| Untracked 
|  77|0x0000000087700000, 0x0000000087700000, 0x0000000087800000|  0%| F|  |TAMS 0x0000000087700000| PB 0x0000000087700000| Untracked 
|  78|0x0000000087800000, 0x0000000087800000, 0x0000000087900000|  0%| F|  |TAMS 0x0000000087800000| PB 0x0000000087800000| Untracked 
|  79|0x0000000087900000, 0x0000000087900000, 0x0000000087a00000|  0%| F|  |TAMS 0x0000000087900000| PB 0x0000000087900000| Untracked 
|  80|0x0000000087a00000, 0x0000000087a00000, 0x0000000087b00000|  0%| F|  |TAMS 0x0000000087a00000| PB 0x0000000087a00000| Untracked 
|  81|0x0000000087b00000, 0x0000000087b00000, 0x0000000087c00000|  0%| F|  |TAMS 0x0000000087b00000| PB 0x0000000087b00000| Untracked 
|  82|0x0000000087c00000, 0x0000000087c00000, 0x0000000087d00000|  0%| F|  |TAMS 0x0000000087c00000| PB 0x0000000087c00000| Untracked 
|  83|0x0000000087d00000, 0x0000000087d00000, 0x0000000087e00000|  0%| F|  |TAMS 0x0000000087d00000| PB 0x0000000087d00000| Untracked 
|  84|0x0000000087e00000, 0x0000000087e00000, 0x0000000087f00000|  0%| F|  |TAMS 0x0000000087e00000| PB 0x0000000087e00000| Untracked 
|  85|0x0000000087f00000, 0x0000000087f00000, 0x0000000088000000|  0%| F|  |TAMS 0x0000000087f00000| PB 0x0000000087f00000| Untracked 
|  86|0x0000000088000000, 0x0000000088000000, 0x0000000088100000|  0%| F|  |TAMS 0x0000000088000000| PB 0x0000000088000000| Untracked 
|  87|0x0000000088100000, 0x0000000088100000, 0x0000000088200000|  0%| F|  |TAMS 0x0000000088100000| PB 0x0000000088100000| Untracked 
|  88|0x0000000088200000, 0x0000000088200000, 0x0000000088300000|  0%| F|  |TAMS 0x0000000088200000| PB 0x0000000088200000| Untracked 
|  89|0x0000000088300000, 0x0000000088300000, 0x0000000088400000|  0%| F|  |TAMS 0x0000000088300000| PB 0x0000000088300000| Untracked 
|  90|0x0000000088400000, 0x0000000088400000, 0x0000000088500000|  0%| F|  |TAMS 0x0000000088400000| PB 0x0000000088400000| Untracked 
|  91|0x0000000088500000, 0x0000000088500000, 0x0000000088600000|  0%| F|  |TAMS 0x0000000088500000| PB 0x0000000088500000| Untracked 
|  92|0x0000000088600000, 0x0000000088600000, 0x0000000088700000|  0%| F|  |TAMS 0x0000000088600000| PB 0x0000000088600000| Untracked 
|  93|0x0000000088700000, 0x0000000088700000, 0x0000000088800000|  0%| F|  |TAMS 0x0000000088700000| PB 0x0000000088700000| Untracked 
|  94|0x0000000088800000, 0x0000000088800000, 0x0000000088900000|  0%| F|  |TAMS 0x0000000088800000| PB 0x0000000088800000| Untracked 
|  95|0x0000000088900000, 0x0000000088900000, 0x0000000088a00000|  0%| F|  |TAMS 0x0000000088900000| PB 0x0000000088900000| Untracked 
|  96|0x0000000088a00000, 0x0000000088a00000, 0x0000000088b00000|  0%| F|  |TAMS 0x0000000088a00000| PB 0x0000000088a00000| Untracked 
|  97|0x0000000088b00000, 0x0000000088b00000, 0x0000000088c00000|  0%| F|  |TAMS 0x0000000088b00000| PB 0x0000000088b00000| Untracked 
|  98|0x0000000088c00000, 0x0000000088c00000, 0x0000000088d00000|  0%| F|  |TAMS 0x0000000088c00000| PB 0x0000000088c00000| Untracked 
|  99|0x0000000088d00000, 0x0000000088d00000, 0x0000000088e00000|  0%| F|  |TAMS 0x0000000088d00000| PB 0x0000000088d00000| Untracked 
| 100|0x0000000088e00000, 0x0000000088f00000, 0x0000000088f00000|100%| S|CS|TAMS 0x0000000088e00000| PB 0x0000000088e00000| Complete 
| 101|0x0000000088f00000, 0x0000000089000000, 0x0000000089000000|100%| S|CS|TAMS 0x0000000088f00000| PB 0x0000000088f00000| Complete 
| 102|0x0000000089000000, 0x0000000089100000, 0x0000000089100000|100%| S|CS|TAMS 0x0000000089000000| PB 0x0000000089000000| Complete 
| 103|0x0000000089100000, 0x0000000089100000, 0x0000000089200000|  0%| F|  |TAMS 0x0000000089100000| PB 0x0000000089100000| Untracked 
| 104|0x0000000089200000, 0x0000000089200000, 0x0000000089300000|  0%| F|  |TAMS 0x0000000089200000| PB 0x0000000089200000| Untracked 
| 105|0x0000000089300000, 0x0000000089300000, 0x0000000089400000|  0%| F|  |TAMS 0x0000000089300000| PB 0x0000000089300000| Untracked 
| 106|0x0000000089400000, 0x0000000089462420, 0x0000000089500000| 38%| E|  |TAMS 0x0000000089400000| PB 0x0000000089400000| Complete 
| 107|0x0000000089500000, 0x0000000089600000, 0x0000000089600000|100%| E|CS|TAMS 0x0000000089500000| PB 0x0000000089500000| Complete 
| 108|0x0000000089600000, 0x0000000089700000, 0x0000000089700000|100%| E|CS|TAMS 0x0000000089600000| PB 0x0000000089600000| Complete 
| 109|0x0000000089700000, 0x0000000089800000, 0x0000000089800000|100%| E|CS|TAMS 0x0000000089700000| PB 0x0000000089700000| Complete 
| 110|0x0000000089800000, 0x0000000089900000, 0x0000000089900000|100%| E|CS|TAMS 0x0000000089800000| PB 0x0000000089800000| Complete 
| 111|0x0000000089900000, 0x0000000089a00000, 0x0000000089a00000|100%| E|CS|TAMS 0x0000000089900000| PB 0x0000000089900000| Complete 
| 112|0x0000000089a00000, 0x0000000089b00000, 0x0000000089b00000|100%| E|CS|TAMS 0x0000000089a00000| PB 0x0000000089a00000| Complete 
| 113|0x0000000089b00000, 0x0000000089c00000, 0x0000000089c00000|100%| E|CS|TAMS 0x0000000089b00000| PB 0x0000000089b00000| Complete 
| 114|0x0000000089c00000, 0x0000000089d00000, 0x0000000089d00000|100%| E|CS|TAMS 0x0000000089c00000| PB 0x0000000089c00000| Complete 
| 115|0x0000000089d00000, 0x0000000089e00000, 0x0000000089e00000|100%| E|  |TAMS 0x0000000089d00000| PB 0x0000000089d00000| Complete 
| 116|0x0000000089e00000, 0x0000000089f00000, 0x0000000089f00000|100%| E|CS|TAMS 0x0000000089e00000| PB 0x0000000089e00000| Complete 
| 117|0x0000000089f00000, 0x000000008a000000, 0x000000008a000000|100%| E|CS|TAMS 0x0000000089f00000| PB 0x0000000089f00000| Complete 
| 118|0x000000008a000000, 0x000000008a100000, 0x000000008a100000|100%| E|CS|TAMS 0x000000008a000000| PB 0x000000008a000000| Complete 
| 119|0x000000008a100000, 0x000000008a200000, 0x000000008a200000|100%| E|CS|TAMS 0x000000008a100000| PB 0x000000008a100000| Complete 
| 120|0x000000008a200000, 0x000000008a300000, 0x000000008a300000|100%| E|CS|TAMS 0x000000008a200000| PB 0x000000008a200000| Complete 
| 121|0x000000008a300000, 0x000000008a400000, 0x000000008a400000|100%| E|CS|TAMS 0x000000008a300000| PB 0x000000008a300000| Complete 
| 122|0x000000008a400000, 0x000000008a500000, 0x000000008a500000|100%| E|CS|TAMS 0x000000008a400000| PB 0x000000008a400000| Complete 
| 123|0x000000008a500000, 0x000000008a600000, 0x000000008a600000|100%| E|CS|TAMS 0x000000008a500000| PB 0x000000008a500000| Complete 
| 124|0x000000008a600000, 0x000000008a700000, 0x000000008a700000|100%| E|CS|TAMS 0x000000008a600000| PB 0x000000008a600000| Complete 
| 125|0x000000008a700000, 0x000000008a800000, 0x000000008a800000|100%| E|CS|TAMS 0x000000008a700000| PB 0x000000008a700000| Complete 

Card table byte_map: [0x00000205761e0000,0x00000205765d0000] _byte_map_base: 0x0000020575dcb000

Marking Bits: (CMBitMap*) 0x0000020572919780
 Bits: [0x00000205765d0000, 0x0000020578528000)

Polling page: 0x0000020572080000

Metaspace:

Usage:
  Non-class:      6.22 MB used.
      Class:    724.16 KB used.
       Both:      6.92 MB used.

Virtual space:
  Non-class space:       64.00 MB reserved,       6.38 MB ( 10%) committed,  1 nodes.
      Class space:        1.00 GB reserved,     832.00 KB ( <1%) committed,  1 nodes.
             Both:        1.06 GB reserved,       7.19 MB ( <1%) committed. 

Chunk freelists:
   Non-Class:  9.41 MB
       Class:  15.00 MB
        Both:  24.41 MB

MaxMetaspaceSize: unlimited
CompressedClassSpaceSize: 1.00 GB
Initial GC threshold: 21.00 MB
Current GC threshold: 21.00 MB
CDS: on
 - commit_granule_bytes: 65536.
 - commit_granule_words: 8192.
 - virtual_space_node_default_size: 8388608.
 - enlarge_chunks_in_place: 1.
 - use_allocation_guard: 0.


Internal statistics:

num_allocs_failed_limit: 0.
num_arena_births: 212.
num_arena_deaths: 0.
num_vsnodes_births: 2.
num_vsnodes_deaths: 0.
num_space_committed: 115.
num_space_uncommitted: 0.
num_chunks_returned_to_freelist: 0.
num_chunks_taken_from_freelist: 364.
num_chunk_merges: 0.
num_chunk_splits: 238.
num_chunks_enlarged: 155.
num_inconsistent_stats: 0.

CodeHeap 'non-profiled nmethods': size=120000Kb used=690Kb max_used=690Kb free=119309Kb
 bounds [0x0000020507ad0000, 0x0000020507d40000, 0x000002050f000000]
CodeHeap 'profiled nmethods': size=120000Kb used=2850Kb max_used=2850Kb free=117149Kb
 bounds [0x0000020500000000, 0x00000205002d0000, 0x0000020507530000]
CodeHeap 'non-nmethods': size=5760Kb used=1315Kb max_used=1350Kb free=4444Kb
 bounds [0x0000020507530000, 0x00000205077a0000, 0x0000020507ad0000]
CodeCache: size=245760Kb, used=4855Kb, max_used=4890Kb, free=240902Kb
 total_blobs=2071, nmethods=1591, adapters=385, full_count=0
Compilation: enabled, stopped_count=0, restarted_count=0

Compilation events (20 events):
Event: 6.702 Thread 0x000002057af96de0 nmethod 1563 0x00000205002b7890 code [0x00000205002b7a60, 0x00000205002b7d20]
Event: 6.702 Thread 0x000002057af96de0 1564       1       java.util.stream.AbstractPipeline::getStreamAndOpFlags (5 bytes)
Event: 6.702 Thread 0x000002057af96de0 nmethod 1564 0x0000020507b7a190 code [0x0000020507b7a320, 0x0000020507b7a3e8]
Event: 6.702 Thread 0x000002057af96de0 1565       3       java.util.HashMap::afterNodeRemoval (1 bytes)
Event: 6.702 Thread 0x000002057af96de0 nmethod 1565 0x00000205002b7e10 code [0x00000205002b7fa0, 0x00000205002b80a8]
Event: 6.702 Thread 0x000002057af96de0 1566       3       java.lang.SecurityManager$$Lambda/0x00000205100c5578::accept (8 bytes)
Event: 6.702 Thread 0x000002057af96de0 nmethod 1566 0x00000205002b8110 code [0x00000205002b82c0, 0x00000205002b84f0]
Event: 6.702 Thread 0x000002057af96de0 1567       3       java.util.stream.AbstractPipeline::<init> (91 bytes)
Event: 6.703 Thread 0x000002057af96de0 nmethod 1567 0x00000205002b8590 code [0x00000205002b87a0, 0x00000205002b8e08]
Event: 6.703 Thread 0x000002057af96de0 1569       3       java.lang.SecurityManager::lambda$addNonExportedPackages$1 (14 bytes)
Event: 6.703 Thread 0x000002057af96de0 nmethod 1569 0x00000205002b9010 code [0x00000205002b91c0, 0x00000205002b9370]
Event: 6.703 Thread 0x000002057af96de0 1568       3       java.util.stream.ReferencePipeline$StatelessOp::<init> (29 bytes)
Event: 6.703 Thread 0x000002057af96de0 nmethod 1568 0x00000205002b9490 code [0x00000205002b9640, 0x00000205002b97f8]
Event: 6.703 Thread 0x000002057af96de0 1572       3       java.util.stream.AbstractPipeline::isParallel (8 bytes)
Event: 6.703 Thread 0x000002057af96de0 nmethod 1572 0x00000205002b9910 code [0x00000205002b9aa0, 0x00000205002b9bb8]
Event: 6.703 Thread 0x000002057af96de0 1570       3       java.util.HashMap::removeNode (291 bytes)
Event: 6.704 Thread 0x000002057af96de0 nmethod 1570 0x00000205002b9c90 code [0x00000205002b9f40, 0x00000205002bb168]
Event: 6.704 Thread 0x000002057af96de0 1571       1       java.util.ImmutableCollections$SetN::size (5 bytes)
Event: 6.704 Thread 0x000002057af96de0 nmethod 1571 0x0000020507b7a490 code [0x0000020507b7a620, 0x0000020507b7a6e8]
Event: 6.704 Thread 0x000002057f74e140 1573       4       lombok.patcher.scripts.AddFieldScript::patch (55 bytes)

GC Heap History (2 events):
Event: 0.834 GC heap before
{Heap before GC invocations=0 (full 0):
 garbage-first heap   total 129024K, used 22528K [0x0000000082a00000, 0x0000000100000000)
  region size 1024K, 23 young (23552K), 0 survivors (0K)
 Metaspace       used 4101K, committed 4352K, reserved 1114112K
  class space    used 452K, committed 576K, reserved 1048576K
}
Event: 0.839 GC heap after
{Heap after GC invocations=1 (full 0):
 garbage-first heap   total 129024K, used 3774K [0x0000000082a00000, 0x0000000100000000)
  region size 1024K, 3 young (3072K), 3 survivors (3072K)
 Metaspace       used 4101K, committed 4352K, reserved 1114112K
  class space    used 452K, committed 576K, reserved 1048576K
}

Dll operation events (8 events):
Event: 0.015 Loaded shared library c:\Users\91878\.vscode\extensions\redhat.java-1.53.0-win32-x64\jre\21.0.10-win32-x86_64\bin\java.dll
Event: 0.118 Loaded shared library c:\Users\91878\.vscode\extensions\redhat.java-1.53.0-win32-x64\jre\21.0.10-win32-x86_64\bin\zip.dll
Event: 0.151 Loaded shared library C:\Users\91878\.vscode\extensions\redhat.java-1.53.0-win32-x64\jre\21.0.10-win32-x86_64\bin\instrument.dll
Event: 0.192 Loaded shared library C:\Users\91878\.vscode\extensions\redhat.java-1.53.0-win32-x64\jre\21.0.10-win32-x86_64\bin\net.dll
Event: 0.195 Loaded shared library C:\Users\91878\.vscode\extensions\redhat.java-1.53.0-win32-x64\jre\21.0.10-win32-x86_64\bin\nio.dll
Event: 0.199 Loaded shared library C:\Users\91878\.vscode\extensions\redhat.java-1.53.0-win32-x64\jre\21.0.10-win32-x86_64\bin\zip.dll
Event: 0.248 Loaded shared library C:\Users\91878\.vscode\extensions\redhat.java-1.53.0-win32-x64\jre\21.0.10-win32-x86_64\bin\jimage.dll
Event: 0.372 Loaded shared library c:\Users\91878\.vscode\extensions\redhat.java-1.53.0-win32-x64\jre\21.0.10-win32-x86_64\bin\verify.dll

Deoptimization events (20 events):
Event: 1.363 Thread 0x00000205728ba360 Uncommon trap: trap_request=0xffffff45 fr.pc=0x0000020507b2a1cc relative=0x00000000000014ac
Event: 1.363 Thread 0x00000205728ba360 Uncommon trap: reason=unstable_if action=reinterpret pc=0x0000020507b2a1cc method=lombok.patcher.PatchScript.classMatches(Ljava/lang/String;Ljava/util/Collection;)Z @ 25 c2
Event: 1.363 Thread 0x00000205728ba360 DEOPT PACKING pc=0x0000020507b2a1cc sp=0x000000cdec1f8d50
Event: 1.363 Thread 0x00000205728ba360 DEOPT UNPACKING pc=0x0000020507584422 sp=0x000000cdec1f8cd8 mode 2
Event: 1.365 Thread 0x00000205728ba360 DEOPT PACKING pc=0x000002050009be8d sp=0x000000cdec1f81c0
Event: 1.365 Thread 0x00000205728ba360 DEOPT UNPACKING pc=0x0000020507584bc2 sp=0x000000cdec1f7670 mode 0
Event: 1.394 Thread 0x00000205728ba360 DEOPT PACKING pc=0x000002050009be8d sp=0x000000cdec1f4670
Event: 1.394 Thread 0x00000205728ba360 DEOPT UNPACKING pc=0x0000020507584bc2 sp=0x000000cdec1f3b20 mode 0
Event: 1.397 Thread 0x00000205728ba360 DEOPT PACKING pc=0x000002050009be8d sp=0x000000cdec1f4670
Event: 1.397 Thread 0x00000205728ba360 DEOPT UNPACKING pc=0x0000020507584bc2 sp=0x000000cdec1f3b20 mode 0
Event: 2.433 Thread 0x00000205728ba360 DEOPT PACKING pc=0x000002050009be8d sp=0x000000cdec1f80d0
Event: 2.433 Thread 0x00000205728ba360 DEOPT UNPACKING pc=0x0000020507584bc2 sp=0x000000cdec1f7580 mode 0
Event: 6.683 Thread 0x00000205728ba360 Uncommon trap: trap_request=0xffffff45 fr.pc=0x0000020507b53410 relative=0x0000000000000170
Event: 6.683 Thread 0x00000205728ba360 Uncommon trap: reason=unstable_if action=reinterpret pc=0x0000020507b53410 method=java.util.concurrent.locks.ReentrantLock$NonfairSync.initialTryLock()Z @ 10 c2
Event: 6.683 Thread 0x00000205728ba360 DEOPT PACKING pc=0x0000020507b53410 sp=0x000000cdec1feb60
Event: 6.683 Thread 0x00000205728ba360 DEOPT UNPACKING pc=0x0000020507584422 sp=0x000000cdec1feb10 mode 2
Event: 6.684 Thread 0x00000205728ba360 Uncommon trap: trap_request=0xffffff45 fr.pc=0x0000020507b51e74 relative=0x00000000000000d4
Event: 6.684 Thread 0x00000205728ba360 Uncommon trap: reason=unstable_if action=reinterpret pc=0x0000020507b51e74 method=java.util.concurrent.locks.ReentrantLock$Sync.tryRelease(I)Z @ 26 c2
Event: 6.684 Thread 0x00000205728ba360 DEOPT PACKING pc=0x0000020507b51e74 sp=0x000000cdec1fec30
Event: 6.684 Thread 0x00000205728ba360 DEOPT UNPACKING pc=0x0000020507584422 sp=0x000000cdec1febd0 mode 2

Classes loaded (20 events):
Event: 6.703 Loading class java/util/concurrent/Executors
Event: 6.703 Loading class java/util/concurrent/Executors done
Event: 6.703 Loading class java/util/concurrent/ScheduledThreadPoolExecutor
Event: 6.703 Loading class java/util/concurrent/ScheduledExecutorService
Event: 6.703 Loading class java/util/concurrent/ScheduledExecutorService done
Event: 6.703 Loading class java/util/concurrent/ThreadPoolExecutor
Event: 6.704 Loading class java/util/concurrent/ThreadPoolExecutor done
Event: 6.704 Loading class java/util/concurrent/ScheduledThreadPoolExecutor done
Event: 6.704 Loading class java/util/concurrent/ThreadPoolExecutor$AbortPolicy
Event: 6.704 Loading class java/util/concurrent/ThreadPoolExecutor$AbortPolicy done
Event: 6.704 Loading class java/util/concurrent/ScheduledThreadPoolExecutor$DelayedWorkQueue
Event: 6.704 Loading class java/util/concurrent/ScheduledThreadPoolExecutor$DelayedWorkQueue done
Event: 6.704 Loading class java/util/concurrent/RunnableScheduledFuture
Event: 6.704 Loading class java/util/concurrent/RunnableFuture
Event: 6.704 Loading class java/util/concurrent/RunnableFuture done
Event: 6.704 Loading class java/util/concurrent/ScheduledFuture
Event: 6.704 Loading class java/util/concurrent/Delayed
Event: 6.704 Loading class java/util/concurrent/Delayed done
Event: 6.704 Loading class java/util/concurrent/ScheduledFuture done
Event: 6.704 Loading class java/util/concurrent/RunnableScheduledFuture done

Classes unloaded (0 events):
No events

Classes redefined (0 events):
No events

Internal exceptions (20 events):
Event: 0.684 Thread 0x00000205728ba360 Exception <a 'java/lang/NoSuchMethodError'{0x0000000089844208}: 'java.lang.Object java.lang.invoke.DirectMethodHandle$Holder.invokeInterface(java.lang.Object, java.lang.Object)'> (0x0000000089844208) 
thrown [s\src\hotspot\share\interpreter\linkResolver.cpp, line 773]
Event: 0.688 Thread 0x00000205728ba360 Exception <a 'java/lang/NoSuchMethodError'{0x0000000089857c78}: 'java.lang.Object java.lang.invoke.Invokers$Holder.invokeExact_MT(java.lang.Object, java.lang.Object, java.lang.Object, java.lang.Object, java.lang.Object, java.lang.Object)'> (0x0000000089857c78) 
thrown [s\src\hotspot\share\interpreter\linkResolver.cpp, line 773]
Event: 0.692 Thread 0x00000205728ba360 Exception <a 'java/lang/NoSuchMethodError'{0x000000008986ed50}: 'int java.lang.invoke.DirectMethodHandle$Holder.invokeStatic(java.lang.Object, java.lang.Object, java.lang.Object, java.lang.Object, java.lang.Object)'> (0x000000008986ed50) 
thrown [s\src\hotspot\share\interpreter\linkResolver.cpp, line 773]
Event: 0.714 Thread 0x00000205728ba360 Exception <a 'java/lang/NoSuchMethodError'{0x0000000089704bc0}: 'java.lang.Object java.lang.invoke.DirectMethodHandle$Holder.invokeInterface(java.lang.Object, java.lang.Object, int)'> (0x0000000089704bc0) 
thrown [s\src\hotspot\share\interpreter\linkResolver.cpp, line 773]
Event: 0.811 Thread 0x00000205728ba360 Exception <a 'java/lang/NoSuchMethodError'{0x0000000089371450}: 'java.lang.ClassLoader java.lang.ClassLoader.getPlatformClassLoader(java.lang.Class)'> (0x0000000089371450) 
thrown [s\src\hotspot\share\interpreter\linkResolver.cpp, line 773]
Event: 0.878 Thread 0x00000205728ba360 Exception <a 'java/lang/ClassNotFoundException'{0x000000008a6c3f68}: sun/net/www/protocol/c/Handler> (0x000000008a6c3f68) 
thrown [s\src\hotspot\share\classfile\systemDictionary.cpp, line 312]
Event: 0.878 Thread 0x00000205728ba360 Exception <a 'java/lang/ClassNotFoundException'{0x000000008a6c5310}: sun/net/www/protocol/c/Handler> (0x000000008a6c5310) 
thrown [s\src\hotspot\share\classfile\systemDictionary.cpp, line 312]
Event: 0.879 Thread 0x00000205728ba360 Exception <a 'java/lang/ClassNotFoundException'{0x000000008a6c64f8}: sun/net/www/protocol/c/Handler> (0x000000008a6c64f8) 
thrown [s\src\hotspot\share\classfile\systemDictionary.cpp, line 312]
Event: 0.920 Thread 0x00000205728ba360 Exception <a 'java/io/FileNotFoundException'{0x000000008a6f81b8}> (0x000000008a6f81b8) 
thrown [s\src\hotspot\share\prims\jni.cpp, line 520]
Event: 0.990 Thread 0x00000205728ba360 Implicit null exception at 0x0000020507b3e50d to 0x0000020507b3fb56
Event: 0.990 Thread 0x00000205728ba360 Implicit null exception at 0x0000020507b30b9a to 0x0000020507b30dbc
Event: 0.991 Thread 0x00000205728ba360 Exception <a 'java/lang/NoSuchMethodError'{0x000000008a429c00}: 'void java.lang.invoke.DirectMethodHandle$Holder.invokeStatic(java.lang.Object, java.lang.Object, java.lang.Object, java.lang.Object)'> (0x000000008a429c00) 
thrown [s\src\hotspot\share\interpreter\linkResolver.cpp, line 773]
Event: 0.992 Thread 0x00000205728ba360 Implicit null exception at 0x0000020507b36b1a to 0x0000020507b36d3c
Event: 0.993 Thread 0x00000205728ba360 Implicit null exception at 0x0000020507b2e340 to 0x0000020507b2e3c5
Event: 1.227 Thread 0x00000205728ba360 Exception <a 'java/lang/NoSuchMethodError'{0x000000008a2c23c0}: 'void java.lang.invoke.DirectMethodHandle$Holder.invokeSpecial(java.lang.Object, java.lang.Object, java.lang.Object)'> (0x000000008a2c23c0) 
thrown [s\src\hotspot\share\interpreter\linkResolver.cpp, line 773]
Event: 6.657 Thread 0x00000205728ba360 Exception <a 'java/lang/NoSuchMethodError'{0x00000000898b4110}: 'int java.lang.invoke.DirectMethodHandle$Holder.invokeVirtual(java.lang.Object, java.lang.Object)'> (0x00000000898b4110) 
thrown [s\src\hotspot\share\interpreter\linkResolver.cpp, line 773]
Event: 6.697 Thread 0x00000205728ba360 Exception <a 'java/lang/NoSuchMethodError'{0x000000008962bb38}: 'int java.lang.invoke.DirectMethodHandle$Holder.invokeStaticInit(java.lang.Object, java.lang.Object, java.lang.Object, java.lang.Object)'> (0x000000008962bb38) 
thrown [s\src\hotspot\share\interpreter\linkResolver.cpp, line 773]
Event: 6.698 Thread 0x00000205728ba360 Exception <a 'java/lang/IncompatibleClassChangeError'{0x0000000089633f40}: Found class java.lang.Object, but interface was expected> (0x0000000089633f40) 
thrown [s\src\hotspot\share\interpreter\linkResolver.cpp, line 840]
Event: 6.698 Thread 0x00000205728ba360 Exception <a 'java/lang/NoSuchMethodError'{0x000000008963a510}: 'void java.lang.invoke.DirectMethodHandle$Holder.invokeStaticInit(java.lang.Object, java.lang.Object)'> (0x000000008963a510) 
thrown [s\src\hotspot\share\interpreter\linkResolver.cpp, line 773]
Event: 6.699 Thread 0x00000205728ba360 Exception <a 'java/lang/NoSuchMethodError'{0x0000000089643768}: 'int java.lang.invoke.DirectMethodHandle$Holder.invokeStaticInit(java.lang.Object, java.lang.Object)'> (0x0000000089643768) 
thrown [s\src\hotspot\share\interpreter\linkResolver.cpp, line 773]

ZGC Phase Switch (0 events):
No events

VM Operations (17 events):
Event: 0.116 Executing non-safepoint VM operation: HandshakeAllThreads (Deoptimize)
Event: 0.116 Executing non-safepoint VM operation: HandshakeAllThreads (Deoptimize) done
Event: 0.274 Executing non-safepoint VM operation: HandshakeAllThreads (Deoptimize)
Event: 0.274 Executing non-safepoint VM operation: HandshakeAllThreads (Deoptimize) done
Event: 0.605 Executing non-safepoint VM operation: HandshakeAllThreads (Deoptimize)
Event: 0.605 Executing non-safepoint VM operation: HandshakeAllThreads (Deoptimize) done
Event: 0.619 Executing non-safepoint VM operation: HandshakeAllThreads (Deoptimize)
Event: 0.619 Executing non-safepoint VM operation: HandshakeAllThreads (Deoptimize) done
Event: 0.834 Executing safepoint VM operation: G1CollectForAllocation (G1 Evacuation Pause)
Event: 0.839 Executing safepoint VM operation: G1CollectForAllocation (G1 Evacuation Pause) done
Event: 0.856 Executing non-safepoint VM operation: HandshakeAllThreads (Deoptimize)
Event: 0.856 Executing non-safepoint VM operation: HandshakeAllThreads (Deoptimize) done
Event: 1.869 Executing safepoint VM operation: Cleanup
Event: 1.870 Executing safepoint VM operation: Cleanup done
Event: 5.887 Executing safepoint VM operation: Cleanup
Event: 5.887 Executing safepoint VM operation: Cleanup done
Event: 6.890 Executing safepoint VM operation: Cleanup

Memory protections (0 events):
No events

Nmethod flushes (0 events):
No events

Events (18 events):
Event: 0.043 Thread 0x00000205728ba360 Thread added: 0x00000205728ba360
Event: 0.064 Thread 0x00000205728ba360 Thread added: 0x000002057af87000
Event: 0.064 Thread 0x00000205728ba360 Thread added: 0x000002057af8a310
Event: 0.064 Thread 0x00000205728ba360 Thread added: 0x000002057af90ee0
Event: 0.064 Thread 0x00000205728ba360 Thread added: 0x000002057af91940
Event: 0.064 Thread 0x00000205728ba360 Thread added: 0x000002057af923a0
Event: 0.064 Thread 0x00000205728ba360 Thread added: 0x000002057af92e00
Event: 0.064 Thread 0x00000205728ba360 Thread added: 0x000002057af93b90
Event: 0.064 Thread 0x00000205728ba360 Thread added: 0x000002057af96de0
Event: 0.154 Thread 0x00000205728ba360 Thread added: 0x000002057f217c20
Event: 0.363 Thread 0x000002057af93b90 Thread added: 0x000002057f34bd70
Event: 0.456 Thread 0x00000205728ba360 Thread added: 0x000002057f329050
Event: 0.590 Thread 0x000002057af96de0 Thread added: 0x000002057f54db50
Event: 1.054 Thread 0x000002057f54db50 Thread exited: 0x000002057f54db50
Event: 1.196 Thread 0x000002057f34bd70 Thread exited: 0x000002057f34bd70
Event: 1.315 Thread 0x000002057af96de0 Thread added: 0x000002057f74e140
Event: 1.317 Thread 0x000002057f74e140 Thread added: 0x000002057f74ec00
Event: 2.430 Thread 0x000002057f74ec00 Thread exited: 0x000002057f74ec00


Dynamic libraries:
0x00007ff7e24b0000 - 0x00007ff7e24be000 	c:\Users\91878\.vscode\extensions\redhat.java-1.53.0-win32-x64\jre\21.0.10-win32-x86_64\bin\java.exe
0x00007fffb39c0000 - 0x00007fffb3c27000 	C:\WINDOWS\SYSTEM32\ntdll.dll
0x00007fffb21e0000 - 0x00007fffb22a9000 	C:\WINDOWS\System32\KERNEL32.DLL
0x00007fffb0350000 - 0x00007fffb0741000 	C:\WINDOWS\System32\KERNELBASE.dll
0x00007fffb0750000 - 0x00007fffb089b000 	C:\WINDOWS\System32\ucrtbase.dll
0x00007fff9d330000 - 0x00007fff9d348000 	c:\Users\91878\.vscode\extensions\redhat.java-1.53.0-win32-x64\jre\21.0.10-win32-x86_64\bin\jli.dll
0x00007fff91cc0000 - 0x00007fff91cde000 	c:\Users\91878\.vscode\extensions\redhat.java-1.53.0-win32-x64\jre\21.0.10-win32-x86_64\bin\VCRUNTIME140.dll
0x00007fffb1a80000 - 0x00007fffb1c45000 	C:\WINDOWS\System32\USER32.dll
0x00007fffb1730000 - 0x00007fffb1757000 	C:\WINDOWS\System32\win32u.dll
0x00007fff94d90000 - 0x00007fff95023000 	C:\WINDOWS\WinSxS\amd64_microsoft.windows.common-controls_6595b64144ccf1df_6.0.26100.8037_none_3e092faae333b53b\COMCTL32.dll
0x00007fffb3500000 - 0x00007fffb352b000 	C:\WINDOWS\System32\GDI32.dll
0x00007fffb1830000 - 0x00007fffb18d9000 	C:\WINDOWS\System32\msvcrt.dll
0x00007fffb08a0000 - 0x00007fffb09cb000 	C:\WINDOWS\System32\gdi32full.dll
0x00007fffb02a0000 - 0x00007fffb0343000 	C:\WINDOWS\System32\msvcp_win.dll
0x00007fffb1d50000 - 0x00007fffb1d81000 	C:\WINDOWS\System32\IMM32.DLL
0x00007fff9f650000 - 0x00007fff9f65c000 	c:\Users\91878\.vscode\extensions\redhat.java-1.53.0-win32-x64\jre\21.0.10-win32-x86_64\bin\vcruntime140_1.dll
0x00007fff443c0000 - 0x00007fff4444d000 	c:\Users\91878\.vscode\extensions\redhat.java-1.53.0-win32-x64\jre\21.0.10-win32-x86_64\bin\msvcp140.dll
0x00007fff22c40000 - 0x00007fff239e1000 	c:\Users\91878\.vscode\extensions\redhat.java-1.53.0-win32-x64\jre\21.0.10-win32-x86_64\bin\server\jvm.dll
0x00007fffb3530000 - 0x00007fffb35eb000 	C:\WINDOWS\System32\ADVAPI32.dll
0x00007fffb1d90000 - 0x00007fffb1e37000 	C:\WINDOWS\System32\sechost.dll
0x00007fffb2770000 - 0x00007fffb2888000 	C:\WINDOWS\System32\RPCRT4.dll
0x00007fffb2350000 - 0x00007fffb23c4000 	C:\WINDOWS\System32\WS2_32.dll
0x00007fffb0100000 - 0x00007fffb015e000 	C:\WINDOWS\SYSTEM32\POWRPROF.dll
0x00007fff9e320000 - 0x00007fff9e355000 	C:\WINDOWS\SYSTEM32\WINMM.dll
0x00007fffaa8e0000 - 0x00007fffaa8eb000 	C:\WINDOWS\SYSTEM32\VERSION.dll
0x00007fffb00e0000 - 0x00007fffb00f4000 	C:\WINDOWS\SYSTEM32\UMPDC.dll
0x00007fffaf030000 - 0x00007fffaf04b000 	C:\WINDOWS\SYSTEM32\kernel.appcore.dll
0x00007fff9d2d0000 - 0x00007fff9d2da000 	c:\Users\91878\.vscode\extensions\redhat.java-1.53.0-win32-x64\jre\21.0.10-win32-x86_64\bin\jimage.dll
0x00007fffa1590000 - 0x00007fffa17d2000 	C:\WINDOWS\SYSTEM32\DBGHELP.DLL
0x00007fffb35f0000 - 0x00007fffb3972000 	C:\WINDOWS\System32\combase.dll
0x00007fffb1f60000 - 0x00007fffb2037000 	C:\WINDOWS\System32\OLEAUT32.dll
0x00007fff80790000 - 0x00007fff807cb000 	C:\WINDOWS\SYSTEM32\dbgcore.DLL
0x00007fffb09d0000 - 0x00007fffb0a75000 	C:\WINDOWS\System32\bcryptPrimitives.dll
0x00007fff9a790000 - 0x00007fff9a79f000 	c:\Users\91878\.vscode\extensions\redhat.java-1.53.0-win32-x64\jre\21.0.10-win32-x86_64\bin\instrument.dll
0x00007fff91620000 - 0x00007fff91640000 	c:\Users\91878\.vscode\extensions\redhat.java-1.53.0-win32-x64\jre\21.0.10-win32-x86_64\bin\java.dll
0x00007fffb2890000 - 0x00007fffb2fef000 	C:\WINDOWS\System32\SHELL32.dll
0x00007fffb0bd0000 - 0x00007fffb0d3a000 	C:\WINDOWS\System32\wintypes.dll
0x00007fffb0d40000 - 0x00007fffb15a4000 	C:\WINDOWS\System32\windows.storage.dll
0x00007fffb1e60000 - 0x00007fffb1f57000 	C:\WINDOWS\System32\SHCORE.dll
0x00007fffb22b0000 - 0x00007fffb2317000 	C:\WINDOWS\System32\shlwapi.dll
0x00007fffb01c0000 - 0x00007fffb01e9000 	C:\WINDOWS\SYSTEM32\profapi.dll
0x00007fff91600000 - 0x00007fff91618000 	c:\Users\91878\.vscode\extensions\redhat.java-1.53.0-win32-x64\jre\21.0.10-win32-x86_64\bin\zip.dll
0x00007fff91cb0000 - 0x00007fff91cc0000 	C:\Users\91878\.vscode\extensions\redhat.java-1.53.0-win32-x64\jre\21.0.10-win32-x86_64\bin\net.dll
0x00007fffa9b50000 - 0x00007fffa9c77000 	C:\WINDOWS\SYSTEM32\WINHTTP.dll
0x00007fffaf5a0000 - 0x00007fffaf60b000 	C:\WINDOWS\system32\mswsock.dll
0x00007fff915e0000 - 0x00007fff915f6000 	C:\Users\91878\.vscode\extensions\redhat.java-1.53.0-win32-x64\jre\21.0.10-win32-x86_64\bin\nio.dll
0x00007fffaae70000 - 0x00007fffaae80000 	c:\Users\91878\.vscode\extensions\redhat.java-1.53.0-win32-x64\jre\21.0.10-win32-x86_64\bin\verify.dll

JVMTI agents:
c:\Users\91878\.vscode\extensions\redhat.java-1.53.0-win32-x64\lombok\lombok-1.18.39-4050.jar path:c:\Users\91878\.vscode\extensions\redhat.java-1.53.0-win32-x64\jre\21.0.10-win32-x86_64\bin\instrument.dll, loaded, initialized, instrumentlib options:none

dbghelp: loaded successfully - version: 4.0.5 - missing functions: none
symbol engine: initialized successfully - sym options: 0x614 - pdb path: .;c:\Users\91878\.vscode\extensions\redhat.java-1.53.0-win32-x64\jre\21.0.10-win32-x86_64\bin;C:\WINDOWS\SYSTEM32;C:\WINDOWS\WinSxS\amd64_microsoft.windows.common-controls_6595b64144ccf1df_6.0.26100.8037_none_3e092faae333b53b;c:\Users\91878\.vscode\extensions\redhat.java-1.53.0-win32-x64\jre\21.0.10-win32-x86_64\bin\server

VM Arguments:
jvm_args: --add-modules=ALL-SYSTEM --add-opens=java.base/java.util=ALL-UNNAMED --add-opens=java.base/java.lang=ALL-UNNAMED --add-opens=java.base/sun.nio.fs=ALL-UNNAMED -Declipse.application=org.eclipse.jdt.ls.core.id1 -Dosgi.bundles.defaultStartLevel=4 -Declipse.product=org.eclipse.jdt.ls.core.product -Djava.import.generatesMetadataFilesAtProjectRoot=false -DDetectVMInstallationsJob.disabled=true -Dfile.encoding=utf8 -Xlog:disable -javaagent:c:\Users\91878\.vscode\extensions\redhat.java-1.53.0-win32-x64\lombok\lombok-1.18.39-4050.jar -XX:+HeapDumpOnOutOfMemoryError -XX:HeapDumpPath=c:\Users\91878\AppData\Roaming\Code\User\workspaceStorage\7773cde8fc2acf502badf6c2c1cb5445\redhat.java -Daether.dependencyCollector.impl=bf 
java_command: c:\Users\91878\.vscode\extensions\redhat.java-1.53.0-win32-x64\server\plugins\org.eclipse.equinox.launcher_1.7.100.v20251111-0406.jar -configuration c:\Users\91878\AppData\Roaming\Code\User\globalStorage\redhat.java\1.53.0\config_win -data c:\Users\91878\AppData\Roaming\Code\User\workspaceStorage\7773cde8fc2acf502badf6c2c1cb5445\redhat.java\jdt_ws --pipe=\\.\pipe\lsp-d5be0d3e820627effc6b27b0f25a8cfa-sock
java_class_path (initial): c:\Users\91878\.vscode\extensions\redhat.java-1.53.0-win32-x64\server\plugins\org.eclipse.equinox.launcher_1.7.100.v20251111-0406.jar
Launcher Type: SUN_STANDARD

[Global flags]
     intx CICompilerCount                          = 4                                         {product} {ergonomic}
     uint ConcGCThreads                            = 2                                         {product} {ergonomic}
     uint G1ConcRefinementThreads                  = 8                                         {product} {ergonomic}
   size_t G1HeapRegionSize                         = 1048576                                   {product} {ergonomic}
    uintx GCDrainStackTargetSize                   = 64                                        {product} {ergonomic}
     bool HeapDumpOnOutOfMemoryError               = true                                   {manageable} {command line}
    ccstr HeapDumpPath                             = c:\Users\91878\AppData\Roaming\Code\User\workspaceStorage\7773cde8fc2acf502badf6c2c1cb5445\redhat.java         {manageable} {command line}
   size_t InitialHeapSize                          = 132120576                                 {product} {ergonomic}
   size_t MarkStackSize                            = 4194304                                   {product} {ergonomic}
   size_t MaxHeapSize                              = 2103443456                                {product} {ergonomic}
   size_t MaxNewSize                               = 1261436928                                {product} {ergonomic}
   size_t MinHeapDeltaBytes                        = 1048576                                   {product} {ergonomic}
   size_t MinHeapSize                              = 8388608                                   {product} {ergonomic}
    uintx NonNMethodCodeHeapSize                   = 5839372                                {pd product} {ergonomic}
    uintx NonProfiledCodeHeapSize                  = 122909434                              {pd product} {ergonomic}
    uintx ProfiledCodeHeapSize                     = 122909434                              {pd product} {ergonomic}
    uintx ReservedCodeCacheSize                    = 251658240                              {pd product} {ergonomic}
     bool SegmentedCodeCache                       = true                                      {product} {ergonomic}
   size_t SoftMaxHeapSize                          = 2103443456                             {manageable} {ergonomic}
     bool UseCompressedOops                        = true                           {product lp64_product} {ergonomic}
     bool UseG1GC                                  = true                                      {product} {ergonomic}
     bool UseLargePagesIndividualAllocation        = false                                  {pd product} {ergonomic}

Logging:
Log output configuration:
 #0: stdout all=off uptime,level,tags foldmultilines=false
 #1: stderr all=off uptime,level,tags foldmultilines=false

Release file:
JAVA_VERSION="21.0.10" 
MODULES="java.base java.compiler java.datatransfer java.xml java.prefs java.desktop java.instrument java.logging java.management java.security.sasl java.naming java.rmi java.management.rmi java.net.http java.scripting java.security.jgss java.transaction.xa java.sql java.sql.rowset java.xml.crypto java.se java.smartcardio jdk.accessibility jdk.internal.jvmstat jdk.attach jdk.charsets jdk.internal.opt jdk.zipfs jdk.compiler jdk.crypto.ec jdk.crypto.cryptoki jdk.crypto.mscapi jdk.dynalink jdk.internal.ed jdk.editpad jdk.hotspot.agent jdk.httpserver jdk.internal.le jdk.internal.vm.ci jdk.internal.vm.compiler jdk.internal.vm.compiler.management jdk.jartool jdk.javadoc jdk.jcmd jdk.management jdk.management.agent jdk.jconsole jdk.jdeps jdk.jdwp.agent jdk.jdi jdk.jfr jdk.jshell jdk.jsobject jdk.jstatd jdk.localedata jdk.management.jfr jdk.naming.dns jdk.naming.rmi jdk.net jdk.nio.mapmode jdk.random jdk.sctp jdk.security.auth jdk.security.jgss jdk.unsupported jdk.unsupported.desktop jdk.xml.dom" 

Environment Variables:
JAVA_HOME=C:\Program Files\Java\jdk-25
PATH=C:\Users\91878\AppData\Local\Programs\Microsoft VS Code;C:\Program Files\Common Files\Oracle\Java\javapath;C:\MinGW\bin;C:\Windows;C:\Windows\System32\Wbem;C:\Windows\System32\WindowsPowerShell\v1.0\;C:\Windows\System32\OpenSSH\;C:\Program Files (x86)\NVIDIA Corporation\PhysX\Common;C:\Program Files\NVIDIA Corporation\NVIDIA NvDLISR;C:\WINDOWS\system32;C:\WINDOWS;C:\WINDOWS\System32\Wbem;C:\WINDOWS\System32\WindowsPowerShell\v1.0\;C:\WINDOWS\System32\OpenSSH\;C:\Program Files (x86)\Microsoft SQL Server\Client SDK\ODBC\110\Tools\Binn\;C:\Program Files\Microsoft SQL Server\Client SDK\ODBC\110\Tools\Binn\;C:\Program Files\MySQL\MySQL Server 5.5\bin;C:\Program Files\dotnet\;C:\Program Files (x86)\Windows Kits\10\Windows Performance Toolkit\;C:\Program Files\nodejs\;C:\Program Files\gnuplot\bin;C:\Program Files\Git\cmd;C:\Users\91878\AppData\Local\Microsoft\WindowsApps;C:\Users\91878\AppData\Local\Programs\Microsoft VS Code\bin;C:\Users\91878\AppData\Roaming\npm;C:\Program Files\MongoDB\Server\8.2\bin;C:\Program Files\JetBrains\IntelliJ IDEA 2025.3.1.1\bin;C:\Users\91878\AppData\Local\Programs\cursor\resources\app\bin
USERNAME=91878
OS=Windows_NT
PROCESSOR_IDENTIFIER=Intel64 Family 6 Model 142 Stepping 12, GenuineIntel
TMP=C:\Users\91878\AppData\Local\Temp
TEMP=C:\Users\91878\AppData\Local\Temp




Periodic native trim disabled

---------------  S Y S T E M  ---------------

OS:
 Windows 11 , 64 bit Build 26100 (10.0.26100.7920)
OS uptime: 1 days 8:44 hours

CPU: total 8 (initial active 8) (4 cores per cpu, 2 threads per core) family 6 model 142 stepping 12 microcode 0xde, cx8, cmov, fxsr, ht, mmx, 3dnowpref, sse, sse2, sse3, ssse3, sse4.1, sse4.2, popcnt, lzcnt, tsc, tscinvbit, avx, avx2, aes, erms, clmul, bmi1, bmi2, adx, fma, vzeroupper, clflush, clflushopt, rdtscp, f16c
Processor Information for the first 8 processors :
  Max Mhz: 2112, Current Mhz: 1609, Mhz Limit: 1605

Memory: 4k page, system-wide physical 8020M (1056M free)
TotalPageFile size 9918M (AvailPageFile size 62M)
current process WorkingSet (physical memory assigned to process): 89M, peak: 90M
current process commit charge ("private bytes"): 223M, peak: 226M

vm_info: OpenJDK 64-Bit Server VM (21.0.10+7-LTS) for windows-amd64 JRE (21.0.10+7-LTS), built on 2026-01-20T00:00:00Z by "admin" with MS VC++ 17.12 (VS2022)

END.
