#
# There is insufficient memory for the Java Runtime Environment to continue.
# Native memory allocation (malloc) failed to allocate 1271616 bytes. Error detail: Chunk::new
# Possible reasons:
#   The system is out of physical RAM or swap space
#   This process is running with CompressedOops enabled, and the Java Heap may be blocking the growth of the native heap
# Possible solutions:
#   Reduce memory load on the system
#   Increase physical memory or swap space
#   Check if swap backing store is full
#   Decrease Java heap size (-Xmx/-Xms)
#   Decrease number of Java threads
#   Decrease Java thread stack sizes (-Xss)
#   Set larger code cache with -XX:ReservedCodeCacheSize=
#   JVM is running with Unscaled Compressed Oops mode in which the Java heap is
#     placed in the first 4GB address space. The Java Heap base address is the
#     maximum limit for the native heap growth. Please use -XX:HeapBaseMinAddress
#     to set the Java Heap base and to place the Java Heap above 4GB virtual address.
# This output file may be truncated or incomplete.
#
#  Out of Memory Error (arena.cpp:168), pid=9924, tid=17840
#
# JRE version: OpenJDK Runtime Environment Temurin-21.0.10+7 (21.0.10+7) (build 21.0.10+7-LTS)
# Java VM: OpenJDK 64-Bit Server VM Temurin-21.0.10+7 (21.0.10+7-LTS, mixed mode, sharing, tiered, compressed oops, compressed class ptrs, g1 gc, windows-amd64)
# No core dump will be written. Minidumps are not enabled by default on client versions of Windows
#

---------------  S U M M A R Y ------------

Command Line: --add-modules=ALL-SYSTEM --add-opens=java.base/java.util=ALL-UNNAMED --add-opens=java.base/java.lang=ALL-UNNAMED --add-opens=java.base/sun.nio.fs=ALL-UNNAMED -Declipse.application=org.eclipse.jdt.ls.core.id1 -Dosgi.bundles.defaultStartLevel=4 -Declipse.product=org.eclipse.jdt.ls.core.product -Djava.import.generatesMetadataFilesAtProjectRoot=false -DDetectVMInstallationsJob.disabled=true -Dfile.encoding=utf8 -Xlog:disable -javaagent:c:\Users\91878\.vscode\extensions\redhat.java-1.53.0-win32-x64\lombok\lombok-1.18.39-4050.jar -XX:+HeapDumpOnOutOfMemoryError -XX:HeapDumpPath=c:\Users\91878\AppData\Roaming\Code\User\workspaceStorage\7773cde8fc2acf502badf6c2c1cb5445\redhat.java -Daether.dependencyCollector.impl=bf c:\Users\91878\.vscode\extensions\redhat.java-1.53.0-win32-x64\server\plugins\org.eclipse.equinox.launcher_1.7.100.v20251111-0406.jar -configuration c:\Users\91878\AppData\Roaming\Code\User\globalStorage\redhat.java\1.53.0\config_win -data c:\Users\91878\AppData\Roaming\Code\User\workspaceStorage\7773cde8fc2acf502badf6c2c1cb5445\redhat.java\jdt_ws --pipe=\\.\pipe\lsp-4a97c4dd6406726725bb0a980495dbab-sock

Host: Intel(R) Core(TM) i5-10210U CPU @ 1.60GHz, 8 cores, 7G,  Windows 11 , 64 bit Build 26100 (10.0.26100.7920)
Time: Sun Apr 12 11:36:13 2026 India Standard Time elapsed time: 2.468564 seconds (0d 0h 0m 2s)

---------------  T H R E A D  ---------------

Current thread (0x0000021fa2c71060):  JavaThread "C2 CompilerThread1" daemon [_thread_in_native, id=17840, stack(0x000000e85f400000,0x000000e85f500000) (1024K)]


Current CompileTask:
C2:2468 2961       4       java.lang.invoke.MethodType::makeImpl (109 bytes)

Stack: [0x000000e85f400000,0x000000e85f500000]
Native frames: (J=compiled Java code, j=interpreted, Vv=VM code, C=native code)
V  [jvm.dll+0x6d7a39]
V  [jvm.dll+0x8b4b26]
V  [jvm.dll+0x8b70de]
V  [jvm.dll+0x8b77c3]
V  [jvm.dll+0x284346]
V  [jvm.dll+0xc66ed]
V  [jvm.dll+0xc6c31]
V  [jvm.dll+0x3bec3b]
V  [jvm.dll+0x1e3d62]
V  [jvm.dll+0x24c6b3]
V  [jvm.dll+0x24bb40]
V  [jvm.dll+0x1cb34e]
V  [jvm.dll+0x25b85d]
V  [jvm.dll+0x259dea]
V  [jvm.dll+0x3f857e]
V  [jvm.dll+0x85f59d]
V  [jvm.dll+0x6d626d]
C  [ucrtbase.dll+0x37b0]
C  [KERNEL32.DLL+0x2e8d7]
C  [ntdll.dll+0x8c48c]


---------------  P R O C E S S  ---------------

Threads class SMR info:
_java_thread_list=0x0000021fe8ef56d0, length=23, elements={
0x0000021f8b47e190, 0x0000021fa2b578c0, 0x0000021fa2b58520, 0x0000021fa2b5f890,
0x0000021fa2b602f0, 0x0000021fa2b614f0, 0x0000021fa2b665f0, 0x0000021fa2b67c50,
0x0000021fa2b6b880, 0x0000021fa2c71060, 0x0000021fa2dfdf00, 0x0000021fe8075500,
0x0000021fe8100bb0, 0x0000021fe8b0cf50, 0x0000021fe89029f0, 0x0000021fe8999910,
0x0000021fe87a8b00, 0x0000021fe88abba0, 0x0000021fe8d4e900, 0x0000021fe8c0caf0,
0x0000021fe919b600, 0x0000021fe919a8e0, 0x0000021fe919c9b0
}

Java Threads: ( => current thread )
  0x0000021f8b47e190 JavaThread "main"                              [_thread_blocked, id=14920, stack(0x000000e85e400000,0x000000e85e500000) (1024K)]
  0x0000021fa2b578c0 JavaThread "Reference Handler"          daemon [_thread_blocked, id=16272, stack(0x000000e85ec00000,0x000000e85ed00000) (1024K)]
  0x0000021fa2b58520 JavaThread "Finalizer"                  daemon [_thread_blocked, id=6588, stack(0x000000e85ed00000,0x000000e85ee00000) (1024K)]
  0x0000021fa2b5f890 JavaThread "Signal Dispatcher"          daemon [_thread_blocked, id=6124, stack(0x000000e85ee00000,0x000000e85ef00000) (1024K)]
  0x0000021fa2b602f0 JavaThread "Attach Listener"            daemon [_thread_blocked, id=10088, stack(0x000000e85ef00000,0x000000e85f000000) (1024K)]
  0x0000021fa2b614f0 JavaThread "Service Thread"             daemon [_thread_blocked, id=14132, stack(0x000000e85f000000,0x000000e85f100000) (1024K)]
  0x0000021fa2b665f0 JavaThread "Monitor Deflation Thread"   daemon [_thread_blocked, id=15520, stack(0x000000e85f100000,0x000000e85f200000) (1024K)]
  0x0000021fa2b67c50 JavaThread "C2 CompilerThread0"         daemon [_thread_in_vm, id=12860, stack(0x000000e85f200000,0x000000e85f300000) (1024K)]
  0x0000021fa2b6b880 JavaThread "C1 CompilerThread0"         daemon [_thread_in_vm, id=4480, stack(0x000000e85f300000,0x000000e85f400000) (1024K)]
=>0x0000021fa2c71060 JavaThread "C2 CompilerThread1"         daemon [_thread_in_native, id=17840, stack(0x000000e85f400000,0x000000e85f500000) (1024K)]
  0x0000021fa2dfdf00 JavaThread "Common-Cleaner"             daemon [_thread_blocked, id=11760, stack(0x000000e85f500000,0x000000e85f600000) (1024K)]
  0x0000021fe8075500 JavaThread "Notification Thread"        daemon [_thread_blocked, id=13236, stack(0x000000e85f600000,0x000000e85f700000) (1024K)]
  0x0000021fe8100bb0 JavaThread "C2 CompilerThread2"         daemon [_thread_in_vm, id=16128, stack(0x000000e85f700000,0x000000e85f800000) (1024K)]
  0x0000021fe8b0cf50 JavaThread "Active Thread: Equinox Container: 9af8380b-1c9a-4a80-affe-6cc7c6d52793"        [_thread_blocked, id=12652, stack(0x000000e85fe00000,0x000000e85ff00000) (1024K)]
  0x0000021fe89029f0 JavaThread "Refresh Thread: Equinox Container: 9af8380b-1c9a-4a80-affe-6cc7c6d52793" daemon [_thread_blocked, id=9492, stack(0x000000e85ff00000,0x000000e860000000) (1024K)]
  0x0000021fe8999910 JavaThread "Framework Event Dispatcher: Equinox Container: 9af8380b-1c9a-4a80-affe-6cc7c6d52793" daemon [_thread_blocked, id=10504, stack(0x000000e860000000,0x000000e860100000) (1024K)]
  0x0000021fe87a8b00 JavaThread "Start Level: Equinox Container: 9af8380b-1c9a-4a80-affe-6cc7c6d52793" daemon [_thread_blocked, id=2404, stack(0x000000e860100000,0x000000e860200000) (1024K)]
  0x0000021fe88abba0 JavaThread "Bundle File Closer"         daemon [_thread_blocked, id=4172, stack(0x000000e860300000,0x000000e860400000) (1024K)]
  0x0000021fe8d4e900 JavaThread "SCR Component Actor"        daemon [_thread_blocked, id=15584, stack(0x000000e860400000,0x000000e860500000) (1024K)]
  0x0000021fe8c0caf0 JavaThread "Worker-JM"                         [_thread_blocked, id=18012, stack(0x000000e860500000,0x000000e860600000) (1024K)]
  0x0000021fe919b600 JavaThread "JNA Cleaner"                daemon [_thread_blocked, id=12208, stack(0x000000e860600000,0x000000e860700000) (1024K)]
  0x0000021fe919a8e0 JavaThread "Worker-0: Checking project encoding"        [_thread_blocked, id=17312, stack(0x000000e860700000,0x000000e860800000) (1024K)]
  0x0000021fe919c9b0 JavaThread "Worker-1"                          [_thread_blocked, id=1344, stack(0x000000e860800000,0x000000e860900000) (1024K)]
Total: 23

Other Threads:
  0x0000021fa2b33400 VMThread "VM Thread"                           [id=13376, stack(0x000000e85eb00000,0x000000e85ec00000) (1024K)]
  0x0000021fa2b23be0 WatcherThread "VM Periodic Task Thread"        [id=2080, stack(0x000000e85ea00000,0x000000e85eb00000) (1024K)]
  0x0000021f8b4db570 WorkerThread "GC Thread#0"                     [id=3552, stack(0x000000e85e500000,0x000000e85e600000) (1024K)]
  0x0000021fe83f9170 WorkerThread "GC Thread#1"                     [id=11192, stack(0x000000e85f800000,0x000000e85f900000) (1024K)]
  0x0000021fe80124f0 WorkerThread "GC Thread#2"                     [id=12676, stack(0x000000e85f900000,0x000000e85fa00000) (1024K)]
  0x0000021fe848f7c0 WorkerThread "GC Thread#3"                     [id=13016, stack(0x000000e85fa00000,0x000000e85fb00000) (1024K)]
  0x0000021fe81d8e30 WorkerThread "GC Thread#4"                     [id=6660, stack(0x000000e85fb00000,0x000000e85fc00000) (1024K)]
  0x0000021fe81d91e0 WorkerThread "GC Thread#5"                     [id=7228, stack(0x000000e85fc00000,0x000000e85fd00000) (1024K)]
  0x0000021fe81d9590 WorkerThread "GC Thread#6"                     [id=15328, stack(0x000000e85fd00000,0x000000e85fe00000) (1024K)]
  0x0000021fe86c0fc0 WorkerThread "GC Thread#7"                     [id=1560, stack(0x000000e860200000,0x000000e860300000) (1024K)]
  0x0000021f8b4ed5c0 ConcurrentGCThread "G1 Main Marker"            [id=12720, stack(0x000000e85e600000,0x000000e85e700000) (1024K)]
  0x0000021f8b4ee780 WorkerThread "G1 Conc#0"                       [id=17684, stack(0x000000e85e700000,0x000000e85e800000) (1024K)]
  0x0000021fa29e33d0 ConcurrentGCThread "G1 Refine#0"               [id=15012, stack(0x000000e85e800000,0x000000e85e900000) (1024K)]
  0x0000021fa29e4d10 ConcurrentGCThread "G1 Service"                [id=7868, stack(0x000000e85e900000,0x000000e85ea00000) (1024K)]
Total: 14

Threads with active compile tasks:
C2 CompilerThread0  2526 3302       4       jdk.internal.org.objectweb.asm.Frame::push (109 bytes)
C1 CompilerThread0  2527 3311       3       java.lang.invoke.MemberName$Factory::resolveOrNull (54 bytes)
C2 CompilerThread1  2527 2961       4       java.lang.invoke.MethodType::makeImpl (109 bytes)
C2 CompilerThread2  2527 3299   !   4       java.util.concurrent.ConcurrentHashMap::putVal (432 bytes)
Total: 4

VM state: not at safepoint (normal execution)

VM Mutex/Monitor currently owned by a thread:  ([mutex/lock_event])
[0x00007ff858c8d060] MethodCompileQueue_lock - owner thread: 0x0000021fa2b6b880
[0x00007ff858c8e460] CodeCache_lock - owner thread: 0x0000021fa2b6b880
[0x00007ff858c8e5e0] Compile_lock - owner thread: 0x0000021fa2b6b880

Heap address: 0x0000000082a00000, size: 2006 MB, Compressed Oops mode: 32-bit

CDS archive(s) mapped at: [0x0000021fa3000000-0x0000021fa3ba0000-0x0000021fa3ba0000), size 12189696, SharedBaseAddress: 0x0000021fa3000000, ArchiveRelocationMode: 1.
Compressed class space mapped at: 0x0000021fa4000000-0x0000021fe4000000, reserved size: 1073741824
Narrow klass base: 0x0000021fa3000000, Narrow klass shift: 0, Narrow klass range: 0x100000000

GC Precious Log:
 CardTable entry size: 512
 Card Set container configuration: InlinePtr #cards 5 size 8 Array Of Cards #cards 12 size 40 Howl #buckets 4 coarsen threshold 1843 Howl Bitmap #cards 512 size 80 coarsen threshold 460 Card regions per heap region 1 cards per card region 2048
 CPUs: 8 total, 8 available
 Memory: 8020M
 Large Page Support: Disabled
 NUMA Support: Disabled
 Compressed Oops: Enabled (32-bit)
 Heap Region Size: 1M
 Heap Min Capacity: 8M
 Heap Initial Capacity: 126M
 Heap Max Capacity: 2006M
 Pre-touch: Disabled
 Parallel Workers: 8
 Concurrent Workers: 2
 Concurrent Refinement Workers: 8
 Periodic GC: Disabled

Heap:
 garbage-first heap   total 129024K, used 29208K [0x0000000082a00000, 0x0000000100000000)
  region size 1024K, 27 young (27648K), 9 survivors (9216K)
 Metaspace       used 18431K, committed 19136K, reserved 1114112K
  class space    used 1961K, committed 2240K, reserved 1048576K

Heap Regions: E=young(eden), S=young(survivor), O=old, HS=humongous(starts), HC=humongous(continues), CS=collection set, F=free, TAMS=top-at-mark-start, PB=parsable bottom
|   0|0x0000000082a00000, 0x0000000082b00000, 0x0000000082b00000|100%| O|  |TAMS 0x0000000082a00000| PB 0x0000000082a00000| Untracked 
|   1|0x0000000082b00000, 0x0000000082c00000, 0x0000000082c00000|100%| O|  |TAMS 0x0000000082b00000| PB 0x0000000082b00000| Untracked 
|   2|0x0000000082c00000, 0x0000000082d00000, 0x0000000082d00000|100%| O|  |TAMS 0x0000000082c00000| PB 0x0000000082c00000| Untracked 
|   3|0x0000000082d00000, 0x0000000082d29f10, 0x0000000082e00000| 16%| O|  |TAMS 0x0000000082d00000| PB 0x0000000082d00000| Untracked 
|   4|0x0000000082e00000, 0x0000000082e00000, 0x0000000082f00000|  0%| F|  |TAMS 0x0000000082e00000| PB 0x0000000082e00000| Untracked 
|   5|0x0000000082f00000, 0x0000000082f00000, 0x0000000083000000|  0%| F|  |TAMS 0x0000000082f00000| PB 0x0000000082f00000| Untracked 
|   6|0x0000000083000000, 0x0000000083000000, 0x0000000083100000|  0%| F|  |TAMS 0x0000000083000000| PB 0x0000000083000000| Untracked 
|   7|0x0000000083100000, 0x0000000083100000, 0x0000000083200000|  0%| F|  |TAMS 0x0000000083100000| PB 0x0000000083100000| Untracked 
|   8|0x0000000083200000, 0x0000000083200000, 0x0000000083300000|  0%| F|  |TAMS 0x0000000083200000| PB 0x0000000083200000| Untracked 
|   9|0x0000000083300000, 0x0000000083300000, 0x0000000083400000|  0%| F|  |TAMS 0x0000000083300000| PB 0x0000000083300000| Untracked 
|  10|0x0000000083400000, 0x0000000083400000, 0x0000000083500000|  0%| F|  |TAMS 0x0000000083400000| PB 0x0000000083400000| Untracked 
|  11|0x0000000083500000, 0x0000000083500000, 0x0000000083600000|  0%| F|  |TAMS 0x0000000083500000| PB 0x0000000083500000| Untracked 
|  12|0x0000000083600000, 0x0000000083600000, 0x0000000083700000|  0%| F|  |TAMS 0x0000000083600000| PB 0x0000000083600000| Untracked 
|  13|0x0000000083700000, 0x0000000083700000, 0x0000000083800000|  0%| F|  |TAMS 0x0000000083700000| PB 0x0000000083700000| Untracked 
|  14|0x0000000083800000, 0x0000000083800000, 0x0000000083900000|  0%| F|  |TAMS 0x0000000083800000| PB 0x0000000083800000| Untracked 
|  15|0x0000000083900000, 0x0000000083900000, 0x0000000083a00000|  0%| F|  |TAMS 0x0000000083900000| PB 0x0000000083900000| Untracked 
|  16|0x0000000083a00000, 0x0000000083a00000, 0x0000000083b00000|  0%| F|  |TAMS 0x0000000083a00000| PB 0x0000000083a00000| Untracked 
|  17|0x0000000083b00000, 0x0000000083b00000, 0x0000000083c00000|  0%| F|  |TAMS 0x0000000083b00000| PB 0x0000000083b00000| Untracked 
|  18|0x0000000083c00000, 0x0000000083c00000, 0x0000000083d00000|  0%| F|  |TAMS 0x0000000083c00000| PB 0x0000000083c00000| Untracked 
|  19|0x0000000083d00000, 0x0000000083d00000, 0x0000000083e00000|  0%| F|  |TAMS 0x0000000083d00000| PB 0x0000000083d00000| Untracked 
|  20|0x0000000083e00000, 0x0000000083e00000, 0x0000000083f00000|  0%| F|  |TAMS 0x0000000083e00000| PB 0x0000000083e00000| Untracked 
|  21|0x0000000083f00000, 0x0000000083f00000, 0x0000000084000000|  0%| F|  |TAMS 0x0000000083f00000| PB 0x0000000083f00000| Untracked 
|  22|0x0000000084000000, 0x0000000084000000, 0x0000000084100000|  0%| F|  |TAMS 0x0000000084000000| PB 0x0000000084000000| Untracked 
|  23|0x0000000084100000, 0x0000000084100000, 0x0000000084200000|  0%| F|  |TAMS 0x0000000084100000| PB 0x0000000084100000| Untracked 
|  24|0x0000000084200000, 0x0000000084200000, 0x0000000084300000|  0%| F|  |TAMS 0x0000000084200000| PB 0x0000000084200000| Untracked 
|  25|0x0000000084300000, 0x0000000084300000, 0x0000000084400000|  0%| F|  |TAMS 0x0000000084300000| PB 0x0000000084300000| Untracked 
|  26|0x0000000084400000, 0x0000000084400000, 0x0000000084500000|  0%| F|  |TAMS 0x0000000084400000| PB 0x0000000084400000| Untracked 
|  27|0x0000000084500000, 0x0000000084500000, 0x0000000084600000|  0%| F|  |TAMS 0x0000000084500000| PB 0x0000000084500000| Untracked 
|  28|0x0000000084600000, 0x0000000084600000, 0x0000000084700000|  0%| F|  |TAMS 0x0000000084600000| PB 0x0000000084600000| Untracked 
|  29|0x0000000084700000, 0x0000000084700000, 0x0000000084800000|  0%| F|  |TAMS 0x0000000084700000| PB 0x0000000084700000| Untracked 
|  30|0x0000000084800000, 0x0000000084800000, 0x0000000084900000|  0%| F|  |TAMS 0x0000000084800000| PB 0x0000000084800000| Untracked 
|  31|0x0000000084900000, 0x0000000084900000, 0x0000000084a00000|  0%| F|  |TAMS 0x0000000084900000| PB 0x0000000084900000| Untracked 
|  32|0x0000000084a00000, 0x0000000084a00000, 0x0000000084b00000|  0%| F|  |TAMS 0x0000000084a00000| PB 0x0000000084a00000| Untracked 
|  33|0x0000000084b00000, 0x0000000084b00000, 0x0000000084c00000|  0%| F|  |TAMS 0x0000000084b00000| PB 0x0000000084b00000| Untracked 
|  34|0x0000000084c00000, 0x0000000084c00000, 0x0000000084d00000|  0%| F|  |TAMS 0x0000000084c00000| PB 0x0000000084c00000| Untracked 
|  35|0x0000000084d00000, 0x0000000084d00000, 0x0000000084e00000|  0%| F|  |TAMS 0x0000000084d00000| PB 0x0000000084d00000| Untracked 
|  36|0x0000000084e00000, 0x0000000084e00000, 0x0000000084f00000|  0%| F|  |TAMS 0x0000000084e00000| PB 0x0000000084e00000| Untracked 
|  37|0x0000000084f00000, 0x0000000084f00000, 0x0000000085000000|  0%| F|  |TAMS 0x0000000084f00000| PB 0x0000000084f00000| Untracked 
|  38|0x0000000085000000, 0x0000000085000000, 0x0000000085100000|  0%| F|  |TAMS 0x0000000085000000| PB 0x0000000085000000| Untracked 
|  39|0x0000000085100000, 0x0000000085100000, 0x0000000085200000|  0%| F|  |TAMS 0x0000000085100000| PB 0x0000000085100000| Untracked 
|  40|0x0000000085200000, 0x0000000085200000, 0x0000000085300000|  0%| F|  |TAMS 0x0000000085200000| PB 0x0000000085200000| Untracked 
|  41|0x0000000085300000, 0x0000000085300000, 0x0000000085400000|  0%| F|  |TAMS 0x0000000085300000| PB 0x0000000085300000| Untracked 
|  42|0x0000000085400000, 0x000000008545c480, 0x0000000085500000| 36%| S|CS|TAMS 0x0000000085400000| PB 0x0000000085400000| Complete 
|  43|0x0000000085500000, 0x0000000085600000, 0x0000000085600000|100%| S|CS|TAMS 0x0000000085500000| PB 0x0000000085500000| Complete 
|  44|0x0000000085600000, 0x0000000085700000, 0x0000000085700000|100%| S|CS|TAMS 0x0000000085600000| PB 0x0000000085600000| Complete 
|  45|0x0000000085700000, 0x0000000085800000, 0x0000000085800000|100%| S|CS|TAMS 0x0000000085700000| PB 0x0000000085700000| Complete 
|  46|0x0000000085800000, 0x0000000085900000, 0x0000000085900000|100%| S|CS|TAMS 0x0000000085800000| PB 0x0000000085800000| Complete 
|  47|0x0000000085900000, 0x0000000085a00000, 0x0000000085a00000|100%| S|CS|TAMS 0x0000000085900000| PB 0x0000000085900000| Complete 
|  48|0x0000000085a00000, 0x0000000085b00000, 0x0000000085b00000|100%| S|CS|TAMS 0x0000000085a00000| PB 0x0000000085a00000| Complete 
|  49|0x0000000085b00000, 0x0000000085c00000, 0x0000000085c00000|100%| S|CS|TAMS 0x0000000085b00000| PB 0x0000000085b00000| Complete 
|  50|0x0000000085c00000, 0x0000000085d00000, 0x0000000085d00000|100%| S|CS|TAMS 0x0000000085c00000| PB 0x0000000085c00000| Complete 
|  51|0x0000000085d00000, 0x0000000085d00000, 0x0000000085e00000|  0%| F|  |TAMS 0x0000000085d00000| PB 0x0000000085d00000| Untracked 
|  52|0x0000000085e00000, 0x0000000085e00000, 0x0000000085f00000|  0%| F|  |TAMS 0x0000000085e00000| PB 0x0000000085e00000| Untracked 
|  53|0x0000000085f00000, 0x0000000085f00000, 0x0000000086000000|  0%| F|  |TAMS 0x0000000085f00000| PB 0x0000000085f00000| Untracked 
|  54|0x0000000086000000, 0x0000000086000000, 0x0000000086100000|  0%| F|  |TAMS 0x0000000086000000| PB 0x0000000086000000| Untracked 
|  55|0x0000000086100000, 0x0000000086100000, 0x0000000086200000|  0%| F|  |TAMS 0x0000000086100000| PB 0x0000000086100000| Untracked 
|  56|0x0000000086200000, 0x0000000086200000, 0x0000000086300000|  0%| F|  |TAMS 0x0000000086200000| PB 0x0000000086200000| Untracked 
|  57|0x0000000086300000, 0x0000000086300000, 0x0000000086400000|  0%| F|  |TAMS 0x0000000086300000| PB 0x0000000086300000| Untracked 
|  58|0x0000000086400000, 0x0000000086400000, 0x0000000086500000|  0%| F|  |TAMS 0x0000000086400000| PB 0x0000000086400000| Untracked 
|  59|0x0000000086500000, 0x0000000086500000, 0x0000000086600000|  0%| F|  |TAMS 0x0000000086500000| PB 0x0000000086500000| Untracked 
|  60|0x0000000086600000, 0x0000000086600000, 0x0000000086700000|  0%| F|  |TAMS 0x0000000086600000| PB 0x0000000086600000| Untracked 
|  61|0x0000000086700000, 0x0000000086700000, 0x0000000086800000|  0%| F|  |TAMS 0x0000000086700000| PB 0x0000000086700000| Untracked 
|  62|0x0000000086800000, 0x0000000086800000, 0x0000000086900000|  0%| F|  |TAMS 0x0000000086800000| PB 0x0000000086800000| Untracked 
|  63|0x0000000086900000, 0x0000000086900000, 0x0000000086a00000|  0%| F|  |TAMS 0x0000000086900000| PB 0x0000000086900000| Untracked 
|  64|0x0000000086a00000, 0x0000000086a00000, 0x0000000086b00000|  0%| F|  |TAMS 0x0000000086a00000| PB 0x0000000086a00000| Untracked 
|  65|0x0000000086b00000, 0x0000000086b00000, 0x0000000086c00000|  0%| F|  |TAMS 0x0000000086b00000| PB 0x0000000086b00000| Untracked 
|  66|0x0000000086c00000, 0x0000000086c00000, 0x0000000086d00000|  0%| F|  |TAMS 0x0000000086c00000| PB 0x0000000086c00000| Untracked 
|  67|0x0000000086d00000, 0x0000000086d00000, 0x0000000086e00000|  0%| F|  |TAMS 0x0000000086d00000| PB 0x0000000086d00000| Untracked 
|  68|0x0000000086e00000, 0x0000000086e00000, 0x0000000086f00000|  0%| F|  |TAMS 0x0000000086e00000| PB 0x0000000086e00000| Untracked 
|  69|0x0000000086f00000, 0x0000000086f00000, 0x0000000087000000|  0%| F|  |TAMS 0x0000000086f00000| PB 0x0000000086f00000| Untracked 
|  70|0x0000000087000000, 0x0000000087000000, 0x0000000087100000|  0%| F|  |TAMS 0x0000000087000000| PB 0x0000000087000000| Untracked 
|  71|0x0000000087100000, 0x0000000087100000, 0x0000000087200000|  0%| F|  |TAMS 0x0000000087100000| PB 0x0000000087100000| Untracked 
|  72|0x0000000087200000, 0x0000000087200000, 0x0000000087300000|  0%| F|  |TAMS 0x0000000087200000| PB 0x0000000087200000| Untracked 
|  73|0x0000000087300000, 0x0000000087300000, 0x0000000087400000|  0%| F|  |TAMS 0x0000000087300000| PB 0x0000000087300000| Untracked 
|  74|0x0000000087400000, 0x0000000087400000, 0x0000000087500000|  0%| F|  |TAMS 0x0000000087400000| PB 0x0000000087400000| Untracked 
|  75|0x0000000087500000, 0x0000000087500000, 0x0000000087600000|  0%| F|  |TAMS 0x0000000087500000| PB 0x0000000087500000| Untracked 
|  76|0x0000000087600000, 0x0000000087600000, 0x0000000087700000|  0%| F|  |TAMS 0x0000000087600000| PB 0x0000000087600000| Untracked 
|  77|0x0000000087700000, 0x0000000087700000, 0x0000000087800000|  0%| F|  |TAMS 0x0000000087700000| PB 0x0000000087700000| Untracked 
|  78|0x0000000087800000, 0x0000000087800000, 0x0000000087900000|  0%| F|  |TAMS 0x0000000087800000| PB 0x0000000087800000| Untracked 
|  79|0x0000000087900000, 0x0000000087900000, 0x0000000087a00000|  0%| F|  |TAMS 0x0000000087900000| PB 0x0000000087900000| Untracked 
|  80|0x0000000087a00000, 0x0000000087a00000, 0x0000000087b00000|  0%| F|  |TAMS 0x0000000087a00000| PB 0x0000000087a00000| Untracked 
|  81|0x0000000087b00000, 0x0000000087b00000, 0x0000000087c00000|  0%| F|  |TAMS 0x0000000087b00000| PB 0x0000000087b00000| Untracked 
|  82|0x0000000087c00000, 0x0000000087c00000, 0x0000000087d00000|  0%| F|  |TAMS 0x0000000087c00000| PB 0x0000000087c00000| Untracked 
|  83|0x0000000087d00000, 0x0000000087d00000, 0x0000000087e00000|  0%| F|  |TAMS 0x0000000087d00000| PB 0x0000000087d00000| Untracked 
|  84|0x0000000087e00000, 0x0000000087e00000, 0x0000000087f00000|  0%| F|  |TAMS 0x0000000087e00000| PB 0x0000000087e00000| Untracked 
|  85|0x0000000087f00000, 0x0000000087f00000, 0x0000000088000000|  0%| F|  |TAMS 0x0000000087f00000| PB 0x0000000087f00000| Untracked 
|  86|0x0000000088000000, 0x0000000088000000, 0x0000000088100000|  0%| F|  |TAMS 0x0000000088000000| PB 0x0000000088000000| Untracked 
|  87|0x0000000088100000, 0x0000000088100000, 0x0000000088200000|  0%| F|  |TAMS 0x0000000088100000| PB 0x0000000088100000| Untracked 
|  88|0x0000000088200000, 0x0000000088200000, 0x0000000088300000|  0%| F|  |TAMS 0x0000000088200000| PB 0x0000000088200000| Untracked 
|  89|0x0000000088300000, 0x0000000088300000, 0x0000000088400000|  0%| F|  |TAMS 0x0000000088300000| PB 0x0000000088300000| Untracked 
|  90|0x0000000088400000, 0x0000000088400000, 0x0000000088500000|  0%| F|  |TAMS 0x0000000088400000| PB 0x0000000088400000| Untracked 
|  91|0x0000000088500000, 0x0000000088500000, 0x0000000088600000|  0%| F|  |TAMS 0x0000000088500000| PB 0x0000000088500000| Untracked 
|  92|0x0000000088600000, 0x0000000088600000, 0x0000000088700000|  0%| F|  |TAMS 0x0000000088600000| PB 0x0000000088600000| Untracked 
|  93|0x0000000088700000, 0x0000000088700000, 0x0000000088800000|  0%| F|  |TAMS 0x0000000088700000| PB 0x0000000088700000| Untracked 
|  94|0x0000000088800000, 0x0000000088800000, 0x0000000088900000|  0%| F|  |TAMS 0x0000000088800000| PB 0x0000000088800000| Untracked 
|  95|0x0000000088900000, 0x0000000088900000, 0x0000000088a00000|  0%| F|  |TAMS 0x0000000088900000| PB 0x0000000088900000| Untracked 
|  96|0x0000000088a00000, 0x0000000088a00000, 0x0000000088b00000|  0%| F|  |TAMS 0x0000000088a00000| PB 0x0000000088a00000| Untracked 
|  97|0x0000000088b00000, 0x0000000088b00000, 0x0000000088c00000|  0%| F|  |TAMS 0x0000000088b00000| PB 0x0000000088b00000| Untracked 
|  98|0x0000000088c00000, 0x0000000088c00000, 0x0000000088d00000|  0%| F|  |TAMS 0x0000000088c00000| PB 0x0000000088c00000| Untracked 
|  99|0x0000000088d00000, 0x0000000088d00000, 0x0000000088e00000|  0%| F|  |TAMS 0x0000000088d00000| PB 0x0000000088d00000| Untracked 
| 100|0x0000000088e00000, 0x0000000088e00000, 0x0000000088f00000|  0%| F|  |TAMS 0x0000000088e00000| PB 0x0000000088e00000| Untracked 
| 101|0x0000000088f00000, 0x0000000088f00000, 0x0000000089000000|  0%| F|  |TAMS 0x0000000088f00000| PB 0x0000000088f00000| Untracked 
| 102|0x0000000089000000, 0x0000000089000000, 0x0000000089100000|  0%| F|  |TAMS 0x0000000089000000| PB 0x0000000089000000| Untracked 
| 103|0x0000000089100000, 0x0000000089100000, 0x0000000089200000|  0%| F|  |TAMS 0x0000000089100000| PB 0x0000000089100000| Untracked 
| 104|0x0000000089200000, 0x0000000089200000, 0x0000000089300000|  0%| F|  |TAMS 0x0000000089200000| PB 0x0000000089200000| Untracked 
| 105|0x0000000089300000, 0x0000000089300000, 0x0000000089400000|  0%| F|  |TAMS 0x0000000089300000| PB 0x0000000089300000| Untracked 
| 106|0x0000000089400000, 0x0000000089400000, 0x0000000089500000|  0%| F|  |TAMS 0x0000000089400000| PB 0x0000000089400000| Untracked 
| 107|0x0000000089500000, 0x0000000089500000, 0x0000000089600000|  0%| F|  |TAMS 0x0000000089500000| PB 0x0000000089500000| Untracked 
| 108|0x0000000089600000, 0x0000000089680000, 0x0000000089700000| 50%| E|  |TAMS 0x0000000089600000| PB 0x0000000089600000| Complete 
| 109|0x0000000089700000, 0x0000000089800000, 0x0000000089800000|100%| E|CS|TAMS 0x0000000089700000| PB 0x0000000089700000| Complete 
| 110|0x0000000089800000, 0x0000000089900000, 0x0000000089900000|100%| E|CS|TAMS 0x0000000089800000| PB 0x0000000089800000| Complete 
| 111|0x0000000089900000, 0x0000000089a00000, 0x0000000089a00000|100%| E|CS|TAMS 0x0000000089900000| PB 0x0000000089900000| Complete 
| 112|0x0000000089a00000, 0x0000000089b00000, 0x0000000089b00000|100%| E|CS|TAMS 0x0000000089a00000| PB 0x0000000089a00000| Complete 
| 113|0x0000000089b00000, 0x0000000089c00000, 0x0000000089c00000|100%| E|CS|TAMS 0x0000000089b00000| PB 0x0000000089b00000| Complete 
| 114|0x0000000089c00000, 0x0000000089d00000, 0x0000000089d00000|100%| E|CS|TAMS 0x0000000089c00000| PB 0x0000000089c00000| Complete 
| 115|0x0000000089d00000, 0x0000000089e00000, 0x0000000089e00000|100%| E|CS|TAMS 0x0000000089d00000| PB 0x0000000089d00000| Complete 
| 116|0x0000000089e00000, 0x0000000089f00000, 0x0000000089f00000|100%| E|CS|TAMS 0x0000000089e00000| PB 0x0000000089e00000| Complete 
| 117|0x0000000089f00000, 0x000000008a000000, 0x000000008a000000|100%| E|CS|TAMS 0x0000000089f00000| PB 0x0000000089f00000| Complete 
| 118|0x000000008a000000, 0x000000008a100000, 0x000000008a100000|100%| E|CS|TAMS 0x000000008a000000| PB 0x000000008a000000| Complete 
| 119|0x000000008a100000, 0x000000008a200000, 0x000000008a200000|100%| E|CS|TAMS 0x000000008a100000| PB 0x000000008a100000| Complete 
| 120|0x000000008a200000, 0x000000008a300000, 0x000000008a300000|100%| E|CS|TAMS 0x000000008a200000| PB 0x000000008a200000| Complete 
| 121|0x000000008a300000, 0x000000008a400000, 0x000000008a400000|100%| E|CS|TAMS 0x000000008a300000| PB 0x000000008a300000| Complete 
| 122|0x000000008a400000, 0x000000008a500000, 0x000000008a500000|100%| E|CS|TAMS 0x000000008a400000| PB 0x000000008a400000| Complete 
| 123|0x000000008a500000, 0x000000008a600000, 0x000000008a600000|100%| E|CS|TAMS 0x000000008a500000| PB 0x000000008a500000| Complete 
| 124|0x000000008a600000, 0x000000008a700000, 0x000000008a700000|100%| E|CS|TAMS 0x000000008a600000| PB 0x000000008a600000| Complete 
| 125|0x000000008a700000, 0x000000008a800000, 0x000000008a800000|100%| E|CS|TAMS 0x000000008a700000| PB 0x000000008a700000| Complete 

Card table byte_map: [0x0000021f9dda0000,0x0000021f9e190000] _byte_map_base: 0x0000021f9d98b000

Marking Bits: (CMBitMap*) 0x0000021f8b4dc3a0
 Bits: [0x0000021f9e190000, 0x0000021fa00e8000)

Polling page: 0x0000021f89250000

Metaspace:

Usage:
  Non-class:     16.08 MB used.
      Class:      1.92 MB used.
       Both:     18.00 MB used.

Virtual space:
  Non-class space:       64.00 MB reserved,      16.50 MB ( 26%) committed,  1 nodes.
      Class space:        1.00 GB reserved,       2.19 MB ( <1%) committed,  1 nodes.
             Both:        1.06 GB reserved,      18.69 MB (  2%) committed. 

Chunk freelists:
   Non-Class:  14.88 MB
       Class:  13.64 MB
        Both:  28.52 MB

MaxMetaspaceSize: unlimited
CompressedClassSpaceSize: 1.00 GB
Initial GC threshold: 21.00 MB
Current GC threshold: 21.00 MB
CDS: on
 - commit_granule_bytes: 65536.
 - commit_granule_words: 8192.
 - virtual_space_node_default_size: 8388608.
 - enlarge_chunks_in_place: 1.
 - use_allocation_guard: 0.


Internal statistics:

num_allocs_failed_limit: 0.
num_arena_births: 588.
num_arena_deaths: 0.
num_vsnodes_births: 2.
num_vsnodes_deaths: 0.
num_space_committed: 299.
num_space_uncommitted: 0.
num_chunks_returned_to_freelist: 0.
num_chunks_taken_from_freelist: 1304.
num_chunk_merges: 0.
num_chunk_splits: 815.
num_chunks_enlarged: 509.
num_inconsistent_stats: 0.

CodeHeap 'non-profiled nmethods': size=120000Kb used=1538Kb max_used=1538Kb free=118461Kb
 bounds [0x0000021f96150000, 0x0000021f963c0000, 0x0000021f9d680000]
CodeHeap 'profiled nmethods': size=120000Kb used=6720Kb max_used=6720Kb free=113280Kb
 bounds [0x0000021f8e680000, 0x0000021f8ed10000, 0x0000021f95bb0000]
CodeHeap 'non-nmethods': size=5760Kb used=1400Kb max_used=1427Kb free=4359Kb
 bounds [0x0000021f95bb0000, 0x0000021f95e20000, 0x0000021f96150000]
CodeCache: size=245760Kb, used=9658Kb, max_used=9685Kb, free=236100Kb
 total_blobs=3861, nmethods=3304, adapters=461, full_count=0
Compilation: enabled, stopped_count=0, restarted_count=0

Compilation events (20 events):
Event: 2.398 Thread 0x0000021fa2b6b880 3272       3       org.apache.felix.resolver.Util::isDynamic (19 bytes)
Event: 2.398 Thread 0x0000021fa2b6b880 nmethod 3272 0x0000021f8ecf7690 code [0x0000021f8ecf7860, 0x0000021f8ecf7b30]
Event: 2.398 Thread 0x0000021fa2b6b880 3273       3       org.eclipse.osgi.container.ModuleWire::getRequirer (5 bytes)
Event: 2.398 Thread 0x0000021fa2b6b880 nmethod 3273 0x0000021f8ecf7c90 code [0x0000021f8ecf7e20, 0x0000021f8ecf7f40]
Event: 2.398 Thread 0x0000021fa2b6b880 3274       3       org.apache.felix.resolver.WireCandidate::<init> (15 bytes)
Event: 2.398 Thread 0x0000021fa2b6b880 nmethod 3274 0x0000021f8ecf8010 code [0x0000021f8ecf81c0, 0x0000021f8ecf83e0]
Event: 2.398 Thread 0x0000021fa2b6b880 3275       3       org.eclipse.osgi.container.ModuleWire::getProvider (5 bytes)
Event: 2.398 Thread 0x0000021fa2b6b880 nmethod 3275 0x0000021f8ecf8490 code [0x0000021f8ecf8620, 0x0000021f8ecf8740]
Event: 2.398 Thread 0x0000021fa2b6b880 3276       3       java.util.concurrent.ConcurrentLinkedQueue::updateHead (26 bytes)
Event: 2.398 Thread 0x0000021fa2b67c50 3280       4       java.util.Collections$UnmodifiableList::get (11 bytes)
Event: 2.399 Thread 0x0000021fe8100bb0 nmethod 3267 0x0000021f962ccc10 code [0x0000021f962ccdc0, 0x0000021f962cd180]
Event: 2.399 Thread 0x0000021fa2b6b880 nmethod 3276 0x0000021f8ecf8810 code [0x0000021f8ecf8b80, 0x0000021f8ecfa1e0]
Event: 2.399 Thread 0x0000021fa2b6b880 3277       3       org.apache.felix.resolver.util.OpenHashMap::nextPowerOfTwo (53 bytes)
Event: 2.399 Thread 0x0000021fa2b6b880 nmethod 3277 0x0000021f8ecfa890 code [0x0000021f8ecfaa40, 0x0000021f8ecfabf8]
Event: 2.399 Thread 0x0000021fa2b6b880 3278       3       org.apache.felix.resolver.util.OpenHashMap::maxFill (16 bytes)
Event: 2.399 Thread 0x0000021fa2b6b880 nmethod 3278 0x0000021f8ecfac90 code [0x0000021f8ecfae60, 0x0000021f8ecfb0d0]
Event: 2.400 Thread 0x0000021fa2b6b880 3281       3       org.apache.felix.resolver.PackageSpaces::mergeCandidatePackages (436 bytes)
Event: 2.401 Thread 0x0000021fa2b67c50 nmethod 3280 0x0000021f962cd410 code [0x0000021f962cd5c0, 0x0000021f962cd738]
Event: 2.402 Thread 0x0000021fe8100bb0 3287       4       java.util.Collections$SingletonMap::get (20 bytes)
Event: 2.402 Thread 0x0000021fa2b67c50 3290       4       java.util.HashMap::keySet (25 bytes)

GC Heap History (6 events):
Event: 0.577 GC heap before
{Heap before GC invocations=0 (full 0):
 garbage-first heap   total 129024K, used 22528K [0x0000000082a00000, 0x0000000100000000)
  region size 1024K, 23 young (23552K), 0 survivors (0K)
 Metaspace       used 4084K, committed 4352K, reserved 1114112K
  class space    used 453K, committed 576K, reserved 1048576K
}
Event: 0.581 GC heap after
{Heap after GC invocations=1 (full 0):
 garbage-first heap   total 129024K, used 3730K [0x0000000082a00000, 0x0000000100000000)
  region size 1024K, 3 young (3072K), 3 survivors (3072K)
 Metaspace       used 4084K, committed 4352K, reserved 1114112K
  class space    used 453K, committed 576K, reserved 1048576K
}
Event: 1.240 GC heap before
{Heap before GC invocations=1 (full 0):
 garbage-first heap   total 129024K, used 35474K [0x0000000082a00000, 0x0000000100000000)
  region size 1024K, 34 young (34816K), 3 survivors (3072K)
 Metaspace       used 8696K, committed 9024K, reserved 1114112K
  class space    used 924K, committed 1088K, reserved 1048576K
}
Event: 1.247 GC heap after
{Heap after GC invocations=2 (full 0):
 garbage-first heap   total 129024K, used 6306K [0x0000000082a00000, 0x0000000100000000)
  region size 1024K, 3 young (3072K), 3 survivors (3072K)
 Metaspace       used 8696K, committed 9024K, reserved 1114112K
  class space    used 924K, committed 1088K, reserved 1048576K
}
Event: 2.218 GC heap before
{Heap before GC invocations=2 (full 0):
 garbage-first heap   total 129024K, used 79010K [0x0000000082a00000, 0x0000000100000000)
  region size 1024K, 75 young (76800K), 3 survivors (3072K)
 Metaspace       used 16682K, committed 17216K, reserved 1114112K
  class space    used 1758K, committed 1984K, reserved 1048576K
}
Event: 2.224 GC heap after
{Heap after GC invocations=3 (full 0):
 garbage-first heap   total 129024K, used 11800K [0x0000000082a00000, 0x0000000100000000)
  region size 1024K, 9 young (9216K), 9 survivors (9216K)
 Metaspace       used 16682K, committed 17216K, reserved 1114112K
  class space    used 1758K, committed 1984K, reserved 1048576K
}

Dll operation events (10 events):
Event: 0.012 Loaded shared library c:\Users\91878\.vscode\extensions\redhat.java-1.53.0-win32-x64\jre\21.0.10-win32-x86_64\bin\java.dll
Event: 0.087 Loaded shared library c:\Users\91878\.vscode\extensions\redhat.java-1.53.0-win32-x64\jre\21.0.10-win32-x86_64\bin\zip.dll
Event: 0.105 Loaded shared library C:\Users\91878\.vscode\extensions\redhat.java-1.53.0-win32-x64\jre\21.0.10-win32-x86_64\bin\instrument.dll
Event: 0.111 Loaded shared library C:\Users\91878\.vscode\extensions\redhat.java-1.53.0-win32-x64\jre\21.0.10-win32-x86_64\bin\net.dll
Event: 0.113 Loaded shared library C:\Users\91878\.vscode\extensions\redhat.java-1.53.0-win32-x64\jre\21.0.10-win32-x86_64\bin\nio.dll
Event: 0.116 Loaded shared library C:\Users\91878\.vscode\extensions\redhat.java-1.53.0-win32-x64\jre\21.0.10-win32-x86_64\bin\zip.dll
Event: 0.131 Loaded shared library C:\Users\91878\.vscode\extensions\redhat.java-1.53.0-win32-x64\jre\21.0.10-win32-x86_64\bin\jimage.dll
Event: 0.196 Loaded shared library c:\Users\91878\.vscode\extensions\redhat.java-1.53.0-win32-x64\jre\21.0.10-win32-x86_64\bin\verify.dll
Event: 1.186 Loaded shared library C:\Users\91878\AppData\Roaming\Code\User\globalStorage\redhat.java\1.53.0\config_win\org.eclipse.equinox.launcher\org.eclipse.equinox.launcher.win32.win32.x86_64_1.3.0.v20260203-2149\eclipse_11919.dll
Event: 2.195 Loaded shared library C:\Users\91878\AppData\Local\Temp\jna-54156033\jna4761445215116535977.dll

Deoptimization events (20 events):
Event: 2.263 Thread 0x0000021fe919a8e0 Uncommon trap: trap_request=0xffffff45 fr.pc=0x0000021f9624b63c relative=0x000000000000019c
Event: 2.263 Thread 0x0000021fe919a8e0 Uncommon trap: reason=unstable_if action=reinterpret pc=0x0000021f9624b63c method=java.util.concurrent.locks.ReentrantLock$NonfairSync.initialTryLock()Z @ 25 c2
Event: 2.263 Thread 0x0000021fe919a8e0 DEOPT PACKING pc=0x0000021f9624b63c sp=0x000000e8607fdbe0
Event: 2.263 Thread 0x0000021fe919a8e0 DEOPT UNPACKING pc=0x0000021f95c04422 sp=0x000000e8607fdb80 mode 2
Event: 2.363 Thread 0x0000021fe87a8b00 Uncommon trap: trap_request=0xffffffde fr.pc=0x0000021f962a7370 relative=0x0000000000000050
Event: 2.363 Thread 0x0000021fe87a8b00 Uncommon trap: reason=class_check action=maybe_recompile pc=0x0000021f962a7370 method=java.lang.invoke.DirectMethodHandle.internalMemberName(Ljava/lang/Object;)Ljava/lang/Object; @ 1 c2
Event: 2.363 Thread 0x0000021fe87a8b00 DEOPT PACKING pc=0x0000021f962a7370 sp=0x000000e8601f3800
Event: 2.363 Thread 0x0000021fe87a8b00 DEOPT UNPACKING pc=0x0000021f95c04422 sp=0x000000e8601f3790 mode 2
Event: 2.363 Thread 0x0000021fe87a8b00 Uncommon trap: trap_request=0xffffffde fr.pc=0x0000021f962a7370 relative=0x0000000000000050
Event: 2.363 Thread 0x0000021fe87a8b00 Uncommon trap: reason=class_check action=maybe_recompile pc=0x0000021f962a7370 method=java.lang.invoke.DirectMethodHandle.internalMemberName(Ljava/lang/Object;)Ljava/lang/Object; @ 1 c2
Event: 2.363 Thread 0x0000021fe87a8b00 DEOPT PACKING pc=0x0000021f962a7370 sp=0x000000e8601f38a0
Event: 2.363 Thread 0x0000021fe87a8b00 DEOPT UNPACKING pc=0x0000021f95c04422 sp=0x000000e8601f3830 mode 2
Event: 2.363 Thread 0x0000021fe87a8b00 Uncommon trap: trap_request=0xffffffde fr.pc=0x0000021f962a7370 relative=0x0000000000000050
Event: 2.363 Thread 0x0000021fe87a8b00 Uncommon trap: reason=class_check action=maybe_recompile pc=0x0000021f962a7370 method=java.lang.invoke.DirectMethodHandle.internalMemberName(Ljava/lang/Object;)Ljava/lang/Object; @ 1 c2
Event: 2.363 Thread 0x0000021fe87a8b00 DEOPT PACKING pc=0x0000021f962a7370 sp=0x000000e8601f38a0
Event: 2.363 Thread 0x0000021fe87a8b00 DEOPT UNPACKING pc=0x0000021f95c04422 sp=0x000000e8601f3830 mode 2
Event: 2.363 Thread 0x0000021fe87a8b00 Uncommon trap: trap_request=0xffffff45 fr.pc=0x0000021f96297c3c relative=0x00000000000000dc
Event: 2.363 Thread 0x0000021fe87a8b00 Uncommon trap: reason=unstable_if action=reinterpret pc=0x0000021f96297c3c method=java.util.WeakHashMap.expungeStaleEntries()V @ 9 c2
Event: 2.363 Thread 0x0000021fe87a8b00 DEOPT PACKING pc=0x0000021f96297c3c sp=0x000000e8601f3970
Event: 2.363 Thread 0x0000021fe87a8b00 DEOPT UNPACKING pc=0x0000021f95c04422 sp=0x000000e8601f38c8 mode 2

Classes loaded (20 events):
Event: 2.243 Loading class java/lang/ThreadDeath
Event: 2.243 Loading class java/lang/ThreadDeath done
Event: 2.251 Loading class java/util/stream/SortedOps$SizedRefSortingSink
Event: 2.251 Loading class java/util/stream/SortedOps$SizedRefSortingSink done
Event: 2.270 Loading class java/util/concurrent/atomic/Striped64$1
Event: 2.270 Loading class java/util/concurrent/atomic/Striped64$1 done
Event: 2.307 Loading class java/util/BitSet
Event: 2.307 Loading class java/util/BitSet done
Event: 2.310 Loading class sun/net/www/protocol/jrt/JavaRuntimeURLConnection
Event: 2.310 Loading class sun/net/www/protocol/jrt/JavaRuntimeURLConnection done
Event: 2.311 Loading class sun/net/www/protocol/jrt/JavaRuntimeURLConnection$1
Event: 2.311 Loading class sun/net/www/protocol/jrt/JavaRuntimeURLConnection$1 done
Event: 2.323 Loading class java/util/function/UnaryOperator
Event: 2.323 Loading class java/util/function/UnaryOperator done
Event: 2.324 Loading class java/util/ServiceConfigurationError
Event: 2.324 Loading class java/util/ServiceConfigurationError done
Event: 2.332 Loading class java/lang/InheritableThreadLocal
Event: 2.332 Loading class java/lang/InheritableThreadLocal done
Event: 2.360 Loading class java/security/AccessControlException
Event: 2.360 Loading class java/security/AccessControlException done

Classes unloaded (0 events):
No events

Classes redefined (0 events):
No events

Internal exceptions (20 events):
Event: 2.106 Thread 0x0000021fe87a8b00 Exception <a 'java/lang/NoSuchMethodError'{0x00000000863b3730}: 'java.lang.Object java.lang.invoke.DirectMethodHandle$Holder.invokeStaticInit(java.lang.Object, int)'> (0x00000000863b3730) 
thrown [s\src\hotspot\share\interpreter\linkResolver.cpp, line 773]
Event: 2.132 Thread 0x0000021fe87a8b00 Exception <a 'java/lang/NoSuchMethodError'{0x00000000860335d0}: 'java.lang.Object java.lang.invoke.DirectMethodHandle$Holder.invokeStaticInit(java.lang.Object, int, int, int, int)'> (0x00000000860335d0) 
thrown [s\src\hotspot\share\interpreter\linkResolver.cpp, line 773]
Event: 2.150 Thread 0x0000021fe87a8b00 Exception <a 'java/lang/NoSuchMethodError'{0x0000000085f0b398}: 'java.lang.Object java.lang.invoke.DirectMethodHandle$Holder.invokeStaticInit(java.lang.Object, java.lang.Object, int, int, int, int)'> (0x0000000085f0b398) 
thrown [s\src\hotspot\share\interpreter\linkResolver.cpp, line 773]
Event: 2.207 Thread 0x0000021fe87a8b00 Exception <a 'java/lang/NoSuchMethodError'{0x0000000085e233a8}: 'void java.lang.invoke.DirectMethodHandle$Holder.invokeSpecial(java.lang.Object, java.lang.Object, java.lang.Object, int)'> (0x0000000085e233a8) 
thrown [s\src\hotspot\share\interpreter\linkResolver.cpp, line 773]
Event: 2.207 Thread 0x0000021fe87a8b00 Exception <a 'java/lang/NoSuchMethodError'{0x0000000085e26d38}: 'void java.lang.invoke.DelegatingMethodHandle$Holder.reinvoke_L(java.lang.Object, java.lang.Object, int)'> (0x0000000085e26d38) 
thrown [s\src\hotspot\share\interpreter\linkResolver.cpp, line 773]
Event: 2.207 Thread 0x0000021fe87a8b00 Exception <a 'java/lang/NoSuchMethodError'{0x0000000085e2da20}: 'int java.lang.invoke.Invokers$Holder.invokeExact_MT(java.lang.Object, java.lang.Object, java.lang.Object)'> (0x0000000085e2da20) 
thrown [s\src\hotspot\share\interpreter\linkResolver.cpp, line 773]
Event: 2.226 Thread 0x0000021fe87a8b00 Exception <a 'java/lang/NoSuchMethodError'{0x000000008a716c60}: 'void java.lang.invoke.Invokers$Holder.invokeExact_MT(java.lang.Object, java.lang.Object, int, java.lang.Object)'> (0x000000008a716c60) 
thrown [s\src\hotspot\share\interpreter\linkResolver.cpp, line 773]
Event: 2.242 Thread 0x0000021fe87a8b00 Exception <a 'java/lang/NoSuchMethodError'{0x000000008a6b0308}: 'java.lang.Object java.lang.invoke.DirectMethodHandle$Holder.invokeSpecial(java.lang.Object, java.lang.Object, java.lang.Object, long, java.lang.Object)'> (0x000000008a6b0308) 
thrown [s\src\hotspot\share\interpreter\linkResolver.cpp, line 773]
Event: 2.242 Thread 0x0000021fe87a8b00 Exception <a 'java/lang/NoSuchMethodError'{0x000000008a6b7b50}: 'java.lang.Object java.lang.invoke.DirectMethodHandle$Holder.newInvokeSpecial(java.lang.Object, java.lang.Object, java.lang.Object, long)'> (0x000000008a6b7b50) 
thrown [s\src\hotspot\share\interpreter\linkResolver.cpp, line 773]
Event: 2.242 Thread 0x0000021fe87a8b00 Exception <a 'java/lang/NoSuchMethodError'{0x000000008a6bbf00}: 'java.lang.Object java.lang.invoke.DirectMethodHandle$Holder.invokeSpecial(java.lang.Object, java.lang.Object, java.lang.Object, java.lang.Object, long)'> (0x000000008a6bbf00) 
thrown [s\src\hotspot\share\interpreter\linkResolver.cpp, line 773]
Event: 2.242 Thread 0x0000021fe87a8b00 Exception <a 'java/lang/NoSuchMethodError'{0x000000008a6bfb20}: 'java.lang.Object java.lang.invoke.Invokers$Holder.linkToTargetMethod(java.lang.Object, java.lang.Object, long, java.lang.Object)'> (0x000000008a6bfb20) 
thrown [s\src\hotspot\share\interpreter\linkResolver.cpp, line 773]
Event: 2.249 Thread 0x0000021fe87a8b00 Exception <a 'java/lang/NoSuchMethodError'{0x000000008a559360}: 'int java.lang.invoke.DirectMethodHandle$Holder.invokeStaticInit(java.lang.Object, java.lang.Object, java.lang.Object)'> (0x000000008a559360) 
thrown [s\src\hotspot\share\interpreter\linkResolver.cpp, line 773]
Event: 2.257 Thread 0x0000021fe87a8b00 Exception <a 'java/lang/IncompatibleClassChangeError'{0x000000008a4491b0}: Found class java.lang.Object, but interface was expected> (0x000000008a4491b0) 
thrown [s\src\hotspot\share\interpreter\linkResolver.cpp, line 840]
Event: 2.260 Thread 0x0000021fe87a8b00 Exception <a 'java/lang/NoSuchMethodError'{0x000000008a45cd80}: 'java.lang.Object java.lang.invoke.DirectMethodHandle$Holder.invokeSpecial(java.lang.Object, java.lang.Object, java.lang.Object, int, java.lang.Object, java.lang.Object)'> (0x000000008a45cd80) 
thrown [s\src\hotspot\share\interpreter\linkResolver.cpp, line 773]
Event: 2.260 Thread 0x0000021fe87a8b00 Exception <a 'java/lang/NoSuchMethodError'{0x000000008a464798}: 'java.lang.Object java.lang.invoke.DirectMethodHandle$Holder.newInvokeSpecial(java.lang.Object, java.lang.Object, java.lang.Object, int, java.lang.Object)'> (0x000000008a464798) 
thrown [s\src\hotspot\share\interpreter\linkResolver.cpp, line 773]
Event: 2.260 Thread 0x0000021fe87a8b00 Exception <a 'java/lang/NoSuchMethodError'{0x000000008a468718}: 'java.lang.Object java.lang.invoke.DirectMethodHandle$Holder.invokeSpecial(java.lang.Object, java.lang.Object, java.lang.Object, java.lang.Object, int, java.lang.Object)'> (0x000000008a468718) 
thrown [s\src\hotspot\share\interpreter\linkResolver.cpp, line 773]
Event: 2.261 Thread 0x0000021fe87a8b00 Exception <a 'java/lang/NoSuchMethodError'{0x000000008a46c258}: 'java.lang.Object java.lang.invoke.Invokers$Holder.linkToTargetMethod(java.lang.Object, java.lang.Object, int, java.lang.Object, java.lang.Object)'> (0x000000008a46c258) 
thrown [s\src\hotspot\share\interpreter\linkResolver.cpp, line 773]
Event: 2.261 Thread 0x0000021fe919a8e0 Exception <a 'java/lang/NoSuchMethodError'{0x000000008a501148}: 'java.lang.Object java.lang.invoke.DirectMethodHandle$Holder.invokeSpecial(java.lang.Object, java.lang.Object, int, java.lang.Object, java.lang.Object)'> (0x000000008a501148) 
thrown [s\src\hotspot\share\interpreter\linkResolver.cpp, line 773]
Event: 2.272 Thread 0x0000021fe87a8b00 Exception <a 'java/lang/NoSuchMethodError'{0x000000008a393cc0}: 'void java.lang.invoke.DirectMethodHandle$Holder.invokeSpecial(java.lang.Object, java.lang.Object, java.lang.Object, java.lang.Object, java.lang.Object)'> (0x000000008a393cc0) 
thrown [s\src\hotspot\share\interpreter\linkResolver.cpp, line 773]
Event: 2.362 Thread 0x0000021fe87a8b00 Exception <a 'java/lang/NoSuchMethodError'{0x0000000089bf3c38}: 'java.lang.Object java.lang.invoke.DirectMethodHandle$Holder.invokeInterface(java.lang.Object, java.lang.Object, java.lang.Object)'> (0x0000000089bf3c38) 
thrown [s\src\hotspot\share\interpreter\linkResolver.cpp, line 773]

ZGC Phase Switch (0 events):
No events

VM Operations (20 events):
Event: 1.690 Executing non-safepoint VM operation: HandshakeAllThreads (Deoptimize)
Event: 1.690 Executing non-safepoint VM operation: HandshakeAllThreads (Deoptimize) done
Event: 1.736 Executing safepoint VM operation: ICBufferFull
Event: 1.736 Executing safepoint VM operation: ICBufferFull done
Event: 2.049 Executing non-safepoint VM operation: HandshakeAllThreads (Deoptimize)
Event: 2.049 Executing non-safepoint VM operation: HandshakeAllThreads (Deoptimize) done
Event: 2.113 Executing safepoint VM operation: ICBufferFull
Event: 2.113 Executing safepoint VM operation: ICBufferFull done
Event: 2.147 Executing non-safepoint VM operation: HandshakeAllThreads (Deoptimize)
Event: 2.147 Executing non-safepoint VM operation: HandshakeAllThreads (Deoptimize) done
Event: 2.200 Executing non-safepoint VM operation: HandshakeAllThreads (Deoptimize)
Event: 2.200 Executing non-safepoint VM operation: HandshakeAllThreads (Deoptimize) done
Event: 2.218 Executing safepoint VM operation: G1CollectForAllocation (G1 Evacuation Pause)
Event: 2.224 Executing safepoint VM operation: G1CollectForAllocation (G1 Evacuation Pause) done
Event: 2.311 Executing non-safepoint VM operation: HandshakeAllThreads (Deoptimize)
Event: 2.311 Executing non-safepoint VM operation: HandshakeAllThreads (Deoptimize) done
Event: 2.335 Executing non-safepoint VM operation: HandshakeAllThreads (Deoptimize)
Event: 2.335 Executing non-safepoint VM operation: HandshakeAllThreads (Deoptimize) done
Event: 2.341 Executing non-safepoint VM operation: HandshakeAllThreads (Deoptimize)
Event: 2.341 Executing non-safepoint VM operation: HandshakeAllThreads (Deoptimize) done

Memory protections (0 events):
No events

Nmethod flushes (0 events):
No events

Events (20 events):
Event: 0.057 Thread 0x0000021f8b47e190 Thread added: 0x0000021fa2b5f890
Event: 0.057 Thread 0x0000021f8b47e190 Thread added: 0x0000021fa2b602f0
Event: 0.057 Thread 0x0000021f8b47e190 Thread added: 0x0000021fa2b614f0
Event: 0.057 Thread 0x0000021f8b47e190 Thread added: 0x0000021fa2b665f0
Event: 0.057 Thread 0x0000021f8b47e190 Thread added: 0x0000021fa2b67c50
Event: 0.057 Thread 0x0000021f8b47e190 Thread added: 0x0000021fa2b6b880
Event: 0.095 Thread 0x0000021fa2b67c50 Thread added: 0x0000021fa2c71060
Event: 0.108 Thread 0x0000021f8b47e190 Thread added: 0x0000021fa2dfdf00
Event: 0.268 Thread 0x0000021f8b47e190 Thread added: 0x0000021fe8075500
Event: 0.295 Thread 0x0000021fa2b6b880 Thread added: 0x0000021fe8100bb0
Event: 0.966 Thread 0x0000021f8b47e190 Thread added: 0x0000021fe8b0cf50
Event: 1.173 Thread 0x0000021f8b47e190 Thread added: 0x0000021fe89029f0
Event: 1.207 Thread 0x0000021fe89029f0 Thread added: 0x0000021fe8999910
Event: 1.210 Thread 0x0000021f8b47e190 Thread added: 0x0000021fe87a8b00
Event: 1.483 Thread 0x0000021fe87a8b00 Thread added: 0x0000021fe88abba0
Event: 1.683 Thread 0x0000021fe87a8b00 Thread added: 0x0000021fe8d4e900
Event: 1.925 Thread 0x0000021fe87a8b00 Thread added: 0x0000021fe8c0caf0
Event: 2.212 Thread 0x0000021fe87a8b00 Thread added: 0x0000021fe919b600
Event: 2.245 Thread 0x0000021fe87a8b00 Thread added: 0x0000021fe919a8e0
Event: 2.262 Thread 0x0000021fe87a8b00 Thread added: 0x0000021fe919c9b0


Dynamic libraries:
0x00007ff779f70000 - 0x00007ff779f7e000 	c:\Users\91878\.vscode\extensions\redhat.java-1.53.0-win32-x64\jre\21.0.10-win32-x86_64\bin\java.exe
0x00007ff8e90e0000 - 0x00007ff8e9347000 	C:\WINDOWS\SYSTEM32\ntdll.dll
0x00007ff8e8510000 - 0x00007ff8e85d9000 	C:\WINDOWS\System32\KERNEL32.DLL
0x00007ff8e6a80000 - 0x00007ff8e6e71000 	C:\WINDOWS\System32\KERNELBASE.dll
0x00007ff8e59c0000 - 0x00007ff8e5b0b000 	C:\WINDOWS\System32\ucrtbase.dll
0x00007ff8d1360000 - 0x00007ff8d1378000 	c:\Users\91878\.vscode\extensions\redhat.java-1.53.0-win32-x64\jre\21.0.10-win32-x86_64\bin\jli.dll
0x00007ff8d3ed0000 - 0x00007ff8d3eee000 	c:\Users\91878\.vscode\extensions\redhat.java-1.53.0-win32-x64\jre\21.0.10-win32-x86_64\bin\VCRUNTIME140.dll
0x00007ff8e8af0000 - 0x00007ff8e8cb5000 	C:\WINDOWS\System32\USER32.dll
0x00007ff8e5fb0000 - 0x00007ff8e5fd7000 	C:\WINDOWS\System32\win32u.dll
0x00007ff8e4ac0000 - 0x00007ff8e4d53000 	C:\WINDOWS\WinSxS\amd64_microsoft.windows.common-controls_6595b64144ccf1df_6.0.26100.8037_none_3e092faae333b53b\COMCTL32.dll
0x00007ff8e82f0000 - 0x00007ff8e831b000 	C:\WINDOWS\System32\GDI32.dll
0x00007ff8e8140000 - 0x00007ff8e81e9000 	C:\WINDOWS\System32\msvcrt.dll
0x00007ff8e5e80000 - 0x00007ff8e5fab000 	C:\WINDOWS\System32\gdi32full.dll
0x00007ff8e69d0000 - 0x00007ff8e6a73000 	C:\WINDOWS\System32\msvcp_win.dll
0x00007ff8e8f50000 - 0x00007ff8e8f81000 	C:\WINDOWS\System32\IMM32.DLL
0x00007ff8df800000 - 0x00007ff8df80c000 	c:\Users\91878\.vscode\extensions\redhat.java-1.53.0-win32-x64\jre\21.0.10-win32-x86_64\bin\vcruntime140_1.dll
0x00007ff8c4880000 - 0x00007ff8c490d000 	c:\Users\91878\.vscode\extensions\redhat.java-1.53.0-win32-x64\jre\21.0.10-win32-x86_64\bin\msvcp140.dll
0x00007ff857fd0000 - 0x00007ff858d71000 	c:\Users\91878\.vscode\extensions\redhat.java-1.53.0-win32-x64\jre\21.0.10-win32-x86_64\bin\server\jvm.dll
0x00007ff8e8e90000 - 0x00007ff8e8f4b000 	C:\WINDOWS\System32\ADVAPI32.dll
0x00007ff8e8f90000 - 0x00007ff8e9037000 	C:\WINDOWS\System32\sechost.dll
0x00007ff8e7870000 - 0x00007ff8e7988000 	C:\WINDOWS\System32\RPCRT4.dll
0x00007ff8e8d10000 - 0x00007ff8e8d84000 	C:\WINDOWS\System32\WS2_32.dll
0x00007ff8e5820000 - 0x00007ff8e587e000 	C:\WINDOWS\SYSTEM32\POWRPROF.dll
0x00007ff8d25d0000 - 0x00007ff8d2605000 	C:\WINDOWS\SYSTEM32\WINMM.dll
0x00007ff8dca00000 - 0x00007ff8dca0b000 	C:\WINDOWS\SYSTEM32\VERSION.dll
0x00007ff8e5800000 - 0x00007ff8e5814000 	C:\WINDOWS\SYSTEM32\UMPDC.dll
0x00007ff8e3e20000 - 0x00007ff8e3e3b000 	C:\WINDOWS\SYSTEM32\kernel.appcore.dll
0x00007ff8d3ec0000 - 0x00007ff8d3eca000 	c:\Users\91878\.vscode\extensions\redhat.java-1.53.0-win32-x64\jre\21.0.10-win32-x86_64\bin\jimage.dll
0x00007ff8e5170000 - 0x00007ff8e53b2000 	C:\WINDOWS\SYSTEM32\DBGHELP.DLL
0x00007ff8e7110000 - 0x00007ff8e7492000 	C:\WINDOWS\System32\combase.dll
0x00007ff8e8320000 - 0x00007ff8e83f7000 	C:\WINDOWS\System32\OLEAUT32.dll
0x00007ff8e5060000 - 0x00007ff8e509b000 	C:\WINDOWS\SYSTEM32\dbgcore.DLL
0x00007ff8e5b10000 - 0x00007ff8e5bb5000 	C:\WINDOWS\System32\bcryptPrimitives.dll
0x00007ff8d1290000 - 0x00007ff8d129f000 	c:\Users\91878\.vscode\extensions\redhat.java-1.53.0-win32-x64\jre\21.0.10-win32-x86_64\bin\instrument.dll
0x00007ff8cead0000 - 0x00007ff8ceaf0000 	c:\Users\91878\.vscode\extensions\redhat.java-1.53.0-win32-x64\jre\21.0.10-win32-x86_64\bin\java.dll
0x00007ff8e79a0000 - 0x00007ff8e80ff000 	C:\WINDOWS\System32\SHELL32.dll
0x00007ff8e5bc0000 - 0x00007ff8e5d2a000 	C:\WINDOWS\System32\wintypes.dll
0x00007ff8e6160000 - 0x00007ff8e69c4000 	C:\WINDOWS\System32\windows.storage.dll
0x00007ff8e81f0000 - 0x00007ff8e82e7000 	C:\WINDOWS\System32\SHCORE.dll
0x00007ff8e8400000 - 0x00007ff8e8467000 	C:\WINDOWS\System32\shlwapi.dll
0x00007ff8e58e0000 - 0x00007ff8e5909000 	C:\WINDOWS\SYSTEM32\profapi.dll
0x00007ff8cdca0000 - 0x00007ff8cdcb8000 	c:\Users\91878\.vscode\extensions\redhat.java-1.53.0-win32-x64\jre\21.0.10-win32-x86_64\bin\zip.dll
0x00007ff8d1280000 - 0x00007ff8d1290000 	C:\Users\91878\.vscode\extensions\redhat.java-1.53.0-win32-x64\jre\21.0.10-win32-x86_64\bin\net.dll
0x00007ff8de1e0000 - 0x00007ff8de307000 	C:\WINDOWS\SYSTEM32\WINHTTP.dll
0x00007ff8e4350000 - 0x00007ff8e43bb000 	C:\WINDOWS\system32\mswsock.dll
0x00007ff8cdc80000 - 0x00007ff8cdc96000 	C:\Users\91878\.vscode\extensions\redhat.java-1.53.0-win32-x64\jre\21.0.10-win32-x86_64\bin\nio.dll
0x00007ff8d0fd0000 - 0x00007ff8d0fe0000 	c:\Users\91878\.vscode\extensions\redhat.java-1.53.0-win32-x64\jre\21.0.10-win32-x86_64\bin\verify.dll
0x00007ff8c4830000 - 0x00007ff8c4875000 	C:\Users\91878\AppData\Roaming\Code\User\globalStorage\redhat.java\1.53.0\config_win\org.eclipse.equinox.launcher\org.eclipse.equinox.launcher.win32.win32.x86_64_1.3.0.v20260203-2149\eclipse_11919.dll
0x00007ff8e6e80000 - 0x00007ff8e7015000 	C:\WINDOWS\System32\ole32.dll
0x00007ff8e54e0000 - 0x00007ff8e54fb000 	C:\WINDOWS\SYSTEM32\CRYPTSP.dll
0x00007ff8e4490000 - 0x00007ff8e44c9000 	C:\WINDOWS\system32\rsaenh.dll
0x00007ff8e43c0000 - 0x00007ff8e43f2000 	C:\WINDOWS\SYSTEM32\USERENV.dll
0x00007ff8e58b0000 - 0x00007ff8e58da000 	C:\WINDOWS\SYSTEM32\bcrypt.dll
0x00007ff8e4670000 - 0x00007ff8e467c000 	C:\WINDOWS\SYSTEM32\CRYPTBASE.dll
0x00007ff8e38c0000 - 0x00007ff8e38f3000 	C:\WINDOWS\SYSTEM32\IPHLPAPI.DLL
0x00007ff8e7990000 - 0x00007ff8e799a000 	C:\WINDOWS\System32\NSI.dll
0x00007ff8bfa00000 - 0x00007ff8bfa49000 	C:\Users\91878\AppData\Local\Temp\jna-54156033\jna4761445215116535977.dll
0x00007ff8e8500000 - 0x00007ff8e8508000 	C:\WINDOWS\System32\PSAPI.DLL

JVMTI agents:
c:\Users\91878\.vscode\extensions\redhat.java-1.53.0-win32-x64\lombok\lombok-1.18.39-4050.jar path:c:\Users\91878\.vscode\extensions\redhat.java-1.53.0-win32-x64\jre\21.0.10-win32-x86_64\bin\instrument.dll, loaded, initialized, instrumentlib options:none

dbghelp: loaded successfully - version: 4.0.5 - missing functions: none
symbol engine: initialized successfully - sym options: 0x614 - pdb path: .;c:\Users\91878\.vscode\extensions\redhat.java-1.53.0-win32-x64\jre\21.0.10-win32-x86_64\bin;C:\WINDOWS\SYSTEM32;C:\WINDOWS\WinSxS\amd64_microsoft.windows.common-controls_6595b64144ccf1df_6.0.26100.8037_none_3e092faae333b53b;c:\Users\91878\.vscode\extensions\redhat.java-1.53.0-win32-x64\jre\21.0.10-win32-x86_64\bin\server;C:\Users\91878\AppData\Roaming\Code\User\globalStorage\redhat.java\1.53.0\config_win\org.eclipse.equinox.launcher\org.eclipse.equinox.launcher.win32.win32.x86_64_1.3.0.v20260203-2149;C:\Users\91878\AppData\Local\Temp\jna-54156033

VM Arguments:
jvm_args: --add-modules=ALL-SYSTEM --add-opens=java.base/java.util=ALL-UNNAMED --add-opens=java.base/java.lang=ALL-UNNAMED --add-opens=java.base/sun.nio.fs=ALL-UNNAMED -Declipse.application=org.eclipse.jdt.ls.core.id1 -Dosgi.bundles.defaultStartLevel=4 -Declipse.product=org.eclipse.jdt.ls.core.product -Djava.import.generatesMetadataFilesAtProjectRoot=false -DDetectVMInstallationsJob.disabled=true -Dfile.encoding=utf8 -Xlog:disable -javaagent:c:\Users\91878\.vscode\extensions\redhat.java-1.53.0-win32-x64\lombok\lombok-1.18.39-4050.jar -XX:+HeapDumpOnOutOfMemoryError -XX:HeapDumpPath=c:\Users\91878\AppData\Roaming\Code\User\workspaceStorage\7773cde8fc2acf502badf6c2c1cb5445\redhat.java -Daether.dependencyCollector.impl=bf 
java_command: c:\Users\91878\.vscode\extensions\redhat.java-1.53.0-win32-x64\server\plugins\org.eclipse.equinox.launcher_1.7.100.v20251111-0406.jar -configuration c:\Users\91878\AppData\Roaming\Code\User\globalStorage\redhat.java\1.53.0\config_win -data c:\Users\91878\AppData\Roaming\Code\User\workspaceStorage\7773cde8fc2acf502badf6c2c1cb5445\redhat.java\jdt_ws --pipe=\\.\pipe\lsp-4a97c4dd6406726725bb0a980495dbab-sock
java_class_path (initial): c:\Users\91878\.vscode\extensions\redhat.java-1.53.0-win32-x64\server\plugins\org.eclipse.equinox.launcher_1.7.100.v20251111-0406.jar
Launcher Type: SUN_STANDARD

[Global flags]
     intx CICompilerCount                          = 4                                         {product} {ergonomic}
     uint ConcGCThreads                            = 2                                         {product} {ergonomic}
     uint G1ConcRefinementThreads                  = 8                                         {product} {ergonomic}
   size_t G1HeapRegionSize                         = 1048576                                   {product} {ergonomic}
    uintx GCDrainStackTargetSize                   = 64                                        {product} {ergonomic}
     bool HeapDumpOnOutOfMemoryError               = true                                   {manageable} {command line}
    ccstr HeapDumpPath                             = c:\Users\91878\AppData\Roaming\Code\User\workspaceStorage\7773cde8fc2acf502badf6c2c1cb5445\redhat.java         {manageable} {command line}
   size_t InitialHeapSize                          = 132120576                                 {product} {ergonomic}
   size_t MarkStackSize                            = 4194304                                   {product} {ergonomic}
   size_t MaxHeapSize                              = 2103443456                                {product} {ergonomic}
   size_t MaxNewSize                               = 1261436928                                {product} {ergonomic}
   size_t MinHeapDeltaBytes                        = 1048576                                   {product} {ergonomic}
   size_t MinHeapSize                              = 8388608                                   {product} {ergonomic}
    uintx NonNMethodCodeHeapSize                   = 5839372                                {pd product} {ergonomic}
    uintx NonProfiledCodeHeapSize                  = 122909434                              {pd product} {ergonomic}
    uintx ProfiledCodeHeapSize                     = 122909434                              {pd product} {ergonomic}
    uintx ReservedCodeCacheSize                    = 251658240                              {pd product} {ergonomic}
     bool SegmentedCodeCache                       = true                                      {product} {ergonomic}
   size_t SoftMaxHeapSize                          = 2103443456                             {manageable} {ergonomic}
     bool UseCompressedOops                        = true                           {product lp64_product} {ergonomic}
     bool UseG1GC                                  = true                                      {product} {ergonomic}
     bool UseLargePagesIndividualAllocation        = false                                  {pd product} {ergonomic}

Logging:
Log output configuration:
 #0: stdout all=off uptime,level,tags foldmultilines=false
 #1: stderr all=off uptime,level,tags foldmultilines=false

Release file:
JAVA_VERSION="21.0.10" 
MODULES="java.base java.compiler java.datatransfer java.xml java.prefs java.desktop java.instrument java.logging java.management java.security.sasl java.naming java.rmi java.management.rmi java.net.http java.scripting java.security.jgss java.transaction.xa java.sql java.sql.rowset java.xml.crypto java.se java.smartcardio jdk.accessibility jdk.internal.jvmstat jdk.attach jdk.charsets jdk.internal.opt jdk.zipfs jdk.compiler jdk.crypto.ec jdk.crypto.cryptoki jdk.crypto.mscapi jdk.dynalink jdk.internal.ed jdk.editpad jdk.hotspot.agent jdk.httpserver jdk.internal.le jdk.internal.vm.ci jdk.internal.vm.compiler jdk.internal.vm.compiler.management jdk.jartool jdk.javadoc jdk.jcmd jdk.management jdk.management.agent jdk.jconsole jdk.jdeps jdk.jdwp.agent jdk.jdi jdk.jfr jdk.jshell jdk.jsobject jdk.jstatd jdk.localedata jdk.management.jfr jdk.naming.dns jdk.naming.rmi jdk.net jdk.nio.mapmode jdk.random jdk.sctp jdk.security.auth jdk.security.jgss jdk.unsupported jdk.unsupported.desktop jdk.xml.dom" 

Environment Variables:
JAVA_HOME=C:\Program Files\Java\jdk-25
PATH=C:\Users\91878\AppData\Local\Programs\Microsoft VS Code;C:\Program Files\Common Files\Oracle\Java\javapath;C:\MinGW\bin;C:\Windows;C:\Windows\System32\Wbem;C:\Windows\System32\WindowsPowerShell\v1.0\;C:\Windows\System32\OpenSSH\;C:\Program Files (x86)\NVIDIA Corporation\PhysX\Common;C:\Program Files\NVIDIA Corporation\NVIDIA NvDLISR;C:\WINDOWS\system32;C:\WINDOWS;C:\WINDOWS\System32\Wbem;C:\WINDOWS\System32\WindowsPowerShell\v1.0\;C:\WINDOWS\System32\OpenSSH\;C:\Program Files (x86)\Microsoft SQL Server\Client SDK\ODBC\110\Tools\Binn\;C:\Program Files\Microsoft SQL Server\Client SDK\ODBC\110\Tools\Binn\;C:\Program Files\MySQL\MySQL Server 5.5\bin;C:\Program Files\dotnet\;C:\Program Files (x86)\Windows Kits\10\Windows Performance Toolkit\;C:\Program Files\nodejs\;C:\Program Files\gnuplot\bin;C:\Program Files\Git\cmd;C:\Users\91878\AppData\Local\Microsoft\WindowsApps;C:\Users\91878\AppData\Local\Programs\Microsoft VS Code\bin;C:\Users\91878\AppData\Roaming\npm;C:\Program Files\MongoDB\Server\8.2\bin;C:\Program Files\JetBrains\IntelliJ IDEA 2025.3.1.1\bin;C:\Users\91878\AppData\Local\Programs\cursor\resources\app\bin
USERNAME=91878
OS=Windows_NT
PROCESSOR_IDENTIFIER=Intel64 Family 6 Model 142 Stepping 12, GenuineIntel
TMP=C:\Users\91878\AppData\Local\Temp
TEMP=C:\Users\91878\AppData\Local\Temp




Periodic native trim disabled

---------------  S Y S T E M  ---------------

OS:
 Windows 11 , 64 bit Build 26100 (10.0.26100.7920)
OS uptime: 0 days 9:27 hours

CPU: total 8 (initial active 8) (4 cores per cpu, 2 threads per core) family 6 model 142 stepping 12 microcode 0xde, cx8, cmov, fxsr, ht, mmx, 3dnowpref, sse, sse2, sse3, ssse3, sse4.1, sse4.2, popcnt, lzcnt, tsc, tscinvbit, avx, avx2, aes, erms, clmul, bmi1, bmi2, adx, fma, vzeroupper, clflush, clflushopt, rdtscp, f16c
Processor Information for the first 8 processors :
  Max Mhz: 2112, Current Mhz: 1609, Mhz Limit: 1605

Memory: 4k page, system-wide physical 8020M (648M free)
TotalPageFile size 9918M (AvailPageFile size 1M)
current process WorkingSet (physical memory assigned to process): 195M, peak: 195M
current process commit charge ("private bytes"): 271M, peak: 272M

vm_info: OpenJDK 64-Bit Server VM (21.0.10+7-LTS) for windows-amd64 JRE (21.0.10+7-LTS), built on 2026-01-20T00:00:00Z by "admin" with MS VC++ 17.12 (VS2022)

END.
