#
# There is insufficient memory for the Java Runtime Environment to continue.
# Native memory allocation (malloc) failed to allocate 338576 bytes. Error detail: Chunk::new
# Possible reasons:
#   The system is out of physical RAM or swap space
#   This process is running with CompressedOops enabled, and the Java Heap may be blocking the growth of the native heap
# Possible solutions:
#   Reduce memory load on the system
#   Increase physical memory or swap space
#   Check if swap backing store is full
#   Decrease Java heap size (-Xmx/-Xms)
#   Decrease number of Java threads
#   Decrease Java thread stack sizes (-Xss)
#   Set larger code cache with -XX:ReservedCodeCacheSize=
#   JVM is running with Unscaled Compressed Oops mode in which the Java heap is
#     placed in the first 4GB address space. The Java Heap base address is the
#     maximum limit for the native heap growth. Please use -XX:HeapBaseMinAddress
#     to set the Java Heap base and to place the Java Heap above 4GB virtual address.
# This output file may be truncated or incomplete.
#
#  Out of Memory Error (arena.cpp:168), pid=3412, tid=19236
#
# JRE version: OpenJDK Runtime Environment Temurin-21.0.10+7 (21.0.10+7) (build 21.0.10+7-LTS)
# Java VM: OpenJDK 64-Bit Server VM Temurin-21.0.10+7 (21.0.10+7-LTS, mixed mode, sharing, tiered, compressed oops, compressed class ptrs, g1 gc, windows-amd64)
# No core dump will be written. Minidumps are not enabled by default on client versions of Windows
#

---------------  S U M M A R Y ------------

Command Line: --add-modules=ALL-SYSTEM --add-opens=java.base/java.util=ALL-UNNAMED --add-opens=java.base/java.lang=ALL-UNNAMED --add-opens=java.base/sun.nio.fs=ALL-UNNAMED -Declipse.application=org.eclipse.jdt.ls.core.id1 -Dosgi.bundles.defaultStartLevel=4 -Declipse.product=org.eclipse.jdt.ls.core.product -Djava.import.generatesMetadataFilesAtProjectRoot=false -DDetectVMInstallationsJob.disabled=true -Dfile.encoding=utf8 -Xlog:disable -javaagent:c:\Users\91878\.vscode\extensions\redhat.java-1.53.0-win32-x64\lombok\lombok-1.18.39-4050.jar c:\Users\91878\.vscode\extensions\redhat.java-1.53.0-win32-x64\server\plugins\org.eclipse.equinox.launcher_1.7.100.v20251111-0406.jar -configuration c:\Users\91878\AppData\Roaming\Code\User\globalStorage\redhat.java\1.53.0\config_ss_win -data c:\Users\91878\AppData\Roaming\Code\User\workspaceStorage\7773cde8fc2acf502badf6c2c1cb5445\redhat.java\ss_ws --pipe=\\.\pipe\lsp-d96a69f0875c5df66f53784fbebb1615-sock

Host: Intel(R) Core(TM) i5-10210U CPU @ 1.60GHz, 8 cores, 7G,  Windows 11 , 64 bit Build 26100 (10.0.26100.7920)
Time: Sun Apr 12 00:40:07 2026 India Standard Time elapsed time: 6.092298 seconds (0d 0h 0m 6s)

---------------  T H R E A D  ---------------

Current thread (0x0000026e54ec2130):  JavaThread "C2 CompilerThread0" daemon [_thread_in_native, id=19236, stack(0x000000d9feb00000,0x000000d9fec00000) (1024K)]


Current CompileTask:
C2:6092 1682       4       java.util.HashMap::putVal (300 bytes)

Stack: [0x000000d9feb00000,0x000000d9fec00000]
Native frames: (J=compiled Java code, j=interpreted, Vv=VM code, C=native code)
V  [jvm.dll+0x6d7a39]
V  [jvm.dll+0x8b4b26]
V  [jvm.dll+0x8b70de]
V  [jvm.dll+0x8b77c3]
V  [jvm.dll+0x284346]
V  [jvm.dll+0xc66ed]
V  [jvm.dll+0xc6c31]
V  [jvm.dll+0x3bec01]
V  [jvm.dll+0x38b162]
V  [jvm.dll+0x38a5aa]
V  [jvm.dll+0x24c560]
V  [jvm.dll+0x24bb40]
V  [jvm.dll+0x1cb34e]
V  [jvm.dll+0x25b85d]
V  [jvm.dll+0x259dea]
V  [jvm.dll+0x3f857e]
V  [jvm.dll+0x85f59d]
V  [jvm.dll+0x6d626d]
C  [ucrtbase.dll+0x37b0]
C  [KERNEL32.DLL+0x2e8d7]
C  [ntdll.dll+0x8c48c]


---------------  P R O C E S S  ---------------

Threads class SMR info:
_java_thread_list=0x0000026e9a3c9820, length=13, elements={
0x0000026e3b3eb1c0, 0x0000026e54ea3a50, 0x0000026e54ea63e0, 0x0000026e54eacb30,
0x0000026e54eaf5a0, 0x0000026e54eb0d20, 0x0000026e54eb25d0, 0x0000026e54ec2130,
0x0000026e54ec3b50, 0x0000026e9a2c9740, 0x0000026e9a298160, 0x0000026e9a325370,
0x0000026e9a6f2330
}

Java Threads: ( => current thread )
  0x0000026e3b3eb1c0 JavaThread "main"                              [_thread_in_vm, id=8800, stack(0x000000d9fdd00000,0x000000d9fde00000) (1024K)]
  0x0000026e54ea3a50 JavaThread "Reference Handler"          daemon [_thread_blocked, id=16560, stack(0x000000d9fe500000,0x000000d9fe600000) (1024K)]
  0x0000026e54ea63e0 JavaThread "Finalizer"                  daemon [_thread_blocked, id=5284, stack(0x000000d9fe600000,0x000000d9fe700000) (1024K)]
  0x0000026e54eacb30 JavaThread "Signal Dispatcher"          daemon [_thread_blocked, id=19272, stack(0x000000d9fe700000,0x000000d9fe800000) (1024K)]
  0x0000026e54eaf5a0 JavaThread "Attach Listener"            daemon [_thread_blocked, id=17360, stack(0x000000d9fe800000,0x000000d9fe900000) (1024K)]
  0x0000026e54eb0d20 JavaThread "Service Thread"             daemon [_thread_blocked, id=16584, stack(0x000000d9fe900000,0x000000d9fea00000) (1024K)]
  0x0000026e54eb25d0 JavaThread "Monitor Deflation Thread"   daemon [_thread_blocked, id=4032, stack(0x000000d9fea00000,0x000000d9feb00000) (1024K)]
=>0x0000026e54ec2130 JavaThread "C2 CompilerThread0"         daemon [_thread_in_native, id=19236, stack(0x000000d9feb00000,0x000000d9fec00000) (1024K)]
  0x0000026e54ec3b50 JavaThread "C1 CompilerThread0"         daemon [_thread_blocked, id=1676, stack(0x000000d9fec00000,0x000000d9fed00000) (1024K)]
  0x0000026e9a2c9740 JavaThread "Common-Cleaner"             daemon [_thread_blocked, id=15140, stack(0x000000d9fed00000,0x000000d9fee00000) (1024K)]
  0x0000026e9a298160 JavaThread "C2 CompilerThread1"         daemon [_thread_blocked, id=2900, stack(0x000000d9fee00000,0x000000d9fef00000) (1024K)]
  0x0000026e9a325370 JavaThread "Notification Thread"        daemon [_thread_blocked, id=8628, stack(0x000000d9fef00000,0x000000d9ff000000) (1024K)]
  0x0000026e9a6f2330 JavaThread "Active Thread: Equinox Container: 352e6848-b2fe-4f20-87ba-0b99bdc41b30"        [_thread_blocked, id=9832, stack(0x000000d9ff700000,0x000000d9ff800000) (1024K)]
Total: 13

Other Threads:
  0x0000026e54e82d50 VMThread "VM Thread"                           [id=11620, stack(0x000000d9fe400000,0x000000d9fe500000) (1024K)]
  0x0000026e54e6fd40 WatcherThread "VM Periodic Task Thread"        [id=5780, stack(0x000000d9fe300000,0x000000d9fe400000) (1024K)]
  0x0000026e3d859b90 WorkerThread "GC Thread#0"                     [id=14764, stack(0x000000d9fde00000,0x000000d9fdf00000) (1024K)]
  0x0000026e9ae0e380 WorkerThread "GC Thread#1"                     [id=4256, stack(0x000000d9ff100000,0x000000d9ff200000) (1024K)]
  0x0000026e9acd9400 WorkerThread "GC Thread#2"                     [id=14096, stack(0x000000d9ff200000,0x000000d9ff300000) (1024K)]
  0x0000026e9a4f8120 WorkerThread "GC Thread#3"                     [id=2092, stack(0x000000d9ff300000,0x000000d9ff400000) (1024K)]
  0x0000026e9a59d910 WorkerThread "GC Thread#4"                     [id=15812, stack(0x000000d9ff400000,0x000000d9ff500000) (1024K)]
  0x0000026e9a59dcc0 WorkerThread "GC Thread#5"                     [id=2840, stack(0x000000d9ff500000,0x000000d9ff600000) (1024K)]
  0x0000026e9a57d8e0 WorkerThread "GC Thread#6"                     [id=2332, stack(0x000000d9ff600000,0x000000d9ff700000) (1024K)]
  0x0000026e3d86bb70 ConcurrentGCThread "G1 Main Marker"            [id=17488, stack(0x000000d9fdf00000,0x000000d9fe000000) (1024K)]
  0x0000026e3d86c590 WorkerThread "G1 Conc#0"                       [id=2956, stack(0x000000d9fe000000,0x000000d9fe100000) (1024K)]
  0x0000026e54d3b1e0 ConcurrentGCThread "G1 Refine#0"               [id=19100, stack(0x000000d9fe100000,0x000000d9fe200000) (1024K)]
  0x0000026e54d3ba10 ConcurrentGCThread "G1 Service"                [id=2664, stack(0x000000d9fe200000,0x000000d9fe300000) (1024K)]
Total: 13

Threads with active compile tasks:
C2 CompilerThread0  6109 1682       4       java.util.HashMap::putVal (300 bytes)
Total: 1

VM state: not at safepoint (normal execution)

VM Mutex/Monitor currently owned by a thread: None

Heap address: 0x0000000082a00000, size: 2006 MB, Compressed Oops mode: 32-bit

CDS archive(s) mapped at: [0x0000026e55000000-0x0000026e55ba0000-0x0000026e55ba0000), size 12189696, SharedBaseAddress: 0x0000026e55000000, ArchiveRelocationMode: 1.
Compressed class space mapped at: 0x0000026e56000000-0x0000026e96000000, reserved size: 1073741824
Narrow klass base: 0x0000026e55000000, Narrow klass shift: 0, Narrow klass range: 0x100000000

GC Precious Log:
 CardTable entry size: 512
 Card Set container configuration: InlinePtr #cards 5 size 8 Array Of Cards #cards 12 size 40 Howl #buckets 4 coarsen threshold 1843 Howl Bitmap #cards 512 size 80 coarsen threshold 460 Card regions per heap region 1 cards per card region 2048
 CPUs: 8 total, 8 available
 Memory: 8020M
 Large Page Support: Disabled
 NUMA Support: Disabled
 Compressed Oops: Enabled (32-bit)
 Heap Region Size: 1M
 Heap Min Capacity: 8M
 Heap Initial Capacity: 126M
 Heap Max Capacity: 2006M
 Pre-touch: Disabled
 Parallel Workers: 8
 Concurrent Workers: 2
 Concurrent Refinement Workers: 8
 Periodic GC: Disabled

Heap:
 garbage-first heap   total 129024K, used 25286K [0x0000000082a00000, 0x0000000100000000)
  region size 1024K, 25 young (25600K), 3 survivors (3072K)
 Metaspace       used 7692K, committed 8000K, reserved 1114112K
  class space    used 805K, committed 960K, reserved 1048576K

Heap Regions: E=young(eden), S=young(survivor), O=old, HS=humongous(starts), HC=humongous(continues), CS=collection set, F=free, TAMS=top-at-mark-start, PB=parsable bottom
|   0|0x0000000082a00000, 0x0000000082ab1bf8, 0x0000000082b00000| 69%| O|  |TAMS 0x0000000082a00000| PB 0x0000000082a00000| Untracked 
|   1|0x0000000082b00000, 0x0000000082b00000, 0x0000000082c00000|  0%| F|  |TAMS 0x0000000082b00000| PB 0x0000000082b00000| Untracked 
|   2|0x0000000082c00000, 0x0000000082c00000, 0x0000000082d00000|  0%| F|  |TAMS 0x0000000082c00000| PB 0x0000000082c00000| Untracked 
|   3|0x0000000082d00000, 0x0000000082d00000, 0x0000000082e00000|  0%| F|  |TAMS 0x0000000082d00000| PB 0x0000000082d00000| Untracked 
|   4|0x0000000082e00000, 0x0000000082e00000, 0x0000000082f00000|  0%| F|  |TAMS 0x0000000082e00000| PB 0x0000000082e00000| Untracked 
|   5|0x0000000082f00000, 0x0000000082f00000, 0x0000000083000000|  0%| F|  |TAMS 0x0000000082f00000| PB 0x0000000082f00000| Untracked 
|   6|0x0000000083000000, 0x0000000083000000, 0x0000000083100000|  0%| F|  |TAMS 0x0000000083000000| PB 0x0000000083000000| Untracked 
|   7|0x0000000083100000, 0x0000000083100000, 0x0000000083200000|  0%| F|  |TAMS 0x0000000083100000| PB 0x0000000083100000| Untracked 
|   8|0x0000000083200000, 0x0000000083200000, 0x0000000083300000|  0%| F|  |TAMS 0x0000000083200000| PB 0x0000000083200000| Untracked 
|   9|0x0000000083300000, 0x0000000083300000, 0x0000000083400000|  0%| F|  |TAMS 0x0000000083300000| PB 0x0000000083300000| Untracked 
|  10|0x0000000083400000, 0x0000000083400000, 0x0000000083500000|  0%| F|  |TAMS 0x0000000083400000| PB 0x0000000083400000| Untracked 
|  11|0x0000000083500000, 0x0000000083500000, 0x0000000083600000|  0%| F|  |TAMS 0x0000000083500000| PB 0x0000000083500000| Untracked 
|  12|0x0000000083600000, 0x0000000083600000, 0x0000000083700000|  0%| F|  |TAMS 0x0000000083600000| PB 0x0000000083600000| Untracked 
|  13|0x0000000083700000, 0x0000000083700000, 0x0000000083800000|  0%| F|  |TAMS 0x0000000083700000| PB 0x0000000083700000| Untracked 
|  14|0x0000000083800000, 0x0000000083800000, 0x0000000083900000|  0%| F|  |TAMS 0x0000000083800000| PB 0x0000000083800000| Untracked 
|  15|0x0000000083900000, 0x0000000083900000, 0x0000000083a00000|  0%| F|  |TAMS 0x0000000083900000| PB 0x0000000083900000| Untracked 
|  16|0x0000000083a00000, 0x0000000083a00000, 0x0000000083b00000|  0%| F|  |TAMS 0x0000000083a00000| PB 0x0000000083a00000| Untracked 
|  17|0x0000000083b00000, 0x0000000083b00000, 0x0000000083c00000|  0%| F|  |TAMS 0x0000000083b00000| PB 0x0000000083b00000| Untracked 
|  18|0x0000000083c00000, 0x0000000083c00000, 0x0000000083d00000|  0%| F|  |TAMS 0x0000000083c00000| PB 0x0000000083c00000| Untracked 
|  19|0x0000000083d00000, 0x0000000083d00000, 0x0000000083e00000|  0%| F|  |TAMS 0x0000000083d00000| PB 0x0000000083d00000| Untracked 
|  20|0x0000000083e00000, 0x0000000083e00000, 0x0000000083f00000|  0%| F|  |TAMS 0x0000000083e00000| PB 0x0000000083e00000| Untracked 
|  21|0x0000000083f00000, 0x0000000083f00000, 0x0000000084000000|  0%| F|  |TAMS 0x0000000083f00000| PB 0x0000000083f00000| Untracked 
|  22|0x0000000084000000, 0x0000000084000000, 0x0000000084100000|  0%| F|  |TAMS 0x0000000084000000| PB 0x0000000084000000| Untracked 
|  23|0x0000000084100000, 0x0000000084100000, 0x0000000084200000|  0%| F|  |TAMS 0x0000000084100000| PB 0x0000000084100000| Untracked 
|  24|0x0000000084200000, 0x0000000084200000, 0x0000000084300000|  0%| F|  |TAMS 0x0000000084200000| PB 0x0000000084200000| Untracked 
|  25|0x0000000084300000, 0x0000000084300000, 0x0000000084400000|  0%| F|  |TAMS 0x0000000084300000| PB 0x0000000084300000| Untracked 
|  26|0x0000000084400000, 0x0000000084400000, 0x0000000084500000|  0%| F|  |TAMS 0x0000000084400000| PB 0x0000000084400000| Untracked 
|  27|0x0000000084500000, 0x0000000084500000, 0x0000000084600000|  0%| F|  |TAMS 0x0000000084500000| PB 0x0000000084500000| Untracked 
|  28|0x0000000084600000, 0x0000000084600000, 0x0000000084700000|  0%| F|  |TAMS 0x0000000084600000| PB 0x0000000084600000| Untracked 
|  29|0x0000000084700000, 0x0000000084700000, 0x0000000084800000|  0%| F|  |TAMS 0x0000000084700000| PB 0x0000000084700000| Untracked 
|  30|0x0000000084800000, 0x0000000084800000, 0x0000000084900000|  0%| F|  |TAMS 0x0000000084800000| PB 0x0000000084800000| Untracked 
|  31|0x0000000084900000, 0x0000000084900000, 0x0000000084a00000|  0%| F|  |TAMS 0x0000000084900000| PB 0x0000000084900000| Untracked 
|  32|0x0000000084a00000, 0x0000000084a00000, 0x0000000084b00000|  0%| F|  |TAMS 0x0000000084a00000| PB 0x0000000084a00000| Untracked 
|  33|0x0000000084b00000, 0x0000000084b00000, 0x0000000084c00000|  0%| F|  |TAMS 0x0000000084b00000| PB 0x0000000084b00000| Untracked 
|  34|0x0000000084c00000, 0x0000000084c00000, 0x0000000084d00000|  0%| F|  |TAMS 0x0000000084c00000| PB 0x0000000084c00000| Untracked 
|  35|0x0000000084d00000, 0x0000000084d00000, 0x0000000084e00000|  0%| F|  |TAMS 0x0000000084d00000| PB 0x0000000084d00000| Untracked 
|  36|0x0000000084e00000, 0x0000000084e00000, 0x0000000084f00000|  0%| F|  |TAMS 0x0000000084e00000| PB 0x0000000084e00000| Untracked 
|  37|0x0000000084f00000, 0x0000000084f00000, 0x0000000085000000|  0%| F|  |TAMS 0x0000000084f00000| PB 0x0000000084f00000| Untracked 
|  38|0x0000000085000000, 0x0000000085000000, 0x0000000085100000|  0%| F|  |TAMS 0x0000000085000000| PB 0x0000000085000000| Untracked 
|  39|0x0000000085100000, 0x0000000085100000, 0x0000000085200000|  0%| F|  |TAMS 0x0000000085100000| PB 0x0000000085100000| Untracked 
|  40|0x0000000085200000, 0x0000000085200000, 0x0000000085300000|  0%| F|  |TAMS 0x0000000085200000| PB 0x0000000085200000| Untracked 
|  41|0x0000000085300000, 0x0000000085300000, 0x0000000085400000|  0%| F|  |TAMS 0x0000000085300000| PB 0x0000000085300000| Untracked 
|  42|0x0000000085400000, 0x0000000085400000, 0x0000000085500000|  0%| F|  |TAMS 0x0000000085400000| PB 0x0000000085400000| Untracked 
|  43|0x0000000085500000, 0x0000000085500000, 0x0000000085600000|  0%| F|  |TAMS 0x0000000085500000| PB 0x0000000085500000| Untracked 
|  44|0x0000000085600000, 0x0000000085600000, 0x0000000085700000|  0%| F|  |TAMS 0x0000000085600000| PB 0x0000000085600000| Untracked 
|  45|0x0000000085700000, 0x0000000085700000, 0x0000000085800000|  0%| F|  |TAMS 0x0000000085700000| PB 0x0000000085700000| Untracked 
|  46|0x0000000085800000, 0x0000000085800000, 0x0000000085900000|  0%| F|  |TAMS 0x0000000085800000| PB 0x0000000085800000| Untracked 
|  47|0x0000000085900000, 0x0000000085900000, 0x0000000085a00000|  0%| F|  |TAMS 0x0000000085900000| PB 0x0000000085900000| Untracked 
|  48|0x0000000085a00000, 0x0000000085a00000, 0x0000000085b00000|  0%| F|  |TAMS 0x0000000085a00000| PB 0x0000000085a00000| Untracked 
|  49|0x0000000085b00000, 0x0000000085b00000, 0x0000000085c00000|  0%| F|  |TAMS 0x0000000085b00000| PB 0x0000000085b00000| Untracked 
|  50|0x0000000085c00000, 0x0000000085c00000, 0x0000000085d00000|  0%| F|  |TAMS 0x0000000085c00000| PB 0x0000000085c00000| Untracked 
|  51|0x0000000085d00000, 0x0000000085d00000, 0x0000000085e00000|  0%| F|  |TAMS 0x0000000085d00000| PB 0x0000000085d00000| Untracked 
|  52|0x0000000085e00000, 0x0000000085e00000, 0x0000000085f00000|  0%| F|  |TAMS 0x0000000085e00000| PB 0x0000000085e00000| Untracked 
|  53|0x0000000085f00000, 0x0000000085f00000, 0x0000000086000000|  0%| F|  |TAMS 0x0000000085f00000| PB 0x0000000085f00000| Untracked 
|  54|0x0000000086000000, 0x0000000086000000, 0x0000000086100000|  0%| F|  |TAMS 0x0000000086000000| PB 0x0000000086000000| Untracked 
|  55|0x0000000086100000, 0x0000000086100000, 0x0000000086200000|  0%| F|  |TAMS 0x0000000086100000| PB 0x0000000086100000| Untracked 
|  56|0x0000000086200000, 0x0000000086200000, 0x0000000086300000|  0%| F|  |TAMS 0x0000000086200000| PB 0x0000000086200000| Untracked 
|  57|0x0000000086300000, 0x0000000086300000, 0x0000000086400000|  0%| F|  |TAMS 0x0000000086300000| PB 0x0000000086300000| Untracked 
|  58|0x0000000086400000, 0x0000000086400000, 0x0000000086500000|  0%| F|  |TAMS 0x0000000086400000| PB 0x0000000086400000| Untracked 
|  59|0x0000000086500000, 0x0000000086500000, 0x0000000086600000|  0%| F|  |TAMS 0x0000000086500000| PB 0x0000000086500000| Untracked 
|  60|0x0000000086600000, 0x0000000086600000, 0x0000000086700000|  0%| F|  |TAMS 0x0000000086600000| PB 0x0000000086600000| Untracked 
|  61|0x0000000086700000, 0x0000000086700000, 0x0000000086800000|  0%| F|  |TAMS 0x0000000086700000| PB 0x0000000086700000| Untracked 
|  62|0x0000000086800000, 0x0000000086800000, 0x0000000086900000|  0%| F|  |TAMS 0x0000000086800000| PB 0x0000000086800000| Untracked 
|  63|0x0000000086900000, 0x0000000086900000, 0x0000000086a00000|  0%| F|  |TAMS 0x0000000086900000| PB 0x0000000086900000| Untracked 
|  64|0x0000000086a00000, 0x0000000086a00000, 0x0000000086b00000|  0%| F|  |TAMS 0x0000000086a00000| PB 0x0000000086a00000| Untracked 
|  65|0x0000000086b00000, 0x0000000086b00000, 0x0000000086c00000|  0%| F|  |TAMS 0x0000000086b00000| PB 0x0000000086b00000| Untracked 
|  66|0x0000000086c00000, 0x0000000086c00000, 0x0000000086d00000|  0%| F|  |TAMS 0x0000000086c00000| PB 0x0000000086c00000| Untracked 
|  67|0x0000000086d00000, 0x0000000086d00000, 0x0000000086e00000|  0%| F|  |TAMS 0x0000000086d00000| PB 0x0000000086d00000| Untracked 
|  68|0x0000000086e00000, 0x0000000086e00000, 0x0000000086f00000|  0%| F|  |TAMS 0x0000000086e00000| PB 0x0000000086e00000| Untracked 
|  69|0x0000000086f00000, 0x0000000086f00000, 0x0000000087000000|  0%| F|  |TAMS 0x0000000086f00000| PB 0x0000000086f00000| Untracked 
|  70|0x0000000087000000, 0x0000000087000000, 0x0000000087100000|  0%| F|  |TAMS 0x0000000087000000| PB 0x0000000087000000| Untracked 
|  71|0x0000000087100000, 0x0000000087100000, 0x0000000087200000|  0%| F|  |TAMS 0x0000000087100000| PB 0x0000000087100000| Untracked 
|  72|0x0000000087200000, 0x0000000087200000, 0x0000000087300000|  0%| F|  |TAMS 0x0000000087200000| PB 0x0000000087200000| Untracked 
|  73|0x0000000087300000, 0x0000000087300000, 0x0000000087400000|  0%| F|  |TAMS 0x0000000087300000| PB 0x0000000087300000| Untracked 
|  74|0x0000000087400000, 0x0000000087400000, 0x0000000087500000|  0%| F|  |TAMS 0x0000000087400000| PB 0x0000000087400000| Untracked 
|  75|0x0000000087500000, 0x0000000087500000, 0x0000000087600000|  0%| F|  |TAMS 0x0000000087500000| PB 0x0000000087500000| Untracked 
|  76|0x0000000087600000, 0x0000000087600000, 0x0000000087700000|  0%| F|  |TAMS 0x0000000087600000| PB 0x0000000087600000| Untracked 
|  77|0x0000000087700000, 0x0000000087700000, 0x0000000087800000|  0%| F|  |TAMS 0x0000000087700000| PB 0x0000000087700000| Untracked 
|  78|0x0000000087800000, 0x0000000087800000, 0x0000000087900000|  0%| F|  |TAMS 0x0000000087800000| PB 0x0000000087800000| Untracked 
|  79|0x0000000087900000, 0x0000000087900000, 0x0000000087a00000|  0%| F|  |TAMS 0x0000000087900000| PB 0x0000000087900000| Untracked 
|  80|0x0000000087a00000, 0x0000000087a00000, 0x0000000087b00000|  0%| F|  |TAMS 0x0000000087a00000| PB 0x0000000087a00000| Untracked 
|  81|0x0000000087b00000, 0x0000000087b00000, 0x0000000087c00000|  0%| F|  |TAMS 0x0000000087b00000| PB 0x0000000087b00000| Untracked 
|  82|0x0000000087c00000, 0x0000000087c00000, 0x0000000087d00000|  0%| F|  |TAMS 0x0000000087c00000| PB 0x0000000087c00000| Untracked 
|  83|0x0000000087d00000, 0x0000000087d00000, 0x0000000087e00000|  0%| F|  |TAMS 0x0000000087d00000| PB 0x0000000087d00000| Untracked 
|  84|0x0000000087e00000, 0x0000000087e00000, 0x0000000087f00000|  0%| F|  |TAMS 0x0000000087e00000| PB 0x0000000087e00000| Untracked 
|  85|0x0000000087f00000, 0x0000000087f00000, 0x0000000088000000|  0%| F|  |TAMS 0x0000000087f00000| PB 0x0000000087f00000| Untracked 
|  86|0x0000000088000000, 0x0000000088000000, 0x0000000088100000|  0%| F|  |TAMS 0x0000000088000000| PB 0x0000000088000000| Untracked 
|  87|0x0000000088100000, 0x0000000088100000, 0x0000000088200000|  0%| F|  |TAMS 0x0000000088100000| PB 0x0000000088100000| Untracked 
|  88|0x0000000088200000, 0x0000000088200000, 0x0000000088300000|  0%| F|  |TAMS 0x0000000088200000| PB 0x0000000088200000| Untracked 
|  89|0x0000000088300000, 0x0000000088300000, 0x0000000088400000|  0%| F|  |TAMS 0x0000000088300000| PB 0x0000000088300000| Untracked 
|  90|0x0000000088400000, 0x0000000088400000, 0x0000000088500000|  0%| F|  |TAMS 0x0000000088400000| PB 0x0000000088400000| Untracked 
|  91|0x0000000088500000, 0x0000000088500000, 0x0000000088600000|  0%| F|  |TAMS 0x0000000088500000| PB 0x0000000088500000| Untracked 
|  92|0x0000000088600000, 0x0000000088600000, 0x0000000088700000|  0%| F|  |TAMS 0x0000000088600000| PB 0x0000000088600000| Untracked 
|  93|0x0000000088700000, 0x0000000088700000, 0x0000000088800000|  0%| F|  |TAMS 0x0000000088700000| PB 0x0000000088700000| Untracked 
|  94|0x0000000088800000, 0x0000000088800000, 0x0000000088900000|  0%| F|  |TAMS 0x0000000088800000| PB 0x0000000088800000| Untracked 
|  95|0x0000000088900000, 0x0000000088900000, 0x0000000088a00000|  0%| F|  |TAMS 0x0000000088900000| PB 0x0000000088900000| Untracked 
|  96|0x0000000088a00000, 0x0000000088a00000, 0x0000000088b00000|  0%| F|  |TAMS 0x0000000088a00000| PB 0x0000000088a00000| Untracked 
|  97|0x0000000088b00000, 0x0000000088b00000, 0x0000000088c00000|  0%| F|  |TAMS 0x0000000088b00000| PB 0x0000000088b00000| Untracked 
|  98|0x0000000088c00000, 0x0000000088c00000, 0x0000000088d00000|  0%| F|  |TAMS 0x0000000088c00000| PB 0x0000000088c00000| Untracked 
|  99|0x0000000088d00000, 0x0000000088d00000, 0x0000000088e00000|  0%| F|  |TAMS 0x0000000088d00000| PB 0x0000000088d00000| Untracked 
| 100|0x0000000088e00000, 0x0000000088f00000, 0x0000000088f00000|100%| S|CS|TAMS 0x0000000088e00000| PB 0x0000000088e00000| Complete 
| 101|0x0000000088f00000, 0x0000000089000000, 0x0000000089000000|100%| S|CS|TAMS 0x0000000088f00000| PB 0x0000000088f00000| Complete 
| 102|0x0000000089000000, 0x0000000089100000, 0x0000000089100000|100%| S|CS|TAMS 0x0000000089000000| PB 0x0000000089000000| Complete 
| 103|0x0000000089100000, 0x0000000089162fa0, 0x0000000089200000| 38%| E|  |TAMS 0x0000000089100000| PB 0x0000000089100000| Complete 
| 104|0x0000000089200000, 0x0000000089300000, 0x0000000089300000|100%| E|CS|TAMS 0x0000000089200000| PB 0x0000000089200000| Complete 
| 105|0x0000000089300000, 0x0000000089400000, 0x0000000089400000|100%| E|CS|TAMS 0x0000000089300000| PB 0x0000000089300000| Complete 
| 106|0x0000000089400000, 0x0000000089500000, 0x0000000089500000|100%| E|CS|TAMS 0x0000000089400000| PB 0x0000000089400000| Complete 
| 107|0x0000000089500000, 0x0000000089600000, 0x0000000089600000|100%| E|CS|TAMS 0x0000000089500000| PB 0x0000000089500000| Complete 
| 108|0x0000000089600000, 0x0000000089700000, 0x0000000089700000|100%| E|CS|TAMS 0x0000000089600000| PB 0x0000000089600000| Complete 
| 109|0x0000000089700000, 0x0000000089800000, 0x0000000089800000|100%| E|CS|TAMS 0x0000000089700000| PB 0x0000000089700000| Complete 
| 110|0x0000000089800000, 0x0000000089900000, 0x0000000089900000|100%| E|CS|TAMS 0x0000000089800000| PB 0x0000000089800000| Complete 
| 111|0x0000000089900000, 0x0000000089a00000, 0x0000000089a00000|100%| E|CS|TAMS 0x0000000089900000| PB 0x0000000089900000| Complete 
| 112|0x0000000089a00000, 0x0000000089b00000, 0x0000000089b00000|100%| E|CS|TAMS 0x0000000089a00000| PB 0x0000000089a00000| Complete 
| 113|0x0000000089b00000, 0x0000000089c00000, 0x0000000089c00000|100%| E|CS|TAMS 0x0000000089b00000| PB 0x0000000089b00000| Complete 
| 114|0x0000000089c00000, 0x0000000089d00000, 0x0000000089d00000|100%| E|CS|TAMS 0x0000000089c00000| PB 0x0000000089c00000| Complete 
| 115|0x0000000089d00000, 0x0000000089e00000, 0x0000000089e00000|100%| E|CS|TAMS 0x0000000089d00000| PB 0x0000000089d00000| Complete 
| 116|0x0000000089e00000, 0x0000000089f00000, 0x0000000089f00000|100%| E|CS|TAMS 0x0000000089e00000| PB 0x0000000089e00000| Complete 
| 117|0x0000000089f00000, 0x000000008a000000, 0x000000008a000000|100%| E|CS|TAMS 0x0000000089f00000| PB 0x0000000089f00000| Complete 
| 118|0x000000008a000000, 0x000000008a100000, 0x000000008a100000|100%| E|CS|TAMS 0x000000008a000000| PB 0x000000008a000000| Complete 
| 119|0x000000008a100000, 0x000000008a200000, 0x000000008a200000|100%| E|CS|TAMS 0x000000008a100000| PB 0x000000008a100000| Complete 
| 120|0x000000008a200000, 0x000000008a300000, 0x000000008a300000|100%| E|CS|TAMS 0x000000008a200000| PB 0x000000008a200000| Complete 
| 121|0x000000008a300000, 0x000000008a400000, 0x000000008a400000|100%| E|CS|TAMS 0x000000008a300000| PB 0x000000008a300000| Complete 
| 122|0x000000008a400000, 0x000000008a500000, 0x000000008a500000|100%| E|CS|TAMS 0x000000008a400000| PB 0x000000008a400000| Complete 
| 123|0x000000008a500000, 0x000000008a600000, 0x000000008a600000|100%| E|CS|TAMS 0x000000008a500000| PB 0x000000008a500000| Complete 
| 124|0x000000008a600000, 0x000000008a700000, 0x000000008a700000|100%| E|CS|TAMS 0x000000008a600000| PB 0x000000008a600000| Complete 
| 125|0x000000008a700000, 0x000000008a800000, 0x000000008a800000|100%| E|CS|TAMS 0x000000008a700000| PB 0x000000008a700000| Complete 

Card table byte_map: [0x0000026e50110000,0x0000026e50500000] _byte_map_base: 0x0000026e4fcfb000

Marking Bits: (CMBitMap*) 0x0000026e3d85a1b0
 Bits: [0x0000026e50500000, 0x0000026e52458000)

Polling page: 0x0000026e3b880000

Metaspace:

Usage:
  Non-class:      6.73 MB used.
      Class:    805.33 KB used.
       Both:      7.51 MB used.

Virtual space:
  Non-class space:       64.00 MB reserved,       6.88 MB ( 11%) committed,  1 nodes.
      Class space:        1.00 GB reserved,     960.00 KB ( <1%) committed,  1 nodes.
             Both:        1.06 GB reserved,       7.81 MB ( <1%) committed. 

Chunk freelists:
   Non-Class:  8.99 MB
       Class:  14.92 MB
        Both:  23.91 MB

MaxMetaspaceSize: unlimited
CompressedClassSpaceSize: 1.00 GB
Initial GC threshold: 21.00 MB
Current GC threshold: 21.00 MB
CDS: on
 - commit_granule_bytes: 65536.
 - commit_granule_words: 8192.
 - virtual_space_node_default_size: 8388608.
 - enlarge_chunks_in_place: 1.
 - use_allocation_guard: 0.


Internal statistics:

num_allocs_failed_limit: 0.
num_arena_births: 228.
num_arena_deaths: 0.
num_vsnodes_births: 2.
num_vsnodes_deaths: 0.
num_space_committed: 125.
num_space_uncommitted: 0.
num_chunks_returned_to_freelist: 0.
num_chunks_taken_from_freelist: 416.
num_chunk_merges: 0.
num_chunk_splits: 264.
num_chunks_enlarged: 171.
num_inconsistent_stats: 0.

CodeHeap 'non-profiled nmethods': size=120000Kb used=764Kb max_used=764Kb free=119235Kb
 bounds [0x0000026e484c0000, 0x0000026e48730000, 0x0000026e4f9f0000]
CodeHeap 'profiled nmethods': size=120000Kb used=3026Kb max_used=3026Kb free=116973Kb
 bounds [0x0000026e409f0000, 0x0000026e40cf0000, 0x0000026e47f20000]
CodeHeap 'non-nmethods': size=5760Kb used=1315Kb max_used=1352Kb free=4444Kb
 bounds [0x0000026e47f20000, 0x0000026e48190000, 0x0000026e484c0000]
CodeCache: size=245760Kb, used=5105Kb, max_used=5142Kb, free=240652Kb
 total_blobs=2180, nmethods=1701, adapters=384, full_count=0
Compilation: enabled, stopped_count=0, restarted_count=0

Compilation events (20 events):
Event: 4.066 Thread 0x0000026e54ec3b50 nmethod 1688 0x0000026e4857e590 code [0x0000026e4857e720, 0x0000026e4857e7e8]
Event: 4.066 Thread 0x0000026e54ec3b50 1689       1       org.osgi.framework.ServiceEvent::getServiceReference (5 bytes)
Event: 4.066 Thread 0x0000026e54ec3b50 nmethod 1689 0x0000026e4857e890 code [0x0000026e4857ea20, 0x0000026e4857eae8]
Event: 4.066 Thread 0x0000026e54ec3b50 1690       3       java.lang.invoke.LambdaForm$DMH/0x0000026e56098400::newInvokeSpecial (27 bytes)
Event: 4.067 Thread 0x0000026e54ec3b50 nmethod 1690 0x0000026e40cd7710 code [0x0000026e40cd7940, 0x0000026e40cd82a8]
Event: 4.068 Thread 0x0000026e54ec3b50 1691       3       sun.security.provider.SHA2::resetHashes (19 bytes)
Event: 4.068 Thread 0x0000026e54ec3b50 nmethod 1691 0x0000026e40cd8590 code [0x0000026e40cd8740, 0x0000026e40cd88f0]
Event: 4.068 Thread 0x0000026e54ec3b50 1692       3       java.security.MessageDigest$Delegate$CloneableDelegate::<init> (8 bytes)
Event: 4.069 Thread 0x0000026e54ec3b50 nmethod 1692 0x0000026e40cd8a10 code [0x0000026e40cd8be0, 0x0000026e40cd8f88]
Event: 4.069 Thread 0x0000026e54ec3b50 1693       3       sun.security.provider.DigestBase::engineDigest (112 bytes)
Event: 4.070 Thread 0x0000026e54ec3b50 nmethod 1693 0x0000026e40cd9110 code [0x0000026e40cd93e0, 0x0000026e40cd9fe8]
Event: 4.070 Thread 0x0000026e54ec3b50 1695       3       sun.security.provider.ByteArrayAccess::i2bBig (33 bytes)
Event: 4.071 Thread 0x0000026e54ec3b50 nmethod 1695 0x0000026e40cda490 code [0x0000026e40cda6a0, 0x0000026e40cdada0]
Event: 4.071 Thread 0x0000026e54ec3b50 1694       3       sun.security.provider.SHA2::implDigest (98 bytes)
Event: 4.072 Thread 0x0000026e54ec3b50 nmethod 1694 0x0000026e40cdb110 code [0x0000026e40cdb420, 0x0000026e40cdc560]
Event: 4.073 Thread 0x0000026e54ec3b50 1697       1       org.eclipse.osgi.internal.serviceregistry.ServiceRegistrationImpl::getClasses (5 bytes)
Event: 4.073 Thread 0x0000026e54ec3b50 nmethod 1697 0x0000026e4857eb90 code [0x0000026e4857ed20, 0x0000026e4857ede8]
Event: 4.073 Thread 0x0000026e54ec3b50 1696       1       org.eclipse.osgi.internal.serviceregistry.ServiceRegistrationImpl::getId (5 bytes)
Event: 4.073 Thread 0x0000026e54ec3b50 nmethod 1696 0x0000026e4857ee90 code [0x0000026e4857f020, 0x0000026e4857f0e8]
Event: 4.075 Thread 0x0000026e54ec3b50 1698   !   3       sun.security.util.ManifestEntryVerifier::setEntry (298 bytes)

GC Heap History (2 events):
Event: 3.273 GC heap before
{Heap before GC invocations=0 (full 0):
 garbage-first heap   total 129024K, used 22528K [0x0000000082a00000, 0x0000000100000000)
  region size 1024K, 23 young (23552K), 0 survivors (0K)
 Metaspace       used 4109K, committed 4416K, reserved 1114112K
  class space    used 453K, committed 576K, reserved 1048576K
}
Event: 3.279 GC heap after
{Heap after GC invocations=1 (full 0):
 garbage-first heap   total 129024K, used 3782K [0x0000000082a00000, 0x0000000100000000)
  region size 1024K, 3 young (3072K), 3 survivors (3072K)
 Metaspace       used 4109K, committed 4416K, reserved 1114112K
  class space    used 453K, committed 576K, reserved 1048576K
}

Dll operation events (8 events):
Event: 0.047 Loaded shared library c:\Users\91878\.vscode\extensions\redhat.java-1.53.0-win32-x64\jre\21.0.10-win32-x86_64\bin\java.dll
Event: 0.205 Loaded shared library c:\Users\91878\.vscode\extensions\redhat.java-1.53.0-win32-x64\jre\21.0.10-win32-x86_64\bin\zip.dll
Event: 0.241 Loaded shared library C:\Users\91878\.vscode\extensions\redhat.java-1.53.0-win32-x64\jre\21.0.10-win32-x86_64\bin\instrument.dll
Event: 0.248 Loaded shared library C:\Users\91878\.vscode\extensions\redhat.java-1.53.0-win32-x64\jre\21.0.10-win32-x86_64\bin\net.dll
Event: 0.251 Loaded shared library C:\Users\91878\.vscode\extensions\redhat.java-1.53.0-win32-x64\jre\21.0.10-win32-x86_64\bin\nio.dll
Event: 0.255 Loaded shared library C:\Users\91878\.vscode\extensions\redhat.java-1.53.0-win32-x64\jre\21.0.10-win32-x86_64\bin\zip.dll
Event: 0.285 Loaded shared library C:\Users\91878\.vscode\extensions\redhat.java-1.53.0-win32-x64\jre\21.0.10-win32-x86_64\bin\jimage.dll
Event: 0.391 Loaded shared library c:\Users\91878\.vscode\extensions\redhat.java-1.53.0-win32-x64\jre\21.0.10-win32-x86_64\bin\verify.dll

Deoptimization events (20 events):
Event: 3.631 Thread 0x0000026e3b3eb1c0 DEOPT PACKING pc=0x0000026e40a8f48d sp=0x000000d9fddf3de0
Event: 3.631 Thread 0x0000026e3b3eb1c0 DEOPT UNPACKING pc=0x0000026e47f74bc2 sp=0x000000d9fddf3290 mode 0
Event: 3.638 Thread 0x0000026e3b3eb1c0 DEOPT PACKING pc=0x0000026e40a8f48d sp=0x000000d9fddf7740
Event: 3.638 Thread 0x0000026e3b3eb1c0 DEOPT UNPACKING pc=0x0000026e47f74bc2 sp=0x000000d9fddf6bf0 mode 0
Event: 3.806 Thread 0x0000026e3b3eb1c0 Uncommon trap: trap_request=0xffffff45 fr.pc=0x0000026e48541c90 relative=0x0000000000000170
Event: 3.806 Thread 0x0000026e3b3eb1c0 Uncommon trap: reason=unstable_if action=reinterpret pc=0x0000026e48541c90 method=java.util.concurrent.locks.ReentrantLock$NonfairSync.initialTryLock()Z @ 10 c2
Event: 3.806 Thread 0x0000026e3b3eb1c0 DEOPT PACKING pc=0x0000026e48541c90 sp=0x000000d9fddfe640
Event: 3.806 Thread 0x0000026e3b3eb1c0 DEOPT UNPACKING pc=0x0000026e47f74422 sp=0x000000d9fddfe5f0 mode 2
Event: 3.807 Thread 0x0000026e3b3eb1c0 Uncommon trap: trap_request=0xffffff45 fr.pc=0x0000026e485417f4 relative=0x00000000000000d4
Event: 3.807 Thread 0x0000026e3b3eb1c0 Uncommon trap: reason=unstable_if action=reinterpret pc=0x0000026e485417f4 method=java.util.concurrent.locks.ReentrantLock$Sync.tryRelease(I)Z @ 26 c2
Event: 3.807 Thread 0x0000026e3b3eb1c0 DEOPT PACKING pc=0x0000026e485417f4 sp=0x000000d9fddfe710
Event: 3.807 Thread 0x0000026e3b3eb1c0 DEOPT UNPACKING pc=0x0000026e47f74422 sp=0x000000d9fddfe6b0 mode 2
Event: 3.998 Thread 0x0000026e3b3eb1c0 Uncommon trap: trap_request=0xffffffde fr.pc=0x0000026e484f36a8 relative=0x0000000000000548
Event: 3.998 Thread 0x0000026e3b3eb1c0 Uncommon trap: reason=class_check action=maybe_recompile pc=0x0000026e484f36a8 method=java.util.HashMap.putVal(ILjava/lang/Object;Ljava/lang/Object;ZZ)Ljava/lang/Object; @ 253 c2
Event: 3.998 Thread 0x0000026e3b3eb1c0 DEOPT PACKING pc=0x0000026e484f36a8 sp=0x000000d9fddfe000
Event: 3.998 Thread 0x0000026e3b3eb1c0 DEOPT UNPACKING pc=0x0000026e47f74422 sp=0x000000d9fddfdfb0 mode 2
Event: 4.000 Thread 0x0000026e3b3eb1c0 Uncommon trap: trap_request=0xffffffde fr.pc=0x0000026e484f36a8 relative=0x0000000000000548
Event: 4.001 Thread 0x0000026e3b3eb1c0 Uncommon trap: reason=class_check action=maybe_recompile pc=0x0000026e484f36a8 method=java.util.HashMap.putVal(ILjava/lang/Object;Ljava/lang/Object;ZZ)Ljava/lang/Object; @ 253 c2
Event: 4.001 Thread 0x0000026e3b3eb1c0 DEOPT PACKING pc=0x0000026e484f36a8 sp=0x000000d9fddfe000
Event: 4.001 Thread 0x0000026e3b3eb1c0 DEOPT UNPACKING pc=0x0000026e47f74422 sp=0x000000d9fddfdfb0 mode 2

Classes loaded (20 events):
Event: 3.956 Loading class java/util/ArrayList$ListItr
Event: 3.956 Loading class java/util/ArrayList$ListItr done
Event: 3.961 Loading class java/net/ContentHandlerFactory
Event: 3.961 Loading class java/net/ContentHandlerFactory done
Event: 4.000 Loading class java/util/ConcurrentModificationException
Event: 4.000 Loading class java/util/ConcurrentModificationException done
Event: 4.021 Loading class java/util/LinkedList
Event: 4.021 Loading class java/util/AbstractSequentialList
Event: 4.021 Loading class java/util/AbstractSequentialList done
Event: 4.021 Loading class java/util/LinkedList done
Event: 4.032 Loading class java/net/ContentHandler
Event: 4.032 Loading class java/net/ContentHandler done
Event: 4.034 Loading class java/net/UrlDeserializedState
Event: 4.034 Loading class java/net/UrlDeserializedState done
Event: 4.034 Loading class java/lang/reflect/InaccessibleObjectException
Event: 4.035 Loading class java/lang/reflect/InaccessibleObjectException done
Event: 4.040 Loading class java/lang/StackWalker$Option
Event: 4.040 Loading class java/lang/StackWalker$Option done
Event: 4.071 Loading class javax/xml/parsers/ParserConfigurationException
Event: 4.072 Loading class javax/xml/parsers/ParserConfigurationException done

Classes unloaded (0 events):
No events

Classes redefined (0 events):
No events

Internal exceptions (20 events):
Event: 3.048 Thread 0x0000026e3b3eb1c0 Exception <a 'java/lang/NoSuchMethodError'{0x00000000898fb3f0}: 'java.lang.Object java.lang.invoke.DirectMethodHandle$Holder.invokeInterface(java.lang.Object, java.lang.Object, int)'> (0x00000000898fb3f0) 
thrown [s\src\hotspot\share\interpreter\linkResolver.cpp, line 773]
Event: 3.236 Thread 0x0000026e3b3eb1c0 Exception <a 'java/lang/NoSuchMethodError'{0x000000008936a888}: 'java.lang.ClassLoader java.lang.ClassLoader.getPlatformClassLoader(java.lang.Class)'> (0x000000008936a888) 
thrown [s\src\hotspot\share\interpreter\linkResolver.cpp, line 773]
Event: 3.318 Thread 0x0000026e3b3eb1c0 Exception <a 'java/lang/ClassNotFoundException'{0x000000008a6b99d0}: sun/net/www/protocol/c/Handler> (0x000000008a6b99d0) 
thrown [s\src\hotspot\share\classfile\systemDictionary.cpp, line 312]
Event: 3.319 Thread 0x0000026e3b3eb1c0 Exception <a 'java/lang/ClassNotFoundException'{0x000000008a6bad78}: sun/net/www/protocol/c/Handler> (0x000000008a6bad78) 
thrown [s\src\hotspot\share\classfile\systemDictionary.cpp, line 312]
Event: 3.319 Thread 0x0000026e3b3eb1c0 Exception <a 'java/lang/ClassNotFoundException'{0x000000008a6bbf60}: sun/net/www/protocol/c/Handler> (0x000000008a6bbf60) 
thrown [s\src\hotspot\share\classfile\systemDictionary.cpp, line 312]
Event: 3.330 Thread 0x0000026e3b3eb1c0 Exception <a 'java/io/FileNotFoundException'{0x000000008a6e4400}> (0x000000008a6e4400) 
thrown [s\src\hotspot\share\prims\jni.cpp, line 520]
Event: 3.374 Thread 0x0000026e3b3eb1c0 Implicit null exception at 0x0000026e4851c6e6 to 0x0000026e4851c792
Event: 3.375 Thread 0x0000026e3b3eb1c0 Implicit null exception at 0x0000026e4852861a to 0x0000026e48528838
Event: 3.375 Thread 0x0000026e3b3eb1c0 Exception <a 'java/lang/NoSuchMethodError'{0x000000008a414658}: 'void java.lang.invoke.DirectMethodHandle$Holder.invokeStatic(java.lang.Object, java.lang.Object, java.lang.Object, java.lang.Object)'> (0x000000008a414658) 
thrown [s\src\hotspot\share\interpreter\linkResolver.cpp, line 773]
Event: 3.377 Thread 0x0000026e3b3eb1c0 Implicit null exception at 0x0000026e48521dc0 to 0x0000026e48522094
Event: 3.377 Thread 0x0000026e3b3eb1c0 Implicit null exception at 0x0000026e4851f8c0 to 0x0000026e4851f945
Event: 3.472 Thread 0x0000026e3b3eb1c0 Exception <a 'java/lang/NoSuchMethodError'{0x000000008a297b78}: 'void java.lang.invoke.DirectMethodHandle$Holder.invokeSpecial(java.lang.Object, java.lang.Object, java.lang.Object)'> (0x000000008a297b78) 
thrown [s\src\hotspot\share\interpreter\linkResolver.cpp, line 773]
Event: 3.755 Thread 0x0000026e3b3eb1c0 Exception <a 'java/lang/NoSuchMethodError'{0x00000000899b0018}: 'int java.lang.invoke.DirectMethodHandle$Holder.invokeVirtual(java.lang.Object, java.lang.Object)'> (0x00000000899b0018) 
thrown [s\src\hotspot\share\interpreter\linkResolver.cpp, line 773]
Event: 3.857 Thread 0x0000026e3b3eb1c0 Exception <a 'java/lang/NoSuchMethodError'{0x0000000089725df0}: 'int java.lang.invoke.DirectMethodHandle$Holder.invokeStaticInit(java.lang.Object, java.lang.Object, java.lang.Object, java.lang.Object)'> (0x0000000089725df0) 
thrown [s\src\hotspot\share\interpreter\linkResolver.cpp, line 773]
Event: 3.860 Thread 0x0000026e3b3eb1c0 Exception <a 'java/lang/IncompatibleClassChangeError'{0x000000008972e1f8}: Found class java.lang.Object, but interface was expected> (0x000000008972e1f8) 
thrown [s\src\hotspot\share\interpreter\linkResolver.cpp, line 840]
Event: 3.862 Thread 0x0000026e3b3eb1c0 Exception <a 'java/lang/NoSuchMethodError'{0x00000000897347c8}: 'void java.lang.invoke.DirectMethodHandle$Holder.invokeStaticInit(java.lang.Object, java.lang.Object)'> (0x00000000897347c8) 
thrown [s\src\hotspot\share\interpreter\linkResolver.cpp, line 773]
Event: 3.863 Thread 0x0000026e3b3eb1c0 Exception <a 'java/lang/NoSuchMethodError'{0x000000008973da20}: 'int java.lang.invoke.DirectMethodHandle$Holder.invokeStaticInit(java.lang.Object, java.lang.Object)'> (0x000000008973da20) 
thrown [s\src\hotspot\share\interpreter\linkResolver.cpp, line 773]
Event: 3.978 Thread 0x0000026e3b3eb1c0 Exception <a 'java/lang/NoSuchMethodError'{0x00000000895900c8}: 'java.lang.Object java.lang.invoke.DirectMethodHandle$Holder.newInvokeSpecial(java.lang.Object, int, java.lang.Object)'> (0x00000000895900c8) 
thrown [s\src\hotspot\share\interpreter\linkResolver.cpp, line 773]
Event: 4.043 Thread 0x0000026e3b3eb1c0 Exception <a 'java/lang/ClassNotFoundException'{0x00000000893a8450}: sun/net/www/protocol/plurl/Handler> (0x00000000893a8450) 
thrown [s\src\hotspot\share\classfile\systemDictionary.cpp, line 312]
Event: 4.043 Thread 0x0000026e3b3eb1c0 Exception <a 'java/lang/ClassNotFoundException'{0x00000000893a92d0}: sun/net/www/protocol/plurl/Handler> (0x00000000893a92d0) 
thrown [s\src\hotspot\share\classfile\systemDictionary.cpp, line 312]

ZGC Phase Switch (0 events):
No events

VM Operations (20 events):
Event: 2.788 Executing safepoint VM operation: Cleanup done
Event: 2.877 Executing non-safepoint VM operation: HandshakeAllThreads (Deoptimize)
Event: 2.877 Executing non-safepoint VM operation: HandshakeAllThreads (Deoptimize) done
Event: 2.908 Executing non-safepoint VM operation: HandshakeAllThreads (Deoptimize)
Event: 2.908 Executing non-safepoint VM operation: HandshakeAllThreads (Deoptimize) done
Event: 3.272 Executing safepoint VM operation: G1CollectForAllocation (G1 Evacuation Pause)
Event: 3.279 Executing safepoint VM operation: G1CollectForAllocation (G1 Evacuation Pause) done
Event: 3.297 Executing non-safepoint VM operation: HandshakeAllThreads (Deoptimize)
Event: 3.297 Executing non-safepoint VM operation: HandshakeAllThreads (Deoptimize) done
Event: 3.933 Executing safepoint VM operation: ICBufferFull
Event: 3.933 Executing safepoint VM operation: ICBufferFull done
Event: 3.937 Executing non-safepoint VM operation: HandshakeAllThreads (Deoptimize)
Event: 3.937 Executing non-safepoint VM operation: HandshakeAllThreads (Deoptimize) done
Event: 3.956 Executing non-safepoint VM operation: HandshakeAllThreads (Deoptimize)
Event: 3.957 Executing non-safepoint VM operation: HandshakeAllThreads (Deoptimize) done
Event: 4.022 Executing non-safepoint VM operation: HandshakeAllThreads (Deoptimize)
Event: 4.022 Executing non-safepoint VM operation: HandshakeAllThreads (Deoptimize) done
Event: 4.037 Executing non-safepoint VM operation: HandshakeAllThreads (Deoptimize)
Event: 4.037 Executing non-safepoint VM operation: HandshakeAllThreads (Deoptimize) done
Event: 5.049 Executing safepoint VM operation: Cleanup

Memory protections (0 events):
No events

Nmethod flushes (0 events):
No events

Events (14 events):
Event: 0.104 Thread 0x0000026e3b3eb1c0 Thread added: 0x0000026e3b3eb1c0
Event: 0.147 Thread 0x0000026e3b3eb1c0 Thread added: 0x0000026e54ea3a50
Event: 0.147 Thread 0x0000026e3b3eb1c0 Thread added: 0x0000026e54ea63e0
Event: 0.148 Thread 0x0000026e3b3eb1c0 Thread added: 0x0000026e54eacb30
Event: 0.148 Thread 0x0000026e3b3eb1c0 Thread added: 0x0000026e54eaf5a0
Event: 0.148 Thread 0x0000026e3b3eb1c0 Thread added: 0x0000026e54eb0d20
Event: 0.148 Thread 0x0000026e3b3eb1c0 Thread added: 0x0000026e54eb25d0
Event: 0.149 Thread 0x0000026e3b3eb1c0 Thread added: 0x0000026e54ec2130
Event: 0.149 Thread 0x0000026e3b3eb1c0 Thread added: 0x0000026e54ec3b50
Event: 0.244 Thread 0x0000026e3b3eb1c0 Thread added: 0x0000026e9a2c9740
Event: 0.384 Thread 0x0000026e54ec3b50 Thread added: 0x0000026e9a298160
Event: 0.525 Thread 0x0000026e3b3eb1c0 Thread added: 0x0000026e9a325370
Event: 2.878 Thread 0x0000026e54ec3b50 Thread added: 0x0000026e9a79d820
Event: 3.917 Thread 0x0000026e3b3eb1c0 Thread added: 0x0000026e9a6f2330


Dynamic libraries:
0x00007ff7e38f0000 - 0x00007ff7e38fe000 	c:\Users\91878\.vscode\extensions\redhat.java-1.53.0-win32-x64\jre\21.0.10-win32-x86_64\bin\java.exe
0x00007fffb39c0000 - 0x00007fffb3c27000 	C:\WINDOWS\SYSTEM32\ntdll.dll
0x00007fffb21e0000 - 0x00007fffb22a9000 	C:\WINDOWS\System32\KERNEL32.DLL
0x00007fffb0350000 - 0x00007fffb0741000 	C:\WINDOWS\System32\KERNELBASE.dll
0x00007fffb0750000 - 0x00007fffb089b000 	C:\WINDOWS\System32\ucrtbase.dll
0x00007fff8f780000 - 0x00007fff8f798000 	c:\Users\91878\.vscode\extensions\redhat.java-1.53.0-win32-x64\jre\21.0.10-win32-x86_64\bin\jli.dll
0x00007fff80b90000 - 0x00007fff80bae000 	c:\Users\91878\.vscode\extensions\redhat.java-1.53.0-win32-x64\jre\21.0.10-win32-x86_64\bin\VCRUNTIME140.dll
0x00007fffb1a80000 - 0x00007fffb1c45000 	C:\WINDOWS\System32\USER32.dll
0x00007fffb1730000 - 0x00007fffb1757000 	C:\WINDOWS\System32\win32u.dll
0x00007fff94d90000 - 0x00007fff95023000 	C:\WINDOWS\WinSxS\amd64_microsoft.windows.common-controls_6595b64144ccf1df_6.0.26100.8037_none_3e092faae333b53b\COMCTL32.dll
0x00007fffb3500000 - 0x00007fffb352b000 	C:\WINDOWS\System32\GDI32.dll
0x00007fffb08a0000 - 0x00007fffb09cb000 	C:\WINDOWS\System32\gdi32full.dll
0x00007fffb02a0000 - 0x00007fffb0343000 	C:\WINDOWS\System32\msvcp_win.dll
0x00007fffb1830000 - 0x00007fffb18d9000 	C:\WINDOWS\System32\msvcrt.dll
0x00007fffb1d50000 - 0x00007fffb1d81000 	C:\WINDOWS\System32\IMM32.DLL
0x00007fffaae70000 - 0x00007fffaae7c000 	c:\Users\91878\.vscode\extensions\redhat.java-1.53.0-win32-x64\jre\21.0.10-win32-x86_64\bin\vcruntime140_1.dll
0x00007fff6c010000 - 0x00007fff6c09d000 	c:\Users\91878\.vscode\extensions\redhat.java-1.53.0-win32-x64\jre\21.0.10-win32-x86_64\bin\msvcp140.dll
0x00007fff17c50000 - 0x00007fff189f1000 	c:\Users\91878\.vscode\extensions\redhat.java-1.53.0-win32-x64\jre\21.0.10-win32-x86_64\bin\server\jvm.dll
0x00007fffb3530000 - 0x00007fffb35eb000 	C:\WINDOWS\System32\ADVAPI32.dll
0x00007fffb1d90000 - 0x00007fffb1e37000 	C:\WINDOWS\System32\sechost.dll
0x00007fffb2770000 - 0x00007fffb2888000 	C:\WINDOWS\System32\RPCRT4.dll
0x00007fffb2350000 - 0x00007fffb23c4000 	C:\WINDOWS\System32\WS2_32.dll
0x00007fff9e320000 - 0x00007fff9e355000 	C:\WINDOWS\SYSTEM32\WINMM.dll
0x00007fffaa8e0000 - 0x00007fffaa8eb000 	C:\WINDOWS\SYSTEM32\VERSION.dll
0x00007fffb0100000 - 0x00007fffb015e000 	C:\WINDOWS\SYSTEM32\POWRPROF.dll
0x00007fffb00e0000 - 0x00007fffb00f4000 	C:\WINDOWS\SYSTEM32\UMPDC.dll
0x00007fffaf030000 - 0x00007fffaf04b000 	C:\WINDOWS\SYSTEM32\kernel.appcore.dll
0x00007fff9a1b0000 - 0x00007fff9a1ba000 	c:\Users\91878\.vscode\extensions\redhat.java-1.53.0-win32-x64\jre\21.0.10-win32-x86_64\bin\jimage.dll
0x00007fffa1590000 - 0x00007fffa17d2000 	C:\WINDOWS\SYSTEM32\DBGHELP.DLL
0x00007fffb35f0000 - 0x00007fffb3972000 	C:\WINDOWS\System32\combase.dll
0x00007fffb1f60000 - 0x00007fffb2037000 	C:\WINDOWS\System32\OLEAUT32.dll
0x00007fff80790000 - 0x00007fff807cb000 	C:\WINDOWS\SYSTEM32\dbgcore.DLL
0x00007fffb09d0000 - 0x00007fffb0a75000 	C:\WINDOWS\System32\bcryptPrimitives.dll
0x00007fff95080000 - 0x00007fff9508f000 	c:\Users\91878\.vscode\extensions\redhat.java-1.53.0-win32-x64\jre\21.0.10-win32-x86_64\bin\instrument.dll
0x00007fff7f690000 - 0x00007fff7f6b0000 	c:\Users\91878\.vscode\extensions\redhat.java-1.53.0-win32-x64\jre\21.0.10-win32-x86_64\bin\java.dll
0x00007fffb2890000 - 0x00007fffb2fef000 	C:\WINDOWS\System32\SHELL32.dll
0x00007fffb0bd0000 - 0x00007fffb0d3a000 	C:\WINDOWS\System32\wintypes.dll
0x00007fffb0d40000 - 0x00007fffb15a4000 	C:\WINDOWS\System32\windows.storage.dll
0x00007fffb1e60000 - 0x00007fffb1f57000 	C:\WINDOWS\System32\SHCORE.dll
0x00007fffb22b0000 - 0x00007fffb2317000 	C:\WINDOWS\System32\shlwapi.dll
0x00007fffb01c0000 - 0x00007fffb01e9000 	C:\WINDOWS\SYSTEM32\profapi.dll
0x00007fff9f450000 - 0x00007fff9f468000 	c:\Users\91878\.vscode\extensions\redhat.java-1.53.0-win32-x64\jre\21.0.10-win32-x86_64\bin\zip.dll
0x00007fffabba0000 - 0x00007fffabbb0000 	C:\Users\91878\.vscode\extensions\redhat.java-1.53.0-win32-x64\jre\21.0.10-win32-x86_64\bin\net.dll
0x00007fffa9b50000 - 0x00007fffa9c77000 	C:\WINDOWS\SYSTEM32\WINHTTP.dll
0x00007fffaf5a0000 - 0x00007fffaf60b000 	C:\WINDOWS\system32\mswsock.dll
0x00007fff9d330000 - 0x00007fff9d346000 	C:\Users\91878\.vscode\extensions\redhat.java-1.53.0-win32-x64\jre\21.0.10-win32-x86_64\bin\nio.dll
0x00007fff919b0000 - 0x00007fff919c0000 	c:\Users\91878\.vscode\extensions\redhat.java-1.53.0-win32-x64\jre\21.0.10-win32-x86_64\bin\verify.dll

JVMTI agents:
c:\Users\91878\.vscode\extensions\redhat.java-1.53.0-win32-x64\lombok\lombok-1.18.39-4050.jar path:c:\Users\91878\.vscode\extensions\redhat.java-1.53.0-win32-x64\jre\21.0.10-win32-x86_64\bin\instrument.dll, loaded, initialized, instrumentlib options:none

dbghelp: loaded successfully - version: 4.0.5 - missing functions: none
symbol engine: initialized successfully - sym options: 0x614 - pdb path: .;c:\Users\91878\.vscode\extensions\redhat.java-1.53.0-win32-x64\jre\21.0.10-win32-x86_64\bin;C:\WINDOWS\SYSTEM32;C:\WINDOWS\WinSxS\amd64_microsoft.windows.common-controls_6595b64144ccf1df_6.0.26100.8037_none_3e092faae333b53b;c:\Users\91878\.vscode\extensions\redhat.java-1.53.0-win32-x64\jre\21.0.10-win32-x86_64\bin\server

VM Arguments:
jvm_args: --add-modules=ALL-SYSTEM --add-opens=java.base/java.util=ALL-UNNAMED --add-opens=java.base/java.lang=ALL-UNNAMED --add-opens=java.base/sun.nio.fs=ALL-UNNAMED -Declipse.application=org.eclipse.jdt.ls.core.id1 -Dosgi.bundles.defaultStartLevel=4 -Declipse.product=org.eclipse.jdt.ls.core.product -Djava.import.generatesMetadataFilesAtProjectRoot=false -DDetectVMInstallationsJob.disabled=true -Dfile.encoding=utf8 -Xlog:disable -javaagent:c:\Users\91878\.vscode\extensions\redhat.java-1.53.0-win32-x64\lombok\lombok-1.18.39-4050.jar 
java_command: c:\Users\91878\.vscode\extensions\redhat.java-1.53.0-win32-x64\server\plugins\org.eclipse.equinox.launcher_1.7.100.v20251111-0406.jar -configuration c:\Users\91878\AppData\Roaming\Code\User\globalStorage\redhat.java\1.53.0\config_ss_win -data c:\Users\91878\AppData\Roaming\Code\User\workspaceStorage\7773cde8fc2acf502badf6c2c1cb5445\redhat.java\ss_ws --pipe=\\.\pipe\lsp-d96a69f0875c5df66f53784fbebb1615-sock
java_class_path (initial): c:\Users\91878\.vscode\extensions\redhat.java-1.53.0-win32-x64\server\plugins\org.eclipse.equinox.launcher_1.7.100.v20251111-0406.jar
Launcher Type: SUN_STANDARD

[Global flags]
     intx CICompilerCount                          = 4                                         {product} {ergonomic}
     uint ConcGCThreads                            = 2                                         {product} {ergonomic}
     uint G1ConcRefinementThreads                  = 8                                         {product} {ergonomic}
   size_t G1HeapRegionSize                         = 1048576                                   {product} {ergonomic}
    uintx GCDrainStackTargetSize                   = 64                                        {product} {ergonomic}
   size_t InitialHeapSize                          = 132120576                                 {product} {ergonomic}
   size_t MarkStackSize                            = 4194304                                   {product} {ergonomic}
   size_t MaxHeapSize                              = 2103443456                                {product} {ergonomic}
   size_t MaxNewSize                               = 1261436928                                {product} {ergonomic}
   size_t MinHeapDeltaBytes                        = 1048576                                   {product} {ergonomic}
   size_t MinHeapSize                              = 8388608                                   {product} {ergonomic}
    uintx NonNMethodCodeHeapSize                   = 5839372                                {pd product} {ergonomic}
    uintx NonProfiledCodeHeapSize                  = 122909434                              {pd product} {ergonomic}
    uintx ProfiledCodeHeapSize                     = 122909434                              {pd product} {ergonomic}
    uintx ReservedCodeCacheSize                    = 251658240                              {pd product} {ergonomic}
     bool SegmentedCodeCache                       = true                                      {product} {ergonomic}
   size_t SoftMaxHeapSize                          = 2103443456                             {manageable} {ergonomic}
     bool UseCompressedOops                        = true                           {product lp64_product} {ergonomic}
     bool UseG1GC                                  = true                                      {product} {ergonomic}
     bool UseLargePagesIndividualAllocation        = false                                  {pd product} {ergonomic}

Logging:
Log output configuration:
 #0: stdout all=off uptime,level,tags foldmultilines=false
 #1: stderr all=off uptime,level,tags foldmultilines=false

Release file:
JAVA_VERSION="21.0.10" 
MODULES="java.base java.compiler java.datatransfer java.xml java.prefs java.desktop java.instrument java.logging java.management java.security.sasl java.naming java.rmi java.management.rmi java.net.http java.scripting java.security.jgss java.transaction.xa java.sql java.sql.rowset java.xml.crypto java.se java.smartcardio jdk.accessibility jdk.internal.jvmstat jdk.attach jdk.charsets jdk.internal.opt jdk.zipfs jdk.compiler jdk.crypto.ec jdk.crypto.cryptoki jdk.crypto.mscapi jdk.dynalink jdk.internal.ed jdk.editpad jdk.hotspot.agent jdk.httpserver jdk.internal.le jdk.internal.vm.ci jdk.internal.vm.compiler jdk.internal.vm.compiler.management jdk.jartool jdk.javadoc jdk.jcmd jdk.management jdk.management.agent jdk.jconsole jdk.jdeps jdk.jdwp.agent jdk.jdi jdk.jfr jdk.jshell jdk.jsobject jdk.jstatd jdk.localedata jdk.management.jfr jdk.naming.dns jdk.naming.rmi jdk.net jdk.nio.mapmode jdk.random jdk.sctp jdk.security.auth jdk.security.jgss jdk.unsupported jdk.unsupported.desktop jdk.xml.dom" 

Environment Variables:
JAVA_HOME=C:\Program Files\Java\jdk-25
PATH=C:\Users\91878\AppData\Local\Programs\Microsoft VS Code;C:\Program Files\Common Files\Oracle\Java\javapath;C:\MinGW\bin;C:\Windows;C:\Windows\System32\Wbem;C:\Windows\System32\WindowsPowerShell\v1.0\;C:\Windows\System32\OpenSSH\;C:\Program Files (x86)\NVIDIA Corporation\PhysX\Common;C:\Program Files\NVIDIA Corporation\NVIDIA NvDLISR;C:\WINDOWS\system32;C:\WINDOWS;C:\WINDOWS\System32\Wbem;C:\WINDOWS\System32\WindowsPowerShell\v1.0\;C:\WINDOWS\System32\OpenSSH\;C:\Program Files (x86)\Microsoft SQL Server\Client SDK\ODBC\110\Tools\Binn\;C:\Program Files\Microsoft SQL Server\Client SDK\ODBC\110\Tools\Binn\;C:\Program Files\MySQL\MySQL Server 5.5\bin;C:\Program Files\dotnet\;C:\Program Files (x86)\Windows Kits\10\Windows Performance Toolkit\;C:\Program Files\nodejs\;C:\Program Files\gnuplot\bin;C:\Program Files\Git\cmd;C:\Users\91878\AppData\Local\Microsoft\WindowsApps;C:\Users\91878\AppData\Local\Programs\Microsoft VS Code\bin;C:\Users\91878\AppData\Roaming\npm;C:\Program Files\MongoDB\Server\8.2\bin;C:\Program Files\JetBrains\IntelliJ IDEA 2025.3.1.1\bin;C:\Users\91878\AppData\Local\Programs\cursor\resources\app\bin
USERNAME=91878
OS=Windows_NT
PROCESSOR_IDENTIFIER=Intel64 Family 6 Model 142 Stepping 12, GenuineIntel
TMP=C:\Users\91878\AppData\Local\Temp
TEMP=C:\Users\91878\AppData\Local\Temp




Periodic native trim disabled

---------------  S Y S T E M  ---------------

OS:
 Windows 11 , 64 bit Build 26100 (10.0.26100.7920)
OS uptime: 1 days 8:42 hours

CPU: total 8 (initial active 8) (4 cores per cpu, 2 threads per core) family 6 model 142 stepping 12 microcode 0xde, cx8, cmov, fxsr, ht, mmx, 3dnowpref, sse, sse2, sse3, ssse3, sse4.1, sse4.2, popcnt, lzcnt, tsc, tscinvbit, avx, avx2, aes, erms, clmul, bmi1, bmi2, adx, fma, vzeroupper, clflush, clflushopt, rdtscp, f16c
Processor Information for the first 8 processors :
  Max Mhz: 2112, Current Mhz: 1609, Mhz Limit: 1605

Memory: 4k page, system-wide physical 8020M (1025M free)
TotalPageFile size 9918M (AvailPageFile size 5M)
current process WorkingSet (physical memory assigned to process): 92M, peak: 92M
current process commit charge ("private bytes"): 226M, peak: 227M

vm_info: OpenJDK 64-Bit Server VM (21.0.10+7-LTS) for windows-amd64 JRE (21.0.10+7-LTS), built on 2026-01-20T00:00:00Z by "admin" with MS VC++ 17.12 (VS2022)

END.
